13:44:41 **** Rebuild of configuration Debug for project PrimerParcialLaboratorio ****
Info: Internal Builder is used for build
gcc -O0 -g3 -Wall -c -fmessage-length=0 -o "src\\Transporte.o" "..\\src\\Transporte.c" 
gcc -O0 -g3 -Wall -c -fmessage-length=0 -o "src\\Tipo.o" "..\\src\\Tipo.c" 
gcc -O0 -g3 -Wall -c -fmessage-length=0 -o "src\\HojaDeRuta.o" "..\\src\\HojaDeRuta.c" 
gcc -O0 -g3 -Wall -c -fmessage-length=0 -o "src\\PrimerParcialLaboratorio.o" "..\\src\\PrimerParcialLaboratorio.c" 
gcc -O0 -g3 -Wall -c -fmessage-length=0 -o "src\\Validaciones.o" "..\\src\\Validaciones.c" 
gcc -o PrimerParcialLaboratorio.exe "src\\HojaDeRuta.o" "src\\PrimerParcialLaboratorio.o" "src\\Tipo.o" "src\\Transporte.o" "src\\Validaciones.o" 
Info: Nothing to build for PrimerParcialLaboratorio
13:59:55 **** Incremental Build of configuration Debug for project PrimerParcialLaboratorio ****
Info: Internal Builder is used for build
gcc -O0 -g3 -Wall -c -fmessage-length=0 -o "src\\PrimerParcialLaboratorio.o" "..\\src\\PrimerParcialLaboratorio.c" 
..\src\PrimerParcialLaboratorio.c: In function 'main':
..\src\PrimerParcialLaboratorio.c:64:57: error: '(transporte *)&transportes' is a pointer; did you mean to use '->'?
   64 |    orderStruct(transportes, CANT_TRANSPORTE, transportes.descripcion);
      |                                                         ^
      |                                                         ->
14:00:44 **** Incremental Build of configuration Debug for project PrimerParcialLaboratorio ****
Info: Internal Builder is used for build
gcc -O0 -g3 -Wall -c -fmessage-length=0 -o "src\\Transporte.o" "..\\src\\Transporte.c" 
..\src\Transporte.c: In function 'orderStruct':
..\src\Transporte.c:265:15: error: incompatible types when assigning to type 'int' from type 'transporte' {aka 'struct <anonymous>'}
  265 |      buffer = transportes[i];
      |               ^~~~~~~~~~~
..\src\Transporte.c:267:27: error: incompatible types when assigning to type 'transporte' {aka 'struct <anonymous>'} from type 'int'
  267 |      transportes[i + 1] = buffer;
      |                           ^~~~~~
14:01:11 **** Incremental Build of configuration Debug for project PrimerParcialLaboratorio ****
Info: Internal Builder is used for build
gcc -O0 -g3 -Wall -c -fmessage-length=0 -o "src\\PrimerParcialLaboratorio.o" "..\\src\\PrimerParcialLaboratorio.c" 
..\src\PrimerParcialLaboratorio.c: In function 'main':
..\src\PrimerParcialLaboratorio.c:64:57: error: '(transporte *)&transportes' is a pointer; did you mean to use '->'?
   64 |    orderStruct(transportes, CANT_TRANSPORTE, transportes.descripcion);
      |                                                         ^
      |                                                         ->
14:01:34 **** Incremental Build of configuration Debug for project PrimerParcialLaboratorio ****
Info: Internal Builder is used for build
gcc -O0 -g3 -Wall -c -fmessage-length=0 -o "src\\PrimerParcialLaboratorio.o" "..\\src\\PrimerParcialLaboratorio.c" 
..\src\PrimerParcialLaboratorio.c: In function 'main':
..\src\PrimerParcialLaboratorio.c:64:58: error: '(transporte *)&transportes' is a pointer; did you mean to use '->'?
   64 |    orderStruct(&transportes, CANT_TRANSPORTE, transportes.descripcion);
      |                                                          ^
      |                                                          ->
..\src\PrimerParcialLaboratorio.c:64:16: warning: passing argument 1 of 'orderStruct' from incompatible pointer type [-Wincompatible-pointer-types]
   64 |    orderStruct(&transportes, CANT_TRANSPORTE, transportes.descripcion);
      |                ^~~~~~~~~~~~
      |                |
      |                transporte (*)[5] {aka struct <anonymous> (*)[5]}
In file included from ..\src\PrimerParcialLaboratorio.c:23:
..\src\Transporte.h:25:28: note: expected 'transporte *' {aka 'struct <anonymous> *'} but argument is of type 'transporte (*)[5]' {aka 'struct <anonymous> (*)[5]'}
   25 | int orderStruct(transporte transportes[], int len, char des[]);
      |                 ~~~~~~~~~~~^~~~~~~~~~~~~
14:02:05 **** Incremental Build of configuration Debug for project PrimerParcialLaboratorio ****
Info: Internal Builder is used for build
gcc -O0 -g3 -Wall -c -fmessage-length=0 -o "src\\PrimerParcialLaboratorio.o" "..\\src\\PrimerParcialLaboratorio.c" 
..\src\PrimerParcialLaboratorio.c: In function 'main':
..\src\PrimerParcialLaboratorio.c:64:58: error: '(transporte *)&transportes' is a pointer; did you mean to use '->'?
   64 |    orderStruct(&transportes, CANT_TRANSPORTE, transportes.descripcion);
      |                                                          ^
      |                                                          ->
..\src\PrimerParcialLaboratorio.c:64:16: warning: passing argument 1 of 'orderStruct' from incompatible pointer type [-Wincompatible-pointer-types]
   64 |    orderStruct(&transportes, CANT_TRANSPORTE, transportes.descripcion);
      |                ^~~~~~~~~~~~
      |                |
      |                transporte (*)[5] {aka struct <anonymous> (*)[5]}
In file included from ..\src\PrimerParcialLaboratorio.c:23:
..\src\Transporte.h:25:28: note: expected 'transporte *' {aka 'struct <anonymous> *'} but argument is of type 'transporte (*)[5]' {aka 'struct <anonymous> (*)[5]'}
   25 | int orderStruct(transporte transportes[], int len, char des[]);
      |                 ~~~~~~~~~~~^~~~~~~~~~~~~
14:02:51 **** Incremental Build of configuration Debug for project PrimerParcialLaboratorio ****
Info: Internal Builder is used for build
gcc -O0 -g3 -Wall -c -fmessage-length=0 -o "src\\Transporte.o" "..\\src\\Transporte.c" 
gcc -O0 -g3 -Wall -c -fmessage-length=0 -o "src\\PrimerParcialLaboratorio.o" "..\\src\\PrimerParcialLaboratorio.c" 
..\src\PrimerParcialLaboratorio.c: In function 'main':
..\src\PrimerParcialLaboratorio.c:64:58: error: '(transporte *)&transportes' is a pointer; did you mean to use '->'?
   64 |    orderStruct(&transportes, CANT_TRANSPORTE, transportes.descripcion);
      |                                                          ^
      |                                                          ->
..\src\PrimerParcialLaboratorio.c:64:16: warning: passing argument 1 of 'orderStruct' from incompatible pointer type [-Wincompatible-pointer-types]
   64 |    orderStruct(&transportes, CANT_TRANSPORTE, transportes.descripcion);
      |                ^~~~~~~~~~~~
      |                |
      |                transporte (*)[5] {aka struct <anonymous> (*)[5]}
In file included from ..\src\PrimerParcialLaboratorio.c:23:
..\src\Transporte.h:25:28: note: expected 'transporte *' {aka 'struct <anonymous> *'} but argument is of type 'transporte (*)[5]' {aka 'struct <anonymous> (*)[5]'}
   25 | int orderStruct(transporte transportes[], int len, char des[]);
      |                 ~~~~~~~~~~~^~~~~~~~~~~~~
14:03:26 **** Incremental Build of configuration Debug for project PrimerParcialLaboratorio ****
Info: Internal Builder is used for build
gcc -O0 -g3 -Wall -c -fmessage-length=0 -o "src\\PrimerParcialLaboratorio.o" "..\\src\\PrimerParcialLaboratorio.c" 
..\src\PrimerParcialLaboratorio.c: In function 'main':
..\src\PrimerParcialLaboratorio.c:64:59: error: '(transporte *)&transportes' is a pointer; did you mean to use '->'?
   64 |    orderStruct(&transportes, CANT_TRANSPORTE, *transportes.descripcion);
      |                                                           ^
      |                                                           ->
..\src\PrimerParcialLaboratorio.c:64:16: warning: passing argument 1 of 'orderStruct' from incompatible pointer type [-Wincompatible-pointer-types]
   64 |    orderStruct(&transportes, CANT_TRANSPORTE, *transportes.descripcion);
      |                ^~~~~~~~~~~~
      |                |
      |                transporte (*)[5] {aka struct <anonymous> (*)[5]}
In file included from ..\src\PrimerParcialLaboratorio.c:23:
..\src\Transporte.h:25:28: note: expected 'transporte *' {aka 'struct <anonymous> *'} but argument is of type 'transporte (*)[5]' {aka 'struct <anonymous> (*)[5]'}
   25 | int orderStruct(transporte transportes[], int len, char des[]);
      |                 ~~~~~~~~~~~^~~~~~~~~~~~~
14:05:43 **** Incremental Build of configuration Debug for project PrimerParcialLaboratorio ****
Info: Internal Builder is used for build
gcc -O0 -g3 -Wall -c -fmessage-length=0 -o "src\\Transporte.o" "..\\src\\Transporte.c" 
gcc -O0 -g3 -Wall -c -fmessage-length=0 -o "src\\PrimerParcialLaboratorio.o" "..\\src\\PrimerParcialLaboratorio.c" 
..\src\PrimerParcialLaboratorio.c: In function 'main':
..\src\PrimerParcialLaboratorio.c:64:59: error: '(transporte *)&transportes' is a pointer; did you mean to use '->'?
   64 |    orderStruct(&transportes, CANT_TRANSPORTE, *transportes.descripcion);
      |                                                           ^
      |                                                           ->
..\src\PrimerParcialLaboratorio.c:64:16: warning: passing argument 1 of 'orderStruct' from incompatible pointer type [-Wincompatible-pointer-types]
   64 |    orderStruct(&transportes, CANT_TRANSPORTE, *transportes.descripcion);
      |                ^~~~~~~~~~~~
      |                |
      |                transporte (*)[5] {aka struct <anonymous> (*)[5]}
In file included from ..\src\PrimerParcialLaboratorio.c:23:
..\src\Transporte.h:25:28: note: expected 'transporte *' {aka 'struct <anonymous> *'} but argument is of type 'transporte (*)[5]' {aka 'struct <anonymous> (*)[5]'}
   25 | int orderStruct(transporte transportes[], int len, char des[]);
      |                 ~~~~~~~~~~~^~~~~~~~~~~~~
14:05:58 **** Incremental Build of configuration Debug for project PrimerParcialLaboratorio ****
Info: Internal Builder is used for build
gcc -O0 -g3 -Wall -c -fmessage-length=0 -o "src\\PrimerParcialLaboratorio.o" "..\\src\\PrimerParcialLaboratorio.c" 
..\src\PrimerParcialLaboratorio.c: In function 'main':
..\src\PrimerParcialLaboratorio.c:64:57: error: '(transporte *)&transportes' is a pointer; did you mean to use '->'?
   64 |    orderStruct(transportes, CANT_TRANSPORTE, transportes.descripcion);
      |                                                         ^
      |                                                         ->
14:06:17 **** Incremental Build of configuration Debug for project PrimerParcialLaboratorio ****
Info: Internal Builder is used for build
gcc -O0 -g3 -Wall -c -fmessage-length=0 -o "src\\PrimerParcialLaboratorio.o" "..\\src\\PrimerParcialLaboratorio.c" 
gcc -o PrimerParcialLaboratorio.exe "src\\HojaDeRuta.o" "src\\PrimerParcialLaboratorio.o" "src\\Tipo.o" "src\\Transporte.o" "src\\Validaciones.o" 
c:/mingw/bin/../lib/gcc/mingw32/9.2.0/../../../../mingw32/bin/ld.exe: cannot open output file PrimerParcialLaboratorio.exe: Permission denied
collect2.exe: error: ld returned 1 exit status
14:06:22 **** Incremental Build of configuration Debug for project PrimerParcialLaboratorio ****
Info: Internal Builder is used for build
gcc -o PrimerParcialLaboratorio.exe "src\\HojaDeRuta.o" "src\\PrimerParcialLaboratorio.o" "src\\Tipo.o" "src\\Transporte.o" "src\\Validaciones.o" 
14:08:27 **** Incremental Build of configuration Debug for project PrimerParcialLaboratorio ****
Info: Internal Builder is used for build
gcc -O0 -g3 -Wall -c -fmessage-length=0 -o "src\\Transporte.o" "..\\src\\Transporte.c" 
gcc -o PrimerParcialLaboratorio.exe "src\\HojaDeRuta.o" "src\\PrimerParcialLaboratorio.o" "src\\Tipo.o" "src\\Transporte.o" "src\\Validaciones.o" 
c:/mingw/bin/../lib/gcc/mingw32/9.2.0/../../../../mingw32/bin/ld.exe: cannot open output file PrimerParcialLaboratorio.exe: Permission denied
collect2.exe: error: ld returned 1 exit status
14:08:30 **** Incremental Build of configuration Debug for project PrimerParcialLaboratorio ****
Info: Internal Builder is used for build
gcc -o PrimerParcialLaboratorio.exe "src\\HojaDeRuta.o" "src\\PrimerParcialLaboratorio.o" "src\\Tipo.o" "src\\Transporte.o" "src\\Validaciones.o" 
14:12:48 **** Incremental Build of configuration Debug for project PrimerParcialLaboratorio ****
Info: Internal Builder is used for build
gcc -O0 -g3 -Wall -c -fmessage-length=0 -o "src\\PrimerParcialLaboratorio.o" "..\\src\\PrimerParcialLaboratorio.c" 
gcc -O0 -g3 -Wall -c -fmessage-length=0 -o "src\\Transporte.o" "..\\src\\Transporte.c" 
gcc -o PrimerParcialLaboratorio.exe "src\\HojaDeRuta.o" "src\\PrimerParcialLaboratorio.o" "src\\Tipo.o" "src\\Transporte.o" "src\\Validaciones.o" 
c:/mingw/bin/../lib/gcc/mingw32/9.2.0/../../../../mingw32/bin/ld.exe: cannot open output file PrimerParcialLaboratorio.exe: Permission denied
collect2.exe: error: ld returned 1 exit status
14:12:51 **** Incremental Build of configuration Debug for project PrimerParcialLaboratorio ****
Info: Internal Builder is used for build
gcc -o PrimerParcialLaboratorio.exe "src\\HojaDeRuta.o" "src\\PrimerParcialLaboratorio.o" "src\\Tipo.o" "src\\Transporte.o" "src\\Validaciones.o" 
Info: Nothing to build for PrimerParcialLaboratorio
Info: Nothing to build for PrimerParcialLaboratorio
14:24:54 **** Incremental Build of configuration Debug for project PrimerParcialLaboratorio ****
Info: Internal Builder is used for build
gcc -O0 -g3 -Wall -c -fmessage-length=0 -o "src\\Transporte.o" "..\\src\\Transporte.c" 
gcc -O0 -g3 -Wall -c -fmessage-length=0 -o "src\\PrimerParcialLaboratorio.o" "..\\src\\PrimerParcialLaboratorio.c" 
..\src\PrimerParcialLaboratorio.c: In function 'main':
..\src\PrimerParcialLaboratorio.c:63:4: error: too many arguments to function 'orderStruct'
   63 |    orderStruct(transportes, CANT_TRANSPORTE, transportes->descripcion);
      |    ^~~~~~~~~~~
In file included from ..\src\PrimerParcialLaboratorio.c:23:
..\src\Transporte.h:25:5: note: declared here
   25 | int orderStruct(transporte transportes[], int len);
      |     ^~~~~~~~~~~
14:25:06 **** Incremental Build of configuration Debug for project PrimerParcialLaboratorio ****
Info: Internal Builder is used for build
gcc -O0 -g3 -Wall -c -fmessage-length=0 -o "src\\PrimerParcialLaboratorio.o" "..\\src\\PrimerParcialLaboratorio.c" 
gcc -o PrimerParcialLaboratorio.exe "src\\HojaDeRuta.o" "src\\PrimerParcialLaboratorio.o" "src\\Tipo.o" "src\\Transporte.o" "src\\Validaciones.o" 
c:/mingw/bin/../lib/gcc/mingw32/9.2.0/../../../../mingw32/bin/ld.exe: cannot open output file PrimerParcialLaboratorio.exe: Permission denied
collect2.exe: error: ld returned 1 exit status
14:25:10 **** Incremental Build of configuration Debug for project PrimerParcialLaboratorio ****
Info: Internal Builder is used for build
gcc -o PrimerParcialLaboratorio.exe "src\\HojaDeRuta.o" "src\\PrimerParcialLaboratorio.o" "src\\Tipo.o" "src\\Transporte.o" "src\\Validaciones.o" 
14:29:52 **** Incremental Build of configuration Debug for project PrimerParcialLaboratorio ****
Info: Internal Builder is used for build
gcc -O0 -g3 -Wall -c -fmessage-length=0 -o "src\\Transporte.o" "..\\src\\Transporte.c" 
gcc -o PrimerParcialLaboratorio.exe "src\\HojaDeRuta.o" "src\\PrimerParcialLaboratorio.o" "src\\Tipo.o" "src\\Transporte.o" "src\\Validaciones.o" 
Info: Nothing to build for PrimerParcialLaboratorio
14:34:59 **** Incremental Build of configuration Debug for project PrimerParcialLaboratorio ****
Info: Internal Builder is used for build
gcc -O0 -g3 -Wall -c -fmessage-length=0 -o "src\\Transporte.o" "..\\src\\Transporte.c" 
..\src\Transporte.c: In function 'orderStruct':
..\src\Transporte.c:277:32: error: 'j' undeclared (first use in this function)
  277 |    auxCmp = strcmp(transportes[j].descripcion,transportes[j].descripcion);
      |                                ^
..\src\Transporte.c:277:32: note: each undeclared identifier is reported only once for each function it appears in
14:35:18 **** Incremental Build of configuration Debug for project PrimerParcialLaboratorio ****
Info: Internal Builder is used for build
gcc -O0 -g3 -Wall -c -fmessage-length=0 -o "src\\Transporte.o" "..\\src\\Transporte.c" 
gcc -o PrimerParcialLaboratorio.exe "src\\HojaDeRuta.o" "src\\PrimerParcialLaboratorio.o" "src\\Tipo.o" "src\\Transporte.o" "src\\Validaciones.o" 
c:/mingw/bin/../lib/gcc/mingw32/9.2.0/../../../../mingw32/bin/ld.exe: cannot open output file PrimerParcialLaboratorio.exe: Permission denied
collect2.exe: error: ld returned 1 exit status
14:35:22 **** Incremental Build of configuration Debug for project PrimerParcialLaboratorio ****
Info: Internal Builder is used for build
gcc -o PrimerParcialLaboratorio.exe "src\\HojaDeRuta.o" "src\\PrimerParcialLaboratorio.o" "src\\Tipo.o" "src\\Transporte.o" "src\\Validaciones.o" 
14:37:16 **** Incremental Build of configuration Debug for project PrimerParcialLaboratorio ****
Info: Internal Builder is used for build
gcc -O0 -g3 -Wall -c -fmessage-length=0 -o "src\\Transporte.o" "..\\src\\Transporte.c" 
gcc -o PrimerParcialLaboratorio.exe "src\\HojaDeRuta.o" "src\\PrimerParcialLaboratorio.o" "src\\Tipo.o" "src\\Transporte.o" "src\\Validaciones.o" 
c:/mingw/bin/../lib/gcc/mingw32/9.2.0/../../../../mingw32/bin/ld.exe: cannot open output file PrimerParcialLaboratorio.exe: Permission denied
collect2.exe: error: ld returned 1 exit status
14:37:27 **** Incremental Build of configuration Debug for project PrimerParcialLaboratorio ****
Info: Internal Builder is used for build
gcc -o PrimerParcialLaboratorio.exe "src\\HojaDeRuta.o" "src\\PrimerParcialLaboratorio.o" "src\\Tipo.o" "src\\Transporte.o" "src\\Validaciones.o" 
14:40:54 **** Incremental Build of configuration Debug for project PrimerParcialLaboratorio ****
Info: Internal Builder is used for build
gcc -O0 -g3 -Wall -c -fmessage-length=0 -o "src\\Transporte.o" "..\\src\\Transporte.c" 
gcc -o PrimerParcialLaboratorio.exe "src\\HojaDeRuta.o" "src\\PrimerParcialLaboratorio.o" "src\\Tipo.o" "src\\Transporte.o" "src\\Validaciones.o" 
c:/mingw/bin/../lib/gcc/mingw32/9.2.0/../../../../mingw32/bin/ld.exe: cannot open output file PrimerParcialLaboratorio.exe: Permission denied
collect2.exe: error: ld returned 1 exit status
14:40:59 **** Incremental Build of configuration Debug for project PrimerParcialLaboratorio ****
Info: Internal Builder is used for build
gcc -o PrimerParcialLaboratorio.exe "src\\HojaDeRuta.o" "src\\PrimerParcialLaboratorio.o" "src\\Tipo.o" "src\\Transporte.o" "src\\Validaciones.o" 
14:49:51 **** Incremental Build of configuration Debug for project PrimerParcialLaboratorio ****
Info: Internal Builder is used for build
gcc -O0 -g3 -Wall -c -fmessage-length=0 -o "src\\Transporte.o" "..\\src\\Transporte.c" 
..\src\Transporte.c:282:5: error: redefinition of 'orderStructByID'
  282 | int orderStructByID(transporte transportes[], int len) {
      |     ^~~~~~~~~~~~~~~
..\src\Transporte.c:249:5: note: previous definition of 'orderStructByID' was here
  249 | int orderStructByID(transporte transportes[], int len) {
      |     ^~~~~~~~~~~~~~~
..\src\Transporte.c: In function 'orderStructByID':
..\src\Transporte.c:285:6: warning: variable 'flagSwapDes' set but not used [-Wunused-but-set-variable]
  285 |  int flagSwapDes;
      |      ^~~~~~~~~~~
14:50:45 **** Incremental Build of configuration Debug for project PrimerParcialLaboratorio ****
Info: Internal Builder is used for build
gcc -O0 -g3 -Wall -c -fmessage-length=0 -o "src\\Transporte.o" "..\\src\\Transporte.c" 
..\src\Transporte.c:282:5: error: redefinition of 'orderStructByID'
  282 | int orderStructByID(transporte transportes[], int len) {
      |     ^~~~~~~~~~~~~~~
..\src\Transporte.c:249:5: note: previous definition of 'orderStructByID' was here
  249 | int orderStructByID(transporte transportes[], int len) {
      |     ^~~~~~~~~~~~~~~
14:52:19 **** Incremental Build of configuration Debug for project PrimerParcialLaboratorio ****
Info: Internal Builder is used for build
gcc -O0 -g3 -Wall -c -fmessage-length=0 -o "src\\PrimerParcialLaboratorio.o" "..\\src\\PrimerParcialLaboratorio.c" 
..\src\PrimerParcialLaboratorio.c: In function 'main':
..\src\PrimerParcialLaboratorio.c:64:4: warning: implicit declaration of function 'ordeStructByDes'; did you mean 'orderStructByDes'? [-Wimplicit-function-declaration]
   64 |    ordeStructByDes(transportes, CANT_TRANSPORTE);
      |    ^~~~~~~~~~~~~~~
      |    orderStructByDes
gcc -O0 -g3 -Wall -c -fmessage-length=0 -o "src\\Transporte.o" "..\\src\\Transporte.c" 
gcc -o PrimerParcialLaboratorio.exe "src\\HojaDeRuta.o" "src\\PrimerParcialLaboratorio.o" "src\\Tipo.o" "src\\Transporte.o" "src\\Validaciones.o" 
c:/mingw/bin/../lib/gcc/mingw32/9.2.0/../../../../mingw32/bin/ld.exe: cannot open output file PrimerParcialLaboratorio.exe: Permission denied
collect2.exe: error: ld returned 1 exit status
14:52:43 **** Incremental Build of configuration Debug for project PrimerParcialLaboratorio ****
Info: Internal Builder is used for build
gcc -O0 -g3 -Wall -c -fmessage-length=0 -o "src\\PrimerParcialLaboratorio.o" "..\\src\\PrimerParcialLaboratorio.c" 
gcc -o PrimerParcialLaboratorio.exe "src\\HojaDeRuta.o" "src\\PrimerParcialLaboratorio.o" "src\\Tipo.o" "src\\Transporte.o" "src\\Validaciones.o" 
c:/mingw/bin/../lib/gcc/mingw32/9.2.0/../../../../mingw32/bin/ld.exe: cannot open output file PrimerParcialLaboratorio.exe: Permission denied
collect2.exe: error: ld returned 1 exit status
14:52:46 **** Incremental Build of configuration Debug for project PrimerParcialLaboratorio ****
Info: Internal Builder is used for build
gcc -o PrimerParcialLaboratorio.exe "src\\HojaDeRuta.o" "src\\PrimerParcialLaboratorio.o" "src\\Tipo.o" "src\\Transporte.o" "src\\Validaciones.o" 
15:01:58 **** Incremental Build of configuration Debug for project PrimerParcialLaboratorio ****
Info: Internal Builder is used for build
gcc -O0 -g3 -Wall -c -fmessage-length=0 -o "src\\Transporte.o" "..\\src\\Transporte.c" 
gcc -o PrimerParcialLaboratorio.exe "src\\HojaDeRuta.o" "src\\PrimerParcialLaboratorio.o" "src\\Tipo.o" "src\\Transporte.o" "src\\Validaciones.o" 
c:/mingw/bin/../lib/gcc/mingw32/9.2.0/../../../../mingw32/bin/ld.exe: cannot open output file PrimerParcialLaboratorio.exe: Permission denied
collect2.exe: error: ld returned 1 exit status
15:02:01 **** Incremental Build of configuration Debug for project PrimerParcialLaboratorio ****
Info: Internal Builder is used for build
gcc -o PrimerParcialLaboratorio.exe "src\\HojaDeRuta.o" "src\\PrimerParcialLaboratorio.o" "src\\Tipo.o" "src\\Transporte.o" "src\\Validaciones.o" 
15:02:36 **** Incremental Build of configuration Debug for project PrimerParcialLaboratorio ****
Info: Internal Builder is used for build
gcc -O0 -g3 -Wall -c -fmessage-length=0 -o "src\\PrimerParcialLaboratorio.o" "..\\src\\PrimerParcialLaboratorio.c" 
gcc -o PrimerParcialLaboratorio.exe "src\\HojaDeRuta.o" "src\\PrimerParcialLaboratorio.o" "src\\Tipo.o" "src\\Transporte.o" "src\\Validaciones.o" 
c:/mingw/bin/../lib/gcc/mingw32/9.2.0/../../../../mingw32/bin/ld.exe: cannot open output file PrimerParcialLaboratorio.exe: Permission denied
collect2.exe: error: ld returned 1 exit status
15:02:40 **** Incremental Build of configuration Debug for project PrimerParcialLaboratorio ****
Info: Internal Builder is used for build
gcc -o PrimerParcialLaboratorio.exe "src\\HojaDeRuta.o" "src\\PrimerParcialLaboratorio.o" "src\\Tipo.o" "src\\Transporte.o" "src\\Validaciones.o" 
Info: Nothing to build for PrimerParcialLaboratorio
15:03:14 **** Incremental Build of configuration Debug for project PrimerParcialLaboratorio ****
Info: Internal Builder is used for build
gcc -O0 -g3 -Wall -c -fmessage-length=0 -o "src\\PrimerParcialLaboratorio.o" "..\\src\\PrimerParcialLaboratorio.c" 
gcc -o PrimerParcialLaboratorio.exe "src\\HojaDeRuta.o" "src\\PrimerParcialLaboratorio.o" "src\\Tipo.o" "src\\Transporte.o" "src\\Validaciones.o" 
c:/mingw/bin/../lib/gcc/mingw32/9.2.0/../../../../mingw32/bin/ld.exe: cannot open output file PrimerParcialLaboratorio.exe: Permission denied
collect2.exe: error: ld returned 1 exit status
15:03:15 **** Incremental Build of configuration Debug for project PrimerParcialLaboratorio ****
Info: Internal Builder is used for build
gcc -o PrimerParcialLaboratorio.exe "src\\HojaDeRuta.o" "src\\PrimerParcialLaboratorio.o" "src\\Tipo.o" "src\\Transporte.o" "src\\Validaciones.o" 
Info: Nothing to build for PrimerParcialLaboratorio
15:06:12 **** Incremental Build of configuration Debug for project PrimerParcialLaboratorio ****
Info: Internal Builder is used for build
gcc -O0 -g3 -Wall -c -fmessage-length=0 -o "src\\Transporte.o" "..\\src\\Transporte.c" 
gcc -o PrimerParcialLaboratorio.exe "src\\HojaDeRuta.o" "src\\PrimerParcialLaboratorio.o" "src\\Tipo.o" "src\\Transporte.o" "src\\Validaciones.o" 
c:/mingw/bin/../lib/gcc/mingw32/9.2.0/../../../../mingw32/bin/ld.exe: cannot open output file PrimerParcialLaboratorio.exe: Permission denied
collect2.exe: error: ld returned 1 exit status
15:06:15 **** Incremental Build of configuration Debug for project PrimerParcialLaboratorio ****
Info: Internal Builder is used for build
gcc -o PrimerParcialLaboratorio.exe "src\\HojaDeRuta.o" "src\\PrimerParcialLaboratorio.o" "src\\Tipo.o" "src\\Transporte.o" "src\\Validaciones.o" 
15:06:34 **** Incremental Build of configuration Debug for project PrimerParcialLaboratorio ****
Info: Internal Builder is used for build
gcc -O0 -g3 -Wall -c -fmessage-length=0 -o "src\\PrimerParcialLaboratorio.o" "..\\src\\PrimerParcialLaboratorio.c" 
gcc -o PrimerParcialLaboratorio.exe "src\\HojaDeRuta.o" "src\\PrimerParcialLaboratorio.o" "src\\Tipo.o" "src\\Transporte.o" "src\\Validaciones.o" 
c:/mingw/bin/../lib/gcc/mingw32/9.2.0/../../../../mingw32/bin/ld.exe: cannot open output file PrimerParcialLaboratorio.exe: Permission denied
collect2.exe: error: ld returned 1 exit status
15:06:38 **** Incremental Build of configuration Debug for project PrimerParcialLaboratorio ****
Info: Internal Builder is used for build
gcc -o PrimerParcialLaboratorio.exe "src\\HojaDeRuta.o" "src\\PrimerParcialLaboratorio.o" "src\\Tipo.o" "src\\Transporte.o" "src\\Validaciones.o" 
15:08:17 **** Incremental Build of configuration Debug for project PrimerParcialLaboratorio ****
Info: Internal Builder is used for build
gcc -O0 -g3 -Wall -c -fmessage-length=0 -o "src\\Transporte.o" "..\\src\\Transporte.c" 
gcc -o PrimerParcialLaboratorio.exe "src\\HojaDeRuta.o" "src\\PrimerParcialLaboratorio.o" "src\\Tipo.o" "src\\Transporte.o" "src\\Validaciones.o" 
c:/mingw/bin/../lib/gcc/mingw32/9.2.0/../../../../mingw32/bin/ld.exe: cannot open output file PrimerParcialLaboratorio.exe: Permission denied
collect2.exe: error: ld returned 1 exit status
15:08:21 **** Incremental Build of configuration Debug for project PrimerParcialLaboratorio ****
Info: Internal Builder is used for build
gcc -o PrimerParcialLaboratorio.exe "src\\HojaDeRuta.o" "src\\PrimerParcialLaboratorio.o" "src\\Tipo.o" "src\\Transporte.o" "src\\Validaciones.o" 
15:10:43 **** Incremental Build of configuration Debug for project PrimerParcialLaboratorio ****
Info: Internal Builder is used for build
gcc -O0 -g3 -Wall -c -fmessage-length=0 -o "src\\Transporte.o" "..\\src\\Transporte.c" 
gcc -o PrimerParcialLaboratorio.exe "src\\HojaDeRuta.o" "src\\PrimerParcialLaboratorio.o" "src\\Tipo.o" "src\\Transporte.o" "src\\Validaciones.o" 
c:/mingw/bin/../lib/gcc/mingw32/9.2.0/../../../../mingw32/bin/ld.exe: cannot open output file PrimerParcialLaboratorio.exe: Permission denied
collect2.exe: error: ld returned 1 exit status
15:10:47 **** Incremental Build of configuration Debug for project PrimerParcialLaboratorio ****
Info: Internal Builder is used for build
gcc -o PrimerParcialLaboratorio.exe "src\\HojaDeRuta.o" "src\\PrimerParcialLaboratorio.o" "src\\Tipo.o" "src\\Transporte.o" "src\\Validaciones.o" 
Info: Nothing to build for PrimerParcialLaboratorio
Info: Nothing to build for PrimerParcialLaboratorio
Info: Nothing to build for PrimerParcialLaboratorio
15:18:00 **** Incremental Build of configuration Debug for project PrimerParcialLaboratorio ****
Info: Internal Builder is used for build
gcc -O0 -g3 -Wall -c -fmessage-length=0 -o "src\\Tipo.o" "..\\src\\Tipo.c" 
..\src\Tipo.c:3:17: error: unknown type name 'transporte'
    3 | int listarTipos(transporte tiposID[], int len) {
      |                 ^~~~~~~~~~
15:28:11 **** Incremental Build of configuration Debug for project PrimerParcialLaboratorio ****
Info: Internal Builder is used for build
gcc -O0 -g3 -Wall -c -fmessage-length=0 -o "src\\Tipo.o" "..\\src\\Tipo.c" 
..\src\Tipo.c:3:15: error: unknown type name 'tipo'
    3 | int initTipos(tipo tipos[], int len){
      |               ^~~~
15:34:03 **** Incremental Build of configuration Debug for project PrimerParcialLaboratorio ****
Info: Internal Builder is used for build
gcc -O0 -g3 -Wall -c -fmessage-length=0 -o "src\\Tipo.o" "..\\src\\Tipo.c" 
..\src\Tipo.c: In function 'initTipos':
..\src\Tipo.c:7:25: warning: character constant too long for its type
    7 |  tipos[0].descripcion = 'CAMION RECTO';
      |                         ^~~~~~~~~~~~~~
..\src\Tipo.c:7:23: error: assignment to expression with array type
    7 |  tipos[0].descripcion = 'CAMION RECTO';
      |                       ^
..\src\Tipo.c:10:25: warning: character constant too long for its type
   10 |  tipos[1].descripcion = 'CAMION REMOLQUE';
      |                         ^~~~~~~~~~~~~~~~~
..\src\Tipo.c:10:23: error: assignment to expression with array type
   10 |  tipos[1].descripcion = 'CAMION REMOLQUE';
      |                       ^
..\src\Tipo.c:13:25: warning: character constant too long for its type
   13 |  tipos[2].descripcion = 'CAMION SEMIRREMOLQUE';
      |                         ^~~~~~~~~~~~~~~~~~~~~~
..\src\Tipo.c:13:23: error: assignment to expression with array type
   13 |  tipos[2].descripcion = 'CAMION SEMIRREMOLQUE';
      |                       ^
..\src\Tipo.c:16:25: warning: character constant too long for its type
   16 |  tipos[3].descripcion = 'CAMION ELEVADOR';
      |                         ^~~~~~~~~~~~~~~~~
..\src\Tipo.c:16:23: error: assignment to expression with array type
   16 |  tipos[3].descripcion = 'CAMION ELEVADOR';
      |                       ^
15:34:27 **** Incremental Build of configuration Debug for project PrimerParcialLaboratorio ****
Info: Internal Builder is used for build
gcc -O0 -g3 -Wall -c -fmessage-length=0 -o "src\\PrimerParcialLaboratorio.o" "..\\src\\PrimerParcialLaboratorio.c" 
..\src\PrimerParcialLaboratorio.c: In function 'main':
..\src\PrimerParcialLaboratorio.c:54:19: warning: comparison between pointer and integer
   54 |    if(transportes == CANT_TRANSPORTE){
      |                   ^~
..\src\PrimerParcialLaboratorio.c:34:7: warning: unused variable 'tipos' [-Wunused-variable]
   34 |  tipo tipos[4];
      |       ^~~~~
gcc -O0 -g3 -Wall -c -fmessage-length=0 -o "src\\Tipo.o" "..\\src\\Tipo.c" 
..\src\Tipo.c: In function 'initTipos':
..\src\Tipo.c:7:23: error: assignment to expression with array type
    7 |  tipos[0].descripcion = "CAMION RECTO";
      |                       ^
..\src\Tipo.c:10:25: warning: character constant too long for its type
   10 |  tipos[1].descripcion = 'CAMION REMOLQUE';
      |                         ^~~~~~~~~~~~~~~~~
..\src\Tipo.c:10:23: error: assignment to expression with array type
   10 |  tipos[1].descripcion = 'CAMION REMOLQUE';
      |                       ^
..\src\Tipo.c:13:25: warning: character constant too long for its type
   13 |  tipos[2].descripcion = 'CAMION SEMIRREMOLQUE';
      |                         ^~~~~~~~~~~~~~~~~~~~~~
..\src\Tipo.c:13:23: error: assignment to expression with array type
   13 |  tipos[2].descripcion = 'CAMION SEMIRREMOLQUE';
      |                       ^
..\src\Tipo.c:16:25: warning: character constant too long for its type
   16 |  tipos[3].descripcion = 'CAMION ELEVADOR';
      |                         ^~~~~~~~~~~~~~~~~
..\src\Tipo.c:16:23: error: assignment to expression with array type
   16 |  tipos[3].descripcion = 'CAMION ELEVADOR';
      |                       ^
15:35:34 **** Incremental Build of configuration Debug for project PrimerParcialLaboratorio ****
Info: Internal Builder is used for build
gcc -O0 -g3 -Wall -c -fmessage-length=0 -o "src\\Tipo.o" "..\\src\\Tipo.c" 
..\src\Tipo.c: In function 'initTipos':
..\src\Tipo.c:7:23: error: assignment to expression with array type
    7 |  tipos[0].descripcion = "Camion Recto";
      |                       ^
..\src\Tipo.c:10:25: warning: character constant too long for its type
   10 |  tipos[1].descripcion = 'Camion Remolque';
      |                         ^~~~~~~~~~~~~~~~~
..\src\Tipo.c:10:23: error: assignment to expression with array type
   10 |  tipos[1].descripcion = 'Camion Remolque';
      |                       ^
..\src\Tipo.c:13:25: warning: character constant too long for its type
   13 |  tipos[2].descripcion = 'Camion Semirremolque';
      |                         ^~~~~~~~~~~~~~~~~~~~~~
..\src\Tipo.c:13:23: error: assignment to expression with array type
   13 |  tipos[2].descripcion = 'Camion Semirremolque';
      |                       ^
..\src\Tipo.c:16:25: warning: character constant too long for its type
   16 |  tipos[3].descripcion = 'Camion Elevador';
      |                         ^~~~~~~~~~~~~~~~~
..\src\Tipo.c:16:23: error: assignment to expression with array type
   16 |  tipos[3].descripcion = 'Camion Elevador';
      |                       ^
15:35:51 **** Incremental Build of configuration Debug for project PrimerParcialLaboratorio ****
Info: Internal Builder is used for build
gcc -O0 -g3 -Wall -c -fmessage-length=0 -o "src\\Tipo.o" "..\\src\\Tipo.c" 
..\src\Tipo.c: In function 'initTipos':
..\src\Tipo.c:7:25: error: expected expression before '{' token
    7 |  tipos[0].descripcion = {Camion Recto}
      |                         ^
..\src\Tipo.c:10:25: warning: character constant too long for its type
   10 |  tipos[1].descripcion = 'Camion Remolque';
      |                         ^~~~~~~~~~~~~~~~~
..\src\Tipo.c:10:23: error: assignment to expression with array type
   10 |  tipos[1].descripcion = 'Camion Remolque';
      |                       ^
..\src\Tipo.c:13:25: warning: character constant too long for its type
   13 |  tipos[2].descripcion = 'Camion Semirremolque';
      |                         ^~~~~~~~~~~~~~~~~~~~~~
..\src\Tipo.c:13:23: error: assignment to expression with array type
   13 |  tipos[2].descripcion = 'Camion Semirremolque';
      |                       ^
..\src\Tipo.c:16:25: warning: character constant too long for its type
   16 |  tipos[3].descripcion = 'Camion Elevador';
      |                         ^~~~~~~~~~~~~~~~~
..\src\Tipo.c:16:23: error: assignment to expression with array type
   16 |  tipos[3].descripcion = 'Camion Elevador';
      |                       ^
15:35:59 **** Incremental Build of configuration Debug for project PrimerParcialLaboratorio ****
Info: Internal Builder is used for build
gcc -O0 -g3 -Wall -c -fmessage-length=0 -o "src\\Tipo.o" "..\\src\\Tipo.c" 
..\src\Tipo.c: In function 'initTipos':
..\src\Tipo.c:7:25: error: expected expression before '{' token
    7 |  tipos[0].descripcion = {"Camion Recto"}
      |                         ^
..\src\Tipo.c:10:25: warning: character constant too long for its type
   10 |  tipos[1].descripcion = 'Camion Remolque';
      |                         ^~~~~~~~~~~~~~~~~
..\src\Tipo.c:10:23: error: assignment to expression with array type
   10 |  tipos[1].descripcion = 'Camion Remolque';
      |                       ^
..\src\Tipo.c:13:25: warning: character constant too long for its type
   13 |  tipos[2].descripcion = 'Camion Semirremolque';
      |                         ^~~~~~~~~~~~~~~~~~~~~~
..\src\Tipo.c:13:23: error: assignment to expression with array type
   13 |  tipos[2].descripcion = 'Camion Semirremolque';
      |                       ^
..\src\Tipo.c:16:25: warning: character constant too long for its type
   16 |  tipos[3].descripcion = 'Camion Elevador';
      |                         ^~~~~~~~~~~~~~~~~
..\src\Tipo.c:16:23: error: assignment to expression with array type
   16 |  tipos[3].descripcion = 'Camion Elevador';
      |                       ^
15:36:30 **** Incremental Build of configuration Debug for project PrimerParcialLaboratorio ****
Info: Internal Builder is used for build
gcc -O0 -g3 -Wall -c -fmessage-length=0 -o "src\\Tipo.o" "..\\src\\Tipo.c" 
..\src\Tipo.c: In function 'initTipos':
..\src\Tipo.c:8:25: error: expected expression before '{' token
    8 |  tipos[0].descripcion = {"Camion Recto"}
      |                         ^
..\src\Tipo.c:11:25: warning: character constant too long for its type
   11 |  tipos[1].descripcion = 'Camion Remolque';
      |                         ^~~~~~~~~~~~~~~~~
..\src\Tipo.c:11:23: error: assignment to expression with array type
   11 |  tipos[1].descripcion = 'Camion Remolque';
      |                       ^
..\src\Tipo.c:14:25: warning: character constant too long for its type
   14 |  tipos[2].descripcion = 'Camion Semirremolque';
      |                         ^~~~~~~~~~~~~~~~~~~~~~
..\src\Tipo.c:14:23: error: assignment to expression with array type
   14 |  tipos[2].descripcion = 'Camion Semirremolque';
      |                       ^
..\src\Tipo.c:17:25: warning: character constant too long for its type
   17 |  tipos[3].descripcion = 'Camion Elevador';
      |                         ^~~~~~~~~~~~~~~~~
..\src\Tipo.c:17:23: error: assignment to expression with array type
   17 |  tipos[3].descripcion = 'Camion Elevador';
      |                       ^
15:37:13 **** Incremental Build of configuration Debug for project PrimerParcialLaboratorio ****
Info: Internal Builder is used for build
gcc -O0 -g3 -Wall -c -fmessage-length=0 -o "src\\Tipo.o" "..\\src\\Tipo.c" 
..\src\Tipo.c: In function 'initTipos':
..\src\Tipo.c:8:25: error: expected expression before '{' token
    8 |  tipos[0].descripcion = {"Camion Recto"}
      |                         ^
..\src\Tipo.c:12:25: warning: character constant too long for its type
   12 |  tipos[1].descripcion = 'Camion Remolque';
      |                         ^~~~~~~~~~~~~~~~~
..\src\Tipo.c:12:23: error: assignment to expression with array type
   12 |  tipos[1].descripcion = 'Camion Remolque';
      |                       ^
..\src\Tipo.c:15:25: warning: character constant too long for its type
   15 |  tipos[2].descripcion = 'Camion Semirremolque';
      |                         ^~~~~~~~~~~~~~~~~~~~~~
..\src\Tipo.c:15:23: error: assignment to expression with array type
   15 |  tipos[2].descripcion = 'Camion Semirremolque';
      |                       ^
..\src\Tipo.c:18:25: warning: character constant too long for its type
   18 |  tipos[3].descripcion = 'Camion Elevador';
      |                         ^~~~~~~~~~~~~~~~~
..\src\Tipo.c:18:23: error: assignment to expression with array type
   18 |  tipos[3].descripcion = 'Camion Elevador';
      |                       ^
15:37:23 **** Incremental Build of configuration Debug for project PrimerParcialLaboratorio ****
Info: Internal Builder is used for build
gcc -O0 -g3 -Wall -c -fmessage-length=0 -o "src\\Tipo.o" "..\\src\\Tipo.c" 
..\src\Tipo.c: In function 'initTipos':
..\src\Tipo.c:8:2: error: too few arguments to function 'strncpy'
    8 |  strncpy(tipos[0].descripcion,"Camion Recto");
      |  ^~~~~~~
In file included from ..\src\Tipo.c:3:
c:\mingw\include\string.h:86:40: note: declared here
   86 | _CRTIMP __cdecl __MINGW_NOTHROW  char *strncpy (char *, const char *, size_t);
      |                                        ^~~~~~~
..\src\Tipo.c:11:25: warning: character constant too long for its type
   11 |  tipos[1].descripcion = 'Camion Remolque';
      |                         ^~~~~~~~~~~~~~~~~
..\src\Tipo.c:11:23: error: assignment to expression with array type
   11 |  tipos[1].descripcion = 'Camion Remolque';
      |                       ^
..\src\Tipo.c:14:25: warning: character constant too long for its type
   14 |  tipos[2].descripcion = 'Camion Semirremolque';
      |                         ^~~~~~~~~~~~~~~~~~~~~~
..\src\Tipo.c:14:23: error: assignment to expression with array type
   14 |  tipos[2].descripcion = 'Camion Semirremolque';
      |                       ^
..\src\Tipo.c:17:25: warning: character constant too long for its type
   17 |  tipos[3].descripcion = 'Camion Elevador';
      |                         ^~~~~~~~~~~~~~~~~
..\src\Tipo.c:17:23: error: assignment to expression with array type
   17 |  tipos[3].descripcion = 'Camion Elevador';
      |                       ^
15:37:37 **** Incremental Build of configuration Debug for project PrimerParcialLaboratorio ****
Info: Internal Builder is used for build
gcc -O0 -g3 -Wall -c -fmessage-length=0 -o "src\\Tipo.o" "..\\src\\Tipo.c" 
..\src\Tipo.c: In function 'initTipos':
..\src\Tipo.c:11:25: warning: character constant too long for its type
   11 |  tipos[1].descripcion = 'Camion Remolque';
      |                         ^~~~~~~~~~~~~~~~~
..\src\Tipo.c:11:23: error: assignment to expression with array type
   11 |  tipos[1].descripcion = 'Camion Remolque';
      |                       ^
..\src\Tipo.c:14:25: warning: character constant too long for its type
   14 |  tipos[2].descripcion = 'Camion Semirremolque';
      |                         ^~~~~~~~~~~~~~~~~~~~~~
..\src\Tipo.c:14:23: error: assignment to expression with array type
   14 |  tipos[2].descripcion = 'Camion Semirremolque';
      |                       ^
..\src\Tipo.c:17:25: warning: character constant too long for its type
   17 |  tipos[3].descripcion = 'Camion Elevador';
      |                         ^~~~~~~~~~~~~~~~~
..\src\Tipo.c:17:23: error: assignment to expression with array type
   17 |  tipos[3].descripcion = 'Camion Elevador';
      |                       ^
15:38:52 **** Incremental Build of configuration Debug for project PrimerParcialLaboratorio ****
Info: Internal Builder is used for build
gcc -O0 -g3 -Wall -c -fmessage-length=0 -o "src\\Tipo.o" "..\\src\\Tipo.c" 
gcc -o PrimerParcialLaboratorio.exe "src\\HojaDeRuta.o" "src\\PrimerParcialLaboratorio.o" "src\\Tipo.o" "src\\Transporte.o" "src\\Validaciones.o" 
c:/mingw/bin/../lib/gcc/mingw32/9.2.0/../../../../mingw32/bin/ld.exe: cannot open output file PrimerParcialLaboratorio.exe: Permission denied
collect2.exe: error: ld returned 1 exit status
15:39:44 **** Incremental Build of configuration Debug for project PrimerParcialLaboratorio ****
Info: Internal Builder is used for build
gcc -O0 -g3 -Wall -c -fmessage-length=0 -o "src\\PrimerParcialLaboratorio.o" "..\\src\\PrimerParcialLaboratorio.c" 
..\src\PrimerParcialLaboratorio.c: In function 'main':
..\src\PrimerParcialLaboratorio.c:57:19: warning: comparison between pointer and integer
   57 |    if(transportes == CANT_TRANSPORTE){
      |                   ^~
gcc -o PrimerParcialLaboratorio.exe "src\\HojaDeRuta.o" "src\\PrimerParcialLaboratorio.o" "src\\Tipo.o" "src\\Transporte.o" "src\\Validaciones.o" 
c:/mingw/bin/../lib/gcc/mingw32/9.2.0/../../../../mingw32/bin/ld.exe: cannot open output file PrimerParcialLaboratorio.exe: Permission denied
collect2.exe: error: ld returned 1 exit status
15:40:03 **** Incremental Build of configuration Debug for project PrimerParcialLaboratorio ****
Info: Internal Builder is used for build
gcc -o PrimerParcialLaboratorio.exe "src\\HojaDeRuta.o" "src\\PrimerParcialLaboratorio.o" "src\\Tipo.o" "src\\Transporte.o" "src\\Validaciones.o" 
c:/mingw/bin/../lib/gcc/mingw32/9.2.0/../../../../mingw32/bin/ld.exe: cannot open output file PrimerParcialLaboratorio.exe: Permission denied
collect2.exe: error: ld returned 1 exit status
15:46:06 **** Incremental Build of configuration Debug for project PrimerParcialLaboratorio ****
Info: Internal Builder is used for build
gcc -O0 -g3 -Wall -c -fmessage-length=0 -o "src\\Tipo.o" "..\\src\\Tipo.c" 
..\src\Tipo.c: In function 'listTipos':
..\src\Tipo.c:24:7: warning: unused variable 'types' [-Wunused-variable]
   24 |  tipo types[len];
      |       ^~~~~
gcc -O0 -g3 -Wall -c -fmessage-length=0 -o "src\\PrimerParcialLaboratorio.o" "..\\src\\PrimerParcialLaboratorio.c" 
..\src\PrimerParcialLaboratorio.c: In function 'main':
..\src\PrimerParcialLaboratorio.c:56:19: warning: comparison between pointer and integer
   56 |    if(transportes == CANT_TRANSPORTE){
      |                   ^~
gcc -o PrimerParcialLaboratorio.exe "src\\HojaDeRuta.o" "src\\PrimerParcialLaboratorio.o" "src\\Tipo.o" "src\\Transporte.o" "src\\Validaciones.o" 
c:/mingw/bin/../lib/gcc/mingw32/9.2.0/../../../../mingw32/bin/ld.exe: cannot open output file PrimerParcialLaboratorio.exe: Permission denied
collect2.exe: error: ld returned 1 exit status
15:46:35 **** Incremental Build of configuration Debug for project PrimerParcialLaboratorio ****
Info: Internal Builder is used for build
gcc -O0 -g3 -Wall -c -fmessage-length=0 -o "src\\Tipo.o" "..\\src\\Tipo.c" 
..\src\Tipo.c: In function 'listTipos':
..\src\Tipo.c:32:32: error: '(tipo *)&types' is a pointer; did you mean to use '->'?
   32 |    printf("ID: %d, %s\n", types.idTipo, types.descripcion);
      |                                ^
      |                                ->
..\src\Tipo.c:32:46: error: '(tipo *)&types' is a pointer; did you mean to use '->'?
   32 |    printf("ID: %d, %s\n", types.idTipo, types.descripcion);
      |                                              ^
      |                                              ->
..\src\Tipo.c:24:7: warning: variable 'types' set but not used [-Wunused-but-set-variable]
   24 |  tipo types[len];
      |       ^~~~~
15:47:32 **** Incremental Build of configuration Debug for project PrimerParcialLaboratorio ****
Info: Internal Builder is used for build
gcc -O0 -g3 -Wall -c -fmessage-length=0 -o "src\\Tipo.o" "..\\src\\Tipo.c" 
gcc -o PrimerParcialLaboratorio.exe "src\\HojaDeRuta.o" "src\\PrimerParcialLaboratorio.o" "src\\Tipo.o" "src\\Transporte.o" "src\\Validaciones.o" 
c:/mingw/bin/../lib/gcc/mingw32/9.2.0/../../../../mingw32/bin/ld.exe: cannot open output file PrimerParcialLaboratorio.exe: Permission denied
collect2.exe: error: ld returned 1 exit status
15:48:21 **** Incremental Build of configuration Debug for project PrimerParcialLaboratorio ****
Info: Internal Builder is used for build
gcc -O0 -g3 -Wall -c -fmessage-length=0 -o "src\\PrimerParcialLaboratorio.o" "..\\src\\PrimerParcialLaboratorio.c" 
..\src\PrimerParcialLaboratorio.c: In function 'main':
..\src\PrimerParcialLaboratorio.c:56:19: warning: comparison between pointer and integer
   56 |    if(transportes == CANT_TRANSPORTE){
      |                   ^~
gcc -O0 -g3 -Wall -c -fmessage-length=0 -o "src\\Tipo.o" "..\\src\\Tipo.c" 
gcc -o PrimerParcialLaboratorio.exe "src\\HojaDeRuta.o" "src\\PrimerParcialLaboratorio.o" "src\\Tipo.o" "src\\Transporte.o" "src\\Validaciones.o" 
c:/mingw/bin/../lib/gcc/mingw32/9.2.0/../../../../mingw32/bin/ld.exe: cannot open output file PrimerParcialLaboratorio.exe: Permission denied
collect2.exe: error: ld returned 1 exit status
15:48:22 **** Incremental Build of configuration Debug for project PrimerParcialLaboratorio ****
Info: Internal Builder is used for build
gcc -o PrimerParcialLaboratorio.exe "src\\HojaDeRuta.o" "src\\PrimerParcialLaboratorio.o" "src\\Tipo.o" "src\\Transporte.o" "src\\Validaciones.o" 
15:49:03 **** Incremental Build of configuration Debug for project PrimerParcialLaboratorio ****
Info: Internal Builder is used for build
gcc -O0 -g3 -Wall -c -fmessage-length=0 -o "src\\PrimerParcialLaboratorio.o" "..\\src\\PrimerParcialLaboratorio.c" 
..\src\PrimerParcialLaboratorio.c: In function 'main':
..\src\PrimerParcialLaboratorio.c:57:20: warning: comparison between pointer and integer
   57 |     if(transportes == CANT_TRANSPORTE){
      |                    ^~
gcc -o PrimerParcialLaboratorio.exe "src\\HojaDeRuta.o" "src\\PrimerParcialLaboratorio.o" "src\\Tipo.o" "src\\Transporte.o" "src\\Validaciones.o" 
c:/mingw/bin/../lib/gcc/mingw32/9.2.0/../../../../mingw32/bin/ld.exe: cannot open output file PrimerParcialLaboratorio.exe: Permission denied
collect2.exe: error: ld returned 1 exit status
15:49:03 **** Incremental Build of configuration Debug for project PrimerParcialLaboratorio ****
Info: Internal Builder is used for build
gcc -o PrimerParcialLaboratorio.exe "src\\HojaDeRuta.o" "src\\PrimerParcialLaboratorio.o" "src\\Tipo.o" "src\\Transporte.o" "src\\Validaciones.o" 
c:/mingw/bin/../lib/gcc/mingw32/9.2.0/../../../../mingw32/bin/ld.exe: cannot open output file PrimerParcialLaboratorio.exe: Permission denied
collect2.exe: error: ld returned 1 exit status
15:49:04 **** Incremental Build of configuration Debug for project PrimerParcialLaboratorio ****
Info: Internal Builder is used for build
gcc -o PrimerParcialLaboratorio.exe "src\\HojaDeRuta.o" "src\\PrimerParcialLaboratorio.o" "src\\Tipo.o" "src\\Transporte.o" "src\\Validaciones.o" 
c:/mingw/bin/../lib/gcc/mingw32/9.2.0/../../../../mingw32/bin/ld.exe: cannot open output file PrimerParcialLaboratorio.exe: Permission denied
collect2.exe: error: ld returned 1 exit status
15:49:05 **** Incremental Build of configuration Debug for project PrimerParcialLaboratorio ****
Info: Internal Builder is used for build
gcc -o PrimerParcialLaboratorio.exe "src\\HojaDeRuta.o" "src\\PrimerParcialLaboratorio.o" "src\\Tipo.o" "src\\Transporte.o" "src\\Validaciones.o" 
c:/mingw/bin/../lib/gcc/mingw32/9.2.0/../../../../mingw32/bin/ld.exe: cannot open output file PrimerParcialLaboratorio.exe: Permission denied
collect2.exe: error: ld returned 1 exit status
15:49:05 **** Incremental Build of configuration Debug for project PrimerParcialLaboratorio ****
Info: Internal Builder is used for build
gcc -o PrimerParcialLaboratorio.exe "src\\HojaDeRuta.o" "src\\PrimerParcialLaboratorio.o" "src\\Tipo.o" "src\\Transporte.o" "src\\Validaciones.o" 
c:/mingw/bin/../lib/gcc/mingw32/9.2.0/../../../../mingw32/bin/ld.exe: cannot open output file PrimerParcialLaboratorio.exe: Permission denied
collect2.exe: error: ld returned 1 exit status
15:49:06 **** Incremental Build of configuration Debug for project PrimerParcialLaboratorio ****
Info: Internal Builder is used for build
gcc -o PrimerParcialLaboratorio.exe "src\\HojaDeRuta.o" "src\\PrimerParcialLaboratorio.o" "src\\Tipo.o" "src\\Transporte.o" "src\\Validaciones.o" 
c:/mingw/bin/../lib/gcc/mingw32/9.2.0/../../../../mingw32/bin/ld.exe: cannot open output file PrimerParcialLaboratorio.exe: Permission denied
collect2.exe: error: ld returned 1 exit status
15:49:06 **** Incremental Build of configuration Debug for project PrimerParcialLaboratorio ****
Info: Internal Builder is used for build
gcc -o PrimerParcialLaboratorio.exe "src\\HojaDeRuta.o" "src\\PrimerParcialLaboratorio.o" "src\\Tipo.o" "src\\Transporte.o" "src\\Validaciones.o" 
c:/mingw/bin/../lib/gcc/mingw32/9.2.0/../../../../mingw32/bin/ld.exe: cannot open output file PrimerParcialLaboratorio.exe: Permission denied
collect2.exe: error: ld returned 1 exit status
15:49:06 **** Incremental Build of configuration Debug for project PrimerParcialLaboratorio ****
Info: Internal Builder is used for build
gcc -o PrimerParcialLaboratorio.exe "src\\HojaDeRuta.o" "src\\PrimerParcialLaboratorio.o" "src\\Tipo.o" "src\\Transporte.o" "src\\Validaciones.o" 
c:/mingw/bin/../lib/gcc/mingw32/9.2.0/../../../../mingw32/bin/ld.exe: cannot open output file PrimerParcialLaboratorio.exe: Permission denied
collect2.exe: error: ld returned 1 exit status
15:49:07 **** Incremental Build of configuration Debug for project PrimerParcialLaboratorio ****
Info: Internal Builder is used for build
gcc -o PrimerParcialLaboratorio.exe "src\\HojaDeRuta.o" "src\\PrimerParcialLaboratorio.o" "src\\Tipo.o" "src\\Transporte.o" "src\\Validaciones.o" 
c:/mingw/bin/../lib/gcc/mingw32/9.2.0/../../../../mingw32/bin/ld.exe: cannot open output file PrimerParcialLaboratorio.exe: Permission denied
collect2.exe: error: ld returned 1 exit status
15:49:07 **** Incremental Build of configuration Debug for project PrimerParcialLaboratorio ****
Info: Internal Builder is used for build
gcc -o PrimerParcialLaboratorio.exe "src\\HojaDeRuta.o" "src\\PrimerParcialLaboratorio.o" "src\\Tipo.o" "src\\Transporte.o" "src\\Validaciones.o" 
c:/mingw/bin/../lib/gcc/mingw32/9.2.0/../../../../mingw32/bin/ld.exe: cannot open output file PrimerParcialLaboratorio.exe: Permission denied
collect2.exe: error: ld returned 1 exit status
15:49:08 **** Incremental Build of configuration Debug for project PrimerParcialLaboratorio ****
Info: Internal Builder is used for build
gcc -o PrimerParcialLaboratorio.exe "src\\HojaDeRuta.o" "src\\PrimerParcialLaboratorio.o" "src\\Tipo.o" "src\\Transporte.o" "src\\Validaciones.o" 
c:/mingw/bin/../lib/gcc/mingw32/9.2.0/../../../../mingw32/bin/ld.exe: cannot open output file PrimerParcialLaboratorio.exe: Permission denied
collect2.exe: error: ld returned 1 exit status
15:51:54 **** Incremental Build of configuration Debug for project PrimerParcialLaboratorio ****
Info: Internal Builder is used for build
gcc -O0 -g3 -Wall -c -fmessage-length=0 -o "src\\Tipo.o" "..\\src\\Tipo.c" 
gcc -O0 -g3 -Wall -c -fmessage-length=0 -o "src\\PrimerParcialLaboratorio.o" "..\\src\\PrimerParcialLaboratorio.c" 
..\src\PrimerParcialLaboratorio.c: In function 'main':
..\src\PrimerParcialLaboratorio.c:57:20: warning: comparison between pointer and integer
   57 |     if(transportes == CANT_TRANSPORTE){
      |                    ^~
gcc -o PrimerParcialLaboratorio.exe "src\\HojaDeRuta.o" "src\\PrimerParcialLaboratorio.o" "src\\Tipo.o" "src\\Transporte.o" "src\\Validaciones.o" 
c:/mingw/bin/../lib/gcc/mingw32/9.2.0/../../../../mingw32/bin/ld.exe: cannot open output file PrimerParcialLaboratorio.exe: Permission denied
collect2.exe: error: ld returned 1 exit status
15:52:33 **** Incremental Build of configuration Debug for project PrimerParcialLaboratorio ****
Info: Internal Builder is used for build
gcc -O0 -g3 -Wall -c -fmessage-length=0 -o "src\\PrimerParcialLaboratorio.o" "..\\src\\PrimerParcialLaboratorio.c" 
..\src\PrimerParcialLaboratorio.c: In function 'main':
..\src\PrimerParcialLaboratorio.c:55:19: warning: comparison between pointer and integer
   55 |    if(transportes == CANT_TRANSPORTE){
      |                   ^~
gcc -o PrimerParcialLaboratorio.exe "src\\HojaDeRuta.o" "src\\PrimerParcialLaboratorio.o" "src\\Tipo.o" "src\\Transporte.o" "src\\Validaciones.o" 
c:/mingw/bin/../lib/gcc/mingw32/9.2.0/../../../../mingw32/bin/ld.exe: cannot open output file PrimerParcialLaboratorio.exe: Permission denied
collect2.exe: error: ld returned 1 exit status
15:52:37 **** Incremental Build of configuration Debug for project PrimerParcialLaboratorio ****
Info: Internal Builder is used for build
gcc -o PrimerParcialLaboratorio.exe "src\\HojaDeRuta.o" "src\\PrimerParcialLaboratorio.o" "src\\Tipo.o" "src\\Transporte.o" "src\\Validaciones.o" 
c:/mingw/bin/../lib/gcc/mingw32/9.2.0/../../../../mingw32/bin/ld.exe: cannot open output file PrimerParcialLaboratorio.exe: Permission denied
collect2.exe: error: ld returned 1 exit status
16:01:24 **** Incremental Build of configuration Debug for project PrimerParcialLaboratorio ****
Info: Internal Builder is used for build
gcc -O0 -g3 -Wall -c -fmessage-length=0 -o "src\\Transporte.o" "..\\src\\Transporte.c" 
gcc -O0 -g3 -Wall -c -fmessage-length=0 -o "src\\PrimerParcialLaboratorio.o" "..\\src\\PrimerParcialLaboratorio.c" 
..\src\PrimerParcialLaboratorio.c: In function 'main':
..\src\PrimerParcialLaboratorio.c:55:7: warning: implicit declaration of function 'validarEspacio' [-Wimplicit-function-declaration]
   55 |    if(validarEspacio(transportes, CANT_TRANSPORTE)){
      |       ^~~~~~~~~~~~~~
gcc -o PrimerParcialLaboratorio.exe "src\\HojaDeRuta.o" "src\\PrimerParcialLaboratorio.o" "src\\Tipo.o" "src\\Transporte.o" "src\\Validaciones.o" 
c:/mingw/bin/../lib/gcc/mingw32/9.2.0/../../../../mingw32/bin/ld.exe: cannot open output file PrimerParcialLaboratorio.exe: Permission denied
collect2.exe: error: ld returned 1 exit status
16:02:14 **** Incremental Build of configuration Debug for project PrimerParcialLaboratorio ****
Info: Internal Builder is used for build
gcc -O0 -g3 -Wall -c -fmessage-length=0 -o "src\\PrimerParcialLaboratorio.o" "..\\src\\PrimerParcialLaboratorio.c" 
gcc -O0 -g3 -Wall -c -fmessage-length=0 -o "src\\Transporte.o" "..\\src\\Transporte.c" 
gcc -o PrimerParcialLaboratorio.exe "src\\HojaDeRuta.o" "src\\PrimerParcialLaboratorio.o" "src\\Tipo.o" "src\\Transporte.o" "src\\Validaciones.o" 
c:/mingw/bin/../lib/gcc/mingw32/9.2.0/../../../../mingw32/bin/ld.exe: cannot open output file PrimerParcialLaboratorio.exe: Permission denied
collect2.exe: error: ld returned 1 exit status
16:02:33 **** Incremental Build of configuration Debug for project PrimerParcialLaboratorio ****
Info: Internal Builder is used for build
gcc -o PrimerParcialLaboratorio.exe "src\\HojaDeRuta.o" "src\\PrimerParcialLaboratorio.o" "src\\Tipo.o" "src\\Transporte.o" "src\\Validaciones.o" 
16:04:23 **** Incremental Build of configuration Debug for project PrimerParcialLaboratorio ****
Info: Internal Builder is used for build
gcc -O0 -g3 -Wall -c -fmessage-length=0 -o "src\\PrimerParcialLaboratorio.o" "..\\src\\PrimerParcialLaboratorio.c" 
..\src\PrimerParcialLaboratorio.c: In function 'main':
..\src\PrimerParcialLaboratorio.c:55:36: error: invalid operands to binary == (have 'transporte' {aka 'struct <anonymous>'} and 'int')
   55 |    if(transportes[CANT_TRANSPORTE] == CANT_TRANSPORTE){
      |       ~~~~~~~~~~~~~~~~~~~~~~~~~~~~ ^~
      |                  |
      |                  transporte {aka struct <anonymous>}
16:04:38 **** Incremental Build of configuration Debug for project PrimerParcialLaboratorio ****
Info: Internal Builder is used for build
gcc -O0 -g3 -Wall -c -fmessage-length=0 -o "src\\PrimerParcialLaboratorio.o" "..\\src\\PrimerParcialLaboratorio.c" 
..\src\PrimerParcialLaboratorio.c: In function 'main':
..\src\PrimerParcialLaboratorio.c:55:19: warning: comparison between pointer and integer
   55 |    if(transportes == CANT_TRANSPORTE){
      |                   ^~
gcc -O0 -g3 -Wall -c -fmessage-length=0 -o "src\\Transporte.o" "..\\src\\Transporte.c" 
gcc -o PrimerParcialLaboratorio.exe "src\\HojaDeRuta.o" "src\\PrimerParcialLaboratorio.o" "src\\Tipo.o" "src\\Transporte.o" "src\\Validaciones.o" 
c:/mingw/bin/../lib/gcc/mingw32/9.2.0/../../../../mingw32/bin/ld.exe: cannot open output file PrimerParcialLaboratorio.exe: Permission denied
collect2.exe: error: ld returned 1 exit status
16:04:40 **** Incremental Build of configuration Debug for project PrimerParcialLaboratorio ****
Info: Internal Builder is used for build
gcc -o PrimerParcialLaboratorio.exe "src\\HojaDeRuta.o" "src\\PrimerParcialLaboratorio.o" "src\\Tipo.o" "src\\Transporte.o" "src\\Validaciones.o" 
c:/mingw/bin/../lib/gcc/mingw32/9.2.0/../../../../mingw32/bin/ld.exe: cannot open output file PrimerParcialLaboratorio.exe: Permission denied
collect2.exe: error: ld returned 1 exit status
16:04:45 **** Incremental Build of configuration Debug for project PrimerParcialLaboratorio ****
Info: Internal Builder is used for build
gcc -o PrimerParcialLaboratorio.exe "src\\HojaDeRuta.o" "src\\PrimerParcialLaboratorio.o" "src\\Tipo.o" "src\\Transporte.o" "src\\Validaciones.o" 
16:06:00 **** Incremental Build of configuration Debug for project PrimerParcialLaboratorio ****
Info: Internal Builder is used for build
gcc -O0 -g3 -Wall -c -fmessage-length=0 -o "src\\PrimerParcialLaboratorio.o" "..\\src\\PrimerParcialLaboratorio.c" 
gcc -o PrimerParcialLaboratorio.exe "src\\HojaDeRuta.o" "src\\PrimerParcialLaboratorio.o" "src\\Tipo.o" "src\\Transporte.o" "src\\Validaciones.o" 
Info: Nothing to build for PrimerParcialLaboratorio
16:12:29 **** Incremental Build of configuration Debug for project PrimerParcialLaboratorio ****
Info: Internal Builder is used for build
gcc -O0 -g3 -Wall -c -fmessage-length=0 -o "src\\Transporte.o" "..\\src\\Transporte.c" 
..\src\Transporte.c: In function 'buscarEspacio':
..\src\Transporte.c:320:17: error: subscripted value is neither array nor pointer nor vector
  320 |   if(transportes[i].isEmpty == 0){
      |                 ^
16:13:12 **** Incremental Build of configuration Debug for project PrimerParcialLaboratorio ****
Info: Internal Builder is used for build
gcc -O0 -g3 -Wall -c -fmessage-length=0 -o "src\\PrimerParcialLaboratorio.o" "..\\src\\PrimerParcialLaboratorio.c" 
..\src\PrimerParcialLaboratorio.c: In function 'main':
..\src\PrimerParcialLaboratorio.c:55:21: error: incompatible type for argument 1 of 'buscarEspacio'
   55 |    if(buscarEspacio(transportes,CANT_TRANSPORTE)){
      |                     ^~~~~~~~~~~
      |                     |
      |                     transporte * {aka struct <anonymous> *}
In file included from ..\src\PrimerParcialLaboratorio.c:23:
..\src\Transporte.h:27:30: note: expected 'transporte' {aka 'struct <anonymous>'} but argument is of type 'transporte *' {aka 'struct <anonymous> *'}
   27 | int buscarEspacio(transporte transportes, int len);
      |                   ~~~~~~~~~~~^~~~~~~~~~~
16:13:38 **** Incremental Build of configuration Debug for project PrimerParcialLaboratorio ****
Info: Internal Builder is used for build
gcc -O0 -g3 -Wall -c -fmessage-length=0 -o "src\\Transporte.o" "..\\src\\Transporte.c" 
..\src\Transporte.c: In function 'buscarEspacio':
..\src\Transporte.c:320:17: error: subscripted value is neither array nor pointer nor vector
  320 |   if(transportes[i].isEmpty == 0){
      |                 ^
16:14:12 **** Incremental Build of configuration Debug for project PrimerParcialLaboratorio ****
Info: Internal Builder is used for build
gcc -O0 -g3 -Wall -c -fmessage-length=0 -o "src\\PrimerParcialLaboratorio.o" "..\\src\\PrimerParcialLaboratorio.c" 
..\src\PrimerParcialLaboratorio.c: In function 'main':
..\src\PrimerParcialLaboratorio.c:55:21: error: incompatible type for argument 1 of 'buscarEspacio'
   55 |    if(buscarEspacio(transportes,CANT_TRANSPORTE)){
      |                     ^~~~~~~~~~~
      |                     |
      |                     transporte * {aka struct <anonymous> *}
In file included from ..\src\PrimerParcialLaboratorio.c:23:
..\src\Transporte.h:27:30: note: expected 'transporte' {aka 'struct <anonymous>'} but argument is of type 'transporte *' {aka 'struct <anonymous> *'}
   27 | int buscarEspacio(transporte transportes, int len);
      |                   ~~~~~~~~~~~^~~~~~~~~~~
16:14:35 **** Incremental Build of configuration Debug for project PrimerParcialLaboratorio ****
Info: Internal Builder is used for build
gcc -O0 -g3 -Wall -c -fmessage-length=0 -o "src\\Transporte.o" "..\\src\\Transporte.c" 
..\src\Transporte.c: In function 'buscarEspacio':
..\src\Transporte.c:320:17: error: subscripted value is neither array nor pointer nor vector
  320 |   if(transportes[i].isEmpty == 0){
      |                 ^
16:14:40 **** Incremental Build of configuration Debug for project PrimerParcialLaboratorio ****
Info: Internal Builder is used for build
gcc -O0 -g3 -Wall -c -fmessage-length=0 -o "src\\PrimerParcialLaboratorio.o" "..\\src\\PrimerParcialLaboratorio.c" 
..\src\PrimerParcialLaboratorio.c: In function 'main':
..\src\PrimerParcialLaboratorio.c:55:21: error: incompatible type for argument 1 of 'buscarEspacio'
   55 |    if(buscarEspacio(&transportes,CANT_TRANSPORTE)){
      |                     ^~~~~~~~~~~~
      |                     |
      |                     transporte (*)[5] {aka struct <anonymous> (*)[5]}
In file included from ..\src\PrimerParcialLaboratorio.c:23:
..\src\Transporte.h:27:30: note: expected 'transporte' {aka 'struct <anonymous>'} but argument is of type 'transporte (*)[5]' {aka 'struct <anonymous> (*)[5]'}
   27 | int buscarEspacio(transporte transportes, int len);
      |                   ~~~~~~~~~~~^~~~~~~~~~~
16:15:24 **** Incremental Build of configuration Debug for project PrimerParcialLaboratorio ****
Info: Internal Builder is used for build
gcc -O0 -g3 -Wall -c -fmessage-length=0 -o "src\\PrimerParcialLaboratorio.o" "..\\src\\PrimerParcialLaboratorio.c" 
..\src\PrimerParcialLaboratorio.c: In function 'main':
..\src\PrimerParcialLaboratorio.c:55:21: error: incompatible type for argument 1 of 'buscarEspacio'
   55 |    if(buscarEspacio(transportes, CANT_TRANSPORTE)){
      |                     ^~~~~~~~~~~
      |                     |
      |                     transporte * {aka struct <anonymous> *}
In file included from ..\src\PrimerParcialLaboratorio.c:23:
..\src\Transporte.h:27:30: note: expected 'transporte' {aka 'struct <anonymous>'} but argument is of type 'transporte *' {aka 'struct <anonymous> *'}
   27 | int buscarEspacio(transporte transportes, int len);
      |                   ~~~~~~~~~~~^~~~~~~~~~~
16:16:39 **** Incremental Build of configuration Debug for project PrimerParcialLaboratorio ****
Info: Internal Builder is used for build
gcc -O0 -g3 -Wall -c -fmessage-length=0 -o "src\\Transporte.o" "..\\src\\Transporte.c" 
..\src\Transporte.c:314:5: error: conflicting types for 'buscarEspacio'
  314 | int buscarEspacio(transporte transportes[], int len){
      |     ^~~~~~~~~~~~~
In file included from ..\src\Transporte.c:4:
..\src\Transporte.h:27:5: note: previous declaration of 'buscarEspacio' was here
   27 | int buscarEspacio(transporte transportes, int len);
      |     ^~~~~~~~~~~~~
16:16:56 **** Incremental Build of configuration Debug for project PrimerParcialLaboratorio ****
Info: Internal Builder is used for build
gcc -O0 -g3 -Wall -c -fmessage-length=0 -o "src\\Transporte.o" "..\\src\\Transporte.c" 
..\src\Transporte.c: In function 'buscarEspacio':
..\src\Transporte.c:7:62: error: expected '=', ',', ';', 'asm' or '__attribute__' before '{' token
    7 | int inicializarTransporte(transporte transportes[], int len) {
      |                                                              ^
..\src\Transporte.c:24:52: error: expected '=', ',', ';', 'asm' or '__attribute__' before '{' token
   24 | int buscarVacio(transporte transportes[], int len) {
      |                                                    ^
..\src\Transporte.c:45:58: error: expected '=', ',', ';', 'asm' or '__attribute__' before '{' token
   45 | int darAltaTransporte(transporte transportes[], int len) {
      |                                                          ^
..\src\Transporte.c:87:53: error: expected '=', ',', ';', 'asm' or '__attribute__' before '{' token
   87 | void mostrarDatos(transporte transporte[], int len) {
      |                                                     ^
..\src\Transporte.c:122:21: error: expected '=', ',', ';', 'asm' or '__attribute__' before '{' token
  122 | int idTransportes() {
      |                     ^
..\src\Transporte.c:130:69: error: expected '=', ',', ';', 'asm' or '__attribute__' before '{' token
  130 | int buscarIdDeTransporte(transporte transportes[], int len, int id) {
      |                                                                     ^
..\src\Transporte.c:150:58: error: expected '=', ',', ';', 'asm' or '__attribute__' before '{' token
  150 | int darBajaTransporte(transporte transportes[], int len) {
      |                                                          ^
..\src\Transporte.c:175:58: error: expected '=', ',', ';', 'asm' or '__attribute__' before '{' token
  175 | int listarTransportes(transporte transportes[], int len) {
      |                                                          ^
..\src\Transporte.c:195:60: error: expected '=', ',', ';', 'asm' or '__attribute__' before '{' token
  195 | int modificartransporte(transporte transportes[], int len) {
      |                                                            ^
..\src\Transporte.c:249:56: error: expected '=', ',', ';', 'asm' or '__attribute__' before '{' token
  249 | int orderStructByID(transporte transportes[], int len) {
      |                                                        ^
..\src\Transporte.c:282:56: error: expected '=', ',', ';', 'asm' or '__attribute__' before '{' token
  282 | int orderStructByDes(transporte transportes[], int len){
      |                                                        ^
..\src\Transporte.c:314:53: error: expected '=', ',', ';', 'asm' or '__attribute__' before '{' token
  314 | int buscarEspacio(transporte transportes[], int len){
      |                                                     ^
In file included from ..\src\Transporte.c:4:
..\src\Transporte.h:27:5: error: old-style parameter declarations in prototyped function definition
   27 | int buscarEspacio(transporte transportes[], int len)
      |     ^~~~~~~~~~~~~
..\src\Transporte.c:335: error: expected '{' at end of input
..\src\Transporte.c:328:1: warning: control reaches end of non-void function [-Wreturn-type]
  328 | }
      | ^
16:16:56 **** Incremental Build of configuration Debug for project PrimerParcialLaboratorio ****
Info: Internal Builder is used for build
gcc -O0 -g3 -Wall -c -fmessage-length=0 -o "src\\Transporte.o" "..\\src\\Transporte.c" 
..\src\Transporte.c: In function 'buscarEspacio':
..\src\Transporte.c:7:62: error: expected '=', ',', ';', 'asm' or '__attribute__' before '{' token
    7 | int inicializarTransporte(transporte transportes[], int len) {
      |                                                              ^
..\src\Transporte.c:24:52: error: expected '=', ',', ';', 'asm' or '__attribute__' before '{' token
   24 | int buscarVacio(transporte transportes[], int len) {
      |                                                    ^
..\src\Transporte.c:45:58: error: expected '=', ',', ';', 'asm' or '__attribute__' before '{' token
   45 | int darAltaTransporte(transporte transportes[], int len) {
      |                                                          ^
..\src\Transporte.c:87:53: error: expected '=', ',', ';', 'asm' or '__attribute__' before '{' token
   87 | void mostrarDatos(transporte transporte[], int len) {
      |                                                     ^
..\src\Transporte.c:122:21: error: expected '=', ',', ';', 'asm' or '__attribute__' before '{' token
  122 | int idTransportes() {
      |                     ^
..\src\Transporte.c:130:69: error: expected '=', ',', ';', 'asm' or '__attribute__' before '{' token
  130 | int buscarIdDeTransporte(transporte transportes[], int len, int id) {
      |                                                                     ^
..\src\Transporte.c:150:58: error: expected '=', ',', ';', 'asm' or '__attribute__' before '{' token
  150 | int darBajaTransporte(transporte transportes[], int len) {
      |                                                          ^
..\src\Transporte.c:175:58: error: expected '=', ',', ';', 'asm' or '__attribute__' before '{' token
  175 | int listarTransportes(transporte transportes[], int len) {
      |                                                          ^
..\src\Transporte.c:195:60: error: expected '=', ',', ';', 'asm' or '__attribute__' before '{' token
  195 | int modificartransporte(transporte transportes[], int len) {
      |                                                            ^
..\src\Transporte.c:249:56: error: expected '=', ',', ';', 'asm' or '__attribute__' before '{' token
  249 | int orderStructByID(transporte transportes[], int len) {
      |                                                        ^
..\src\Transporte.c:282:56: error: expected '=', ',', ';', 'asm' or '__attribute__' before '{' token
  282 | int orderStructByDes(transporte transportes[], int len){
      |                                                        ^
..\src\Transporte.c:314:53: error: expected '=', ',', ';', 'asm' or '__attribute__' before '{' token
  314 | int buscarEspacio(transporte transportes[], int len){
      |                                                     ^
In file included from ..\src\Transporte.c:4:
..\src\Transporte.h:27:5: error: old-style parameter declarations in prototyped function definition
   27 | int buscarEspacio(transporte transportes[], int len)
      |     ^~~~~~~~~~~~~
..\src\Transporte.c:335: error: expected '{' at end of input
..\src\Transporte.c:328:1: warning: control reaches end of non-void function [-Wreturn-type]
  328 | }
      | ^
16:17:02 **** Incremental Build of configuration Debug for project PrimerParcialLaboratorio ****
Info: Internal Builder is used for build
gcc -O0 -g3 -Wall -c -fmessage-length=0 -o "src\\Transporte.o" "..\\src\\Transporte.c" 
gcc -O0 -g3 -Wall -c -fmessage-length=0 -o "src\\PrimerParcialLaboratorio.o" "..\\src\\PrimerParcialLaboratorio.c" 
gcc -o PrimerParcialLaboratorio.exe "src\\HojaDeRuta.o" "src\\PrimerParcialLaboratorio.o" "src\\Tipo.o" "src\\Transporte.o" "src\\Validaciones.o" 
Info: Nothing to build for PrimerParcialLaboratorio
16:17:19 **** Incremental Build of configuration Debug for project PrimerParcialLaboratorio ****
Info: Internal Builder is used for build
gcc -O0 -g3 -Wall -c -fmessage-length=0 -o "src\\Transporte.o" "..\\src\\Transporte.c" 
gcc -o PrimerParcialLaboratorio.exe "src\\HojaDeRuta.o" "src\\PrimerParcialLaboratorio.o" "src\\Tipo.o" "src\\Transporte.o" "src\\Validaciones.o" 
c:/mingw/bin/../lib/gcc/mingw32/9.2.0/../../../../mingw32/bin/ld.exe: cannot open output file PrimerParcialLaboratorio.exe: Permission denied
collect2.exe: error: ld returned 1 exit status
16:17:20 **** Incremental Build of configuration Debug for project PrimerParcialLaboratorio ****
Info: Internal Builder is used for build
gcc -o PrimerParcialLaboratorio.exe "src\\HojaDeRuta.o" "src\\PrimerParcialLaboratorio.o" "src\\Tipo.o" "src\\Transporte.o" "src\\Validaciones.o" 
16:17:44 **** Incremental Build of configuration Debug for project PrimerParcialLaboratorio ****
Info: Internal Builder is used for build
gcc -O0 -g3 -Wall -c -fmessage-length=0 -o "src\\Transporte.o" "..\\src\\Transporte.c" 
gcc -o PrimerParcialLaboratorio.exe "src\\HojaDeRuta.o" "src\\PrimerParcialLaboratorio.o" "src\\Tipo.o" "src\\Transporte.o" "src\\Validaciones.o" 
c:/mingw/bin/../lib/gcc/mingw32/9.2.0/../../../../mingw32/bin/ld.exe: cannot open output file PrimerParcialLaboratorio.exe: Permission denied
collect2.exe: error: ld returned 1 exit status
16:17:45 **** Incremental Build of configuration Debug for project PrimerParcialLaboratorio ****
Info: Internal Builder is used for build
gcc -o PrimerParcialLaboratorio.exe "src\\HojaDeRuta.o" "src\\PrimerParcialLaboratorio.o" "src\\Tipo.o" "src\\Transporte.o" "src\\Validaciones.o" 
16:18:22 **** Incremental Build of configuration Debug for project PrimerParcialLaboratorio ****
Info: Internal Builder is used for build
gcc -O0 -g3 -Wall -c -fmessage-length=0 -o "src\\Transporte.o" "..\\src\\Transporte.c" 
gcc -o PrimerParcialLaboratorio.exe "src\\HojaDeRuta.o" "src\\PrimerParcialLaboratorio.o" "src\\Tipo.o" "src\\Transporte.o" "src\\Validaciones.o" 
c:/mingw/bin/../lib/gcc/mingw32/9.2.0/../../../../mingw32/bin/ld.exe: cannot open output file PrimerParcialLaboratorio.exe: Permission denied
collect2.exe: error: ld returned 1 exit status
16:18:23 **** Incremental Build of configuration Debug for project PrimerParcialLaboratorio ****
Info: Internal Builder is used for build
gcc -o PrimerParcialLaboratorio.exe "src\\HojaDeRuta.o" "src\\PrimerParcialLaboratorio.o" "src\\Tipo.o" "src\\Transporte.o" "src\\Validaciones.o" 
16:27:08 **** Incremental Build of configuration Debug for project PrimerParcialLaboratorio ****
Info: Internal Builder is used for build
gcc -O0 -g3 -Wall -c -fmessage-length=0 -o "src\\Transporte.o" "..\\src\\Transporte.c" 
..\src\Transporte.c: In function 'darAltaTransporte':
..\src\Transporte.c:81:17: error: incompatible type for argument 1 of 'mostrarDatos'
   81 |    mostrarDatos(auxtransporte, 0);
      |                 ^~~~~~~~~~~~~
      |                 |
      |                 transporte {aka struct <anonymous>}
In file included from ..\src\Transporte.c:4:
..\src\Transporte.h:22:30: note: expected 'transporte *' {aka 'struct <anonymous> *'} but argument is of type 'transporte' {aka 'struct <anonymous>'}
   22 | void mostrarDatos(transporte transporte[], int len);
      |                   ~~~~~~~~~~~^~~~~~~~~~~~
..\src\Transporte.c:83:4: warning: implicit declaration of function 'getChar'; did you mean 'getchar'? [-Wimplicit-function-declaration]
   83 |    getChar(&confirm);
      |    ^~~~~~~
      |    getchar
16:27:18 **** Incremental Build of configuration Debug for project PrimerParcialLaboratorio ****
Info: Internal Builder is used for build
gcc -O0 -g3 -Wall -c -fmessage-length=0 -o "src\\PrimerParcialLaboratorio.o" "..\\src\\PrimerParcialLaboratorio.c" 
gcc -O0 -g3 -Wall -c -fmessage-length=0 -o "src\\Transporte.o" "..\\src\\Transporte.c" 
..\src\Transporte.c: In function 'darAltaTransporte':
..\src\Transporte.c:83:4: warning: implicit declaration of function 'getChar'; did you mean 'getchar'? [-Wimplicit-function-declaration]
   83 |    getChar(&confirm);
      |    ^~~~~~~
      |    getchar
gcc -o PrimerParcialLaboratorio.exe "src\\HojaDeRuta.o" "src\\PrimerParcialLaboratorio.o" "src\\Tipo.o" "src\\Transporte.o" "src\\Validaciones.o" 
c:/mingw/bin/../lib/gcc/mingw32/9.2.0/../../../../mingw32/bin/ld.exe: cannot open output file PrimerParcialLaboratorio.exe: Permission denied
collect2.exe: error: ld returned 1 exit status
16:28:58 **** Incremental Build of configuration Debug for project PrimerParcialLaboratorio ****
Info: Internal Builder is used for build
gcc -O0 -g3 -Wall -c -fmessage-length=0 -o "src\\Transporte.o" "..\\src\\Transporte.c" 
gcc -o PrimerParcialLaboratorio.exe "src\\HojaDeRuta.o" "src\\PrimerParcialLaboratorio.o" "src\\Tipo.o" "src\\Transporte.o" "src\\Validaciones.o" 
c:/mingw/bin/../lib/gcc/mingw32/9.2.0/../../../../mingw32/bin/ld.exe: cannot open output file PrimerParcialLaboratorio.exe: Permission denied
collect2.exe: error: ld returned 1 exit status
16:29:30 **** Incremental Build of configuration Debug for project PrimerParcialLaboratorio ****
Info: Internal Builder is used for build
gcc -O0 -g3 -Wall -c -fmessage-length=0 -o "src\\Transporte.o" "..\\src\\Transporte.c" 
gcc -o PrimerParcialLaboratorio.exe "src\\HojaDeRuta.o" "src\\PrimerParcialLaboratorio.o" "src\\Tipo.o" "src\\Transporte.o" "src\\Validaciones.o" 
c:/mingw/bin/../lib/gcc/mingw32/9.2.0/../../../../mingw32/bin/ld.exe: cannot open output file PrimerParcialLaboratorio.exe: Permission denied
collect2.exe: error: ld returned 1 exit status
16:29:34 **** Incremental Build of configuration Debug for project PrimerParcialLaboratorio ****
Info: Internal Builder is used for build
gcc -o PrimerParcialLaboratorio.exe "src\\HojaDeRuta.o" "src\\PrimerParcialLaboratorio.o" "src\\Tipo.o" "src\\Transporte.o" "src\\Validaciones.o" 
16:30:19 **** Incremental Build of configuration Debug for project PrimerParcialLaboratorio ****
Info: Internal Builder is used for build
gcc -O0 -g3 -Wall -c -fmessage-length=0 -o "src\\Transporte.o" "..\\src\\Transporte.c" 
gcc -o PrimerParcialLaboratorio.exe "src\\HojaDeRuta.o" "src\\PrimerParcialLaboratorio.o" "src\\Tipo.o" "src\\Transporte.o" "src\\Validaciones.o" 
c:/mingw/bin/../lib/gcc/mingw32/9.2.0/../../../../mingw32/bin/ld.exe: cannot open output file PrimerParcialLaboratorio.exe: Permission denied
collect2.exe: error: ld returned 1 exit status
16:30:20 **** Incremental Build of configuration Debug for project PrimerParcialLaboratorio ****
Info: Internal Builder is used for build
gcc -o PrimerParcialLaboratorio.exe "src\\HojaDeRuta.o" "src\\PrimerParcialLaboratorio.o" "src\\Tipo.o" "src\\Transporte.o" "src\\Validaciones.o" 
16:31:00 **** Incremental Build of configuration Debug for project PrimerParcialLaboratorio ****
Info: Internal Builder is used for build
gcc -O0 -g3 -Wall -c -fmessage-length=0 -o "src\\Transporte.o" "..\\src\\Transporte.c" 
..\src\Transporte.c: In function 'darAltaTransporte':
..\src\Transporte.c:81:17: error: incompatible type for argument 1 of 'mostrarDatos'
   81 |    mostrarDatos(auxtransporte, 0);
      |                 ^~~~~~~~~~~~~
      |                 |
      |                 transporte {aka struct <anonymous>}
In file included from ..\src\Transporte.c:4:
..\src\Transporte.h:22:30: note: expected 'transporte *' {aka 'struct <anonymous> *'} but argument is of type 'transporte' {aka 'struct <anonymous>'}
   22 | void mostrarDatos(transporte transporte[], int len);
      |                   ~~~~~~~~~~~^~~~~~~~~~~~
..\src\Transporte.c:85:21: warning: multi-character character constant [-Wmultichar]
   85 |   }while(confirm == 'Si');
      |                     ^~~~
16:31:06 **** Incremental Build of configuration Debug for project PrimerParcialLaboratorio ****
Info: Internal Builder is used for build
gcc -O0 -g3 -Wall -c -fmessage-length=0 -o "src\\Transporte.o" "..\\src\\Transporte.c" 
..\src\Transporte.c: In function 'darAltaTransporte':
..\src\Transporte.c:85:21: warning: multi-character character constant [-Wmultichar]
   85 |   }while(confirm == 'Si');
      |                     ^~~~
gcc -o PrimerParcialLaboratorio.exe "src\\HojaDeRuta.o" "src\\PrimerParcialLaboratorio.o" "src\\Tipo.o" "src\\Transporte.o" "src\\Validaciones.o" 
16:31:16 **** Incremental Build of configuration Debug for project PrimerParcialLaboratorio ****
Info: Internal Builder is used for build
gcc -O0 -g3 -Wall -c -fmessage-length=0 -o "src\\Transporte.o" "..\\src\\Transporte.c" 
..\src\Transporte.c: In function 'darAltaTransporte':
..\src\Transporte.c:85:18: warning: comparison between pointer and integer
   85 |   }while(confirm == "Si");
      |                  ^~
..\src\Transporte.c:85:18: warning: comparison with string literal results in unspecified behavior [-Waddress]
gcc -o PrimerParcialLaboratorio.exe "src\\HojaDeRuta.o" "src\\PrimerParcialLaboratorio.o" "src\\Tipo.o" "src\\Transporte.o" "src\\Validaciones.o" 
16:31:54 **** Incremental Build of configuration Debug for project PrimerParcialLaboratorio ****
Info: Internal Builder is used for build
gcc -O0 -g3 -Wall -c -fmessage-length=0 -o "src\\Transporte.o" "..\\src\\Transporte.c" 
..\src\Transporte.c: In function 'darAltaTransporte':
..\src\Transporte.c:82:14: warning: passing argument 1 of 'getNumber' from incompatible pointer type [-Wincompatible-pointer-types]
   82 |    getNumber(&confirm, "Ingrese 1 si los datos ingresados son correctos",
      |              ^~~~~~~~
      |              |
      |              char *
In file included from ..\src\Transporte.c:5:
..\src\Validaciones.h:11:20: note: expected 'int *' but argument is of type 'char *'
   11 | int getNumber(int *pResultado, char *mensaje, char *mensajeError, int minimo,
      |               ~~~~~^~~~~~~~~~
..\src\Transporte.c:82:4: error: too few arguments to function 'getNumber'
   82 |    getNumber(&confirm, "Ingrese 1 si los datos ingresados son correctos",
      |    ^~~~~~~~~
In file included from ..\src\Transporte.c:5:
..\src\Validaciones.h:11:5: note: declared here
   11 | int getNumber(int *pResultado, char *mensaje, char *mensajeError, int minimo,
      |     ^~~~~~~~~
16:32:24 **** Incremental Build of configuration Debug for project PrimerParcialLaboratorio ****
Info: Internal Builder is used for build
gcc -O0 -g3 -Wall -c -fmessage-length=0 -o "src\\Transporte.o" "..\\src\\Transporte.c" 
..\src\Transporte.c: In function 'darAltaTransporte':
..\src\Transporte.c:82:14: warning: passing argument 1 of 'getNumber' from incompatible pointer type [-Wincompatible-pointer-types]
   82 |    getNumber(&confirm, "Ingrese 1 si los datos ingresados son correctos o 0 si desea volver a cargar",
      |              ^~~~~~~~
      |              |
      |              char *
In file included from ..\src\Transporte.c:5:
..\src\Validaciones.h:11:20: note: expected 'int *' but argument is of type 'char *'
   11 | int getNumber(int *pResultado, char *mensaje, char *mensajeError, int minimo,
      |               ~~~~~^~~~~~~~~~
gcc -o PrimerParcialLaboratorio.exe "src\\HojaDeRuta.o" "src\\PrimerParcialLaboratorio.o" "src\\Tipo.o" "src\\Transporte.o" "src\\Validaciones.o" 
16:32:42 **** Incremental Build of configuration Debug for project PrimerParcialLaboratorio ****
Info: Internal Builder is used for build
gcc -O0 -g3 -Wall -c -fmessage-length=0 -o "src\\Transporte.o" "..\\src\\Transporte.c" 
..\src\Transporte.c: In function 'darAltaTransporte':
..\src\Transporte.c:82:14: warning: passing argument 1 of 'getNumber' from incompatible pointer type [-Wincompatible-pointer-types]
   82 |    getNumber(&confirm, "Ingrese 1 si los datos ingresados son correctos o 0 si desea volver a cargar",
      |              ^~~~~~~~
      |              |
      |              char *
In file included from ..\src\Transporte.c:5:
..\src\Validaciones.h:11:20: note: expected 'int *' but argument is of type 'char *'
   11 | int getNumber(int *pResultado, char *mensaje, char *mensajeError, int minimo,
      |               ~~~~~^~~~~~~~~~
gcc -o PrimerParcialLaboratorio.exe "src\\HojaDeRuta.o" "src\\PrimerParcialLaboratorio.o" "src\\Tipo.o" "src\\Transporte.o" "src\\Validaciones.o" 
16:32:52 **** Incremental Build of configuration Debug for project PrimerParcialLaboratorio ****
Info: Internal Builder is used for build
gcc -O0 -g3 -Wall -c -fmessage-length=0 -o "src\\Transporte.o" "..\\src\\Transporte.c" 
..\src\Transporte.c: In function 'darAltaTransporte':
..\src\Transporte.c:82:14: warning: passing argument 1 of 'getNumber' makes pointer from integer without a cast [-Wint-conversion]
   82 |    getNumber(confirm, "Ingrese 1 si los datos ingresados son correctos o 0 si desea volver a cargar",
      |              ^~~~~~~
      |              |
      |              char
In file included from ..\src\Transporte.c:5:
..\src\Validaciones.h:11:20: note: expected 'int *' but argument is of type 'char'
   11 | int getNumber(int *pResultado, char *mensaje, char *mensajeError, int minimo,
      |               ~~~~~^~~~~~~~~~
..\src\Transporte.c:82:4: warning: 'confirm' may be used uninitialized in this function [-Wmaybe-uninitialized]
   82 |    getNumber(confirm, "Ingrese 1 si los datos ingresados son correctos o 0 si desea volver a cargar",
      |    ^~~~~~~~~~~~~~~~~~~~~~~~~~~~~~~~~~~~~~~~~~~~~~~~~~~~~~~~~~~~~~~~~~~~~~~~~~~~~~~~~~~~~~~~~~~~~~~~~~
   83 |      "No ingreso algo valido",0,1);
      |      ~~~~~~~~~~~~~~~~~~~~~~~~~~~~~
gcc -o PrimerParcialLaboratorio.exe "src\\HojaDeRuta.o" "src\\PrimerParcialLaboratorio.o" "src\\Tipo.o" "src\\Transporte.o" "src\\Validaciones.o" 
16:33:04 **** Incremental Build of configuration Debug for project PrimerParcialLaboratorio ****
Info: Internal Builder is used for build
gcc -O0 -g3 -Wall -c -fmessage-length=0 -o "src\\Transporte.o" "..\\src\\Transporte.c" 
..\src\Transporte.c: In function 'darAltaTransporte':
..\src\Transporte.c:82:14: warning: passing argument 1 of 'getNumber' makes pointer from integer without a cast [-Wint-conversion]
   82 |    getNumber(confirm, "Ingrese 1 si los datos ingresados son correctos o 0 si desea volver a cargar",
      |              ^~~~~~~
      |              |
      |              char
In file included from ..\src\Transporte.c:5:
..\src\Validaciones.h:11:20: note: expected 'int *' but argument is of type 'char'
   11 | int getNumber(int *pResultado, char *mensaje, char *mensajeError, int minimo,
      |               ~~~~~^~~~~~~~~~
..\src\Transporte.c:82:4: warning: 'confirm' may be used uninitialized in this function [-Wmaybe-uninitialized]
   82 |    getNumber(confirm, "Ingrese 1 si los datos ingresados son correctos o 0 si desea volver a cargar",
      |    ^~~~~~~~~~~~~~~~~~~~~~~~~~~~~~~~~~~~~~~~~~~~~~~~~~~~~~~~~~~~~~~~~~~~~~~~~~~~~~~~~~~~~~~~~~~~~~~~~~
   83 |      "No ingreso algo valido",0 , 1);
      |      ~~~~~~~~~~~~~~~~~~~~~~~~~~~~~~~
gcc -o PrimerParcialLaboratorio.exe "src\\HojaDeRuta.o" "src\\PrimerParcialLaboratorio.o" "src\\Tipo.o" "src\\Transporte.o" "src\\Validaciones.o" 
16:33:21 **** Incremental Build of configuration Debug for project PrimerParcialLaboratorio ****
Info: Internal Builder is used for build
gcc -O0 -g3 -Wall -c -fmessage-length=0 -o "src\\Transporte.o" "..\\src\\Transporte.c" 
..\src\Transporte.c: In function 'darAltaTransporte':
..\src\Transporte.c:82:14: warning: passing argument 1 of 'getNumber' makes pointer from integer without a cast [-Wint-conversion]
   82 |    getNumber(confirm, "Ingrese 1 si los datos ingresados son correctos o 0 si desea volver a cargar",
      |              ^~~~~~~
      |              |
      |              int
In file included from ..\src\Transporte.c:5:
..\src\Validaciones.h:11:20: note: expected 'int *' but argument is of type 'int'
   11 | int getNumber(int *pResultado, char *mensaje, char *mensajeError, int minimo,
      |               ~~~~~^~~~~~~~~~
..\src\Transporte.c:82:4: warning: 'confirm' may be used uninitialized in this function [-Wmaybe-uninitialized]
   82 |    getNumber(confirm, "Ingrese 1 si los datos ingresados son correctos o 0 si desea volver a cargar",
      |    ^~~~~~~~~~~~~~~~~~~~~~~~~~~~~~~~~~~~~~~~~~~~~~~~~~~~~~~~~~~~~~~~~~~~~~~~~~~~~~~~~~~~~~~~~~~~~~~~~~
   83 |      "No ingreso algo valido",0 , 1);
      |      ~~~~~~~~~~~~~~~~~~~~~~~~~~~~~~~
gcc -o PrimerParcialLaboratorio.exe "src\\HojaDeRuta.o" "src\\PrimerParcialLaboratorio.o" "src\\Tipo.o" "src\\Transporte.o" "src\\Validaciones.o" 
Info: Nothing to build for PrimerParcialLaboratorio
Info: Nothing to build for PrimerParcialLaboratorio
16:33:43 **** Incremental Build of configuration Debug for project PrimerParcialLaboratorio ****
Info: Internal Builder is used for build
gcc -O0 -g3 -Wall -c -fmessage-length=0 -o "src\\Transporte.o" "..\\src\\Transporte.c" 
..\src\Transporte.c: In function 'darAltaTransporte':
..\src\Transporte.c:82:14: warning: passing argument 1 of 'getNumber' makes pointer from integer without a cast [-Wint-conversion]
   82 |    getNumber(confirm, "Ingrese 1 si los datos ingresados son correctos o 0 si desea volver a cargar",
      |              ^~~~~~~
      |              |
      |              int
In file included from ..\src\Transporte.c:5:
..\src\Validaciones.h:11:20: note: expected 'int *' but argument is of type 'int'
   11 | int getNumber(int *pResultado, char *mensaje, char *mensajeError, int minimo,
      |               ~~~~~^~~~~~~~~~
..\src\Transporte.c:82:4: warning: 'confirm' may be used uninitialized in this function [-Wmaybe-uninitialized]
   82 |    getNumber(confirm, "Ingrese 1 si los datos ingresados son correctos o 0 si desea volver a cargar",
      |    ^~~~~~~~~~~~~~~~~~~~~~~~~~~~~~~~~~~~~~~~~~~~~~~~~~~~~~~~~~~~~~~~~~~~~~~~~~~~~~~~~~~~~~~~~~~~~~~~~~
   83 |      "\nNo ingreso algo valido",0 , 1);
      |      ~~~~~~~~~~~~~~~~~~~~~~~~~~~~~~~~~
gcc -o PrimerParcialLaboratorio.exe "src\\HojaDeRuta.o" "src\\PrimerParcialLaboratorio.o" "src\\Tipo.o" "src\\Transporte.o" "src\\Validaciones.o" 
16:33:54 **** Incremental Build of configuration Debug for project PrimerParcialLaboratorio ****
Info: Internal Builder is used for build
gcc -O0 -g3 -Wall -c -fmessage-length=0 -o "src\\Transporte.o" "..\\src\\Transporte.c" 
gcc -o PrimerParcialLaboratorio.exe "src\\HojaDeRuta.o" "src\\PrimerParcialLaboratorio.o" "src\\Tipo.o" "src\\Transporte.o" "src\\Validaciones.o" 
16:34:21 **** Incremental Build of configuration Debug for project PrimerParcialLaboratorio ****
Info: Internal Builder is used for build
gcc -O0 -g3 -Wall -c -fmessage-length=0 -o "src\\Transporte.o" "..\\src\\Transporte.c" 
..\src\Transporte.c: In function 'darAltaTransporte':
..\src\Transporte.c:81:17: error: incompatible type for argument 1 of 'mostrarDatos'
   81 |    mostrarDatos(auxtransporte, len);
      |                 ^~~~~~~~~~~~~
      |                 |
      |                 transporte {aka struct <anonymous>}
In file included from ..\src\Transporte.c:4:
..\src\Transporte.h:22:30: note: expected 'transporte *' {aka 'struct <anonymous> *'} but argument is of type 'transporte' {aka 'struct <anonymous>'}
   22 | void mostrarDatos(transporte transporte[], int len);
      |                   ~~~~~~~~~~~^~~~~~~~~~~~
16:34:26 **** Incremental Build of configuration Debug for project PrimerParcialLaboratorio ****
Info: Internal Builder is used for build
gcc -O0 -g3 -Wall -c -fmessage-length=0 -o "src\\Transporte.o" "..\\src\\Transporte.c" 
gcc -o PrimerParcialLaboratorio.exe "src\\HojaDeRuta.o" "src\\PrimerParcialLaboratorio.o" "src\\Tipo.o" "src\\Transporte.o" "src\\Validaciones.o" 
Info: Nothing to build for PrimerParcialLaboratorio
16:35:07 **** Incremental Build of configuration Debug for project PrimerParcialLaboratorio ****
Info: Internal Builder is used for build
gcc -O0 -g3 -Wall -c -fmessage-length=0 -o "src\\Transporte.o" "..\\src\\Transporte.c" 
gcc -o PrimerParcialLaboratorio.exe "src\\HojaDeRuta.o" "src\\PrimerParcialLaboratorio.o" "src\\Tipo.o" "src\\Transporte.o" "src\\Validaciones.o" 
c:/mingw/bin/../lib/gcc/mingw32/9.2.0/../../../../mingw32/bin/ld.exe: cannot open output file PrimerParcialLaboratorio.exe: Permission denied
collect2.exe: error: ld returned 1 exit status
16:35:08 **** Incremental Build of configuration Debug for project PrimerParcialLaboratorio ****
Info: Internal Builder is used for build
gcc -o PrimerParcialLaboratorio.exe "src\\HojaDeRuta.o" "src\\PrimerParcialLaboratorio.o" "src\\Tipo.o" "src\\Transporte.o" "src\\Validaciones.o" 
16:37:26 **** Incremental Build of configuration Debug for project PrimerParcialLaboratorio ****
Info: Internal Builder is used for build
gcc -O0 -g3 -Wall -c -fmessage-length=0 -o "src\\Transporte.o" "..\\src\\Transporte.c" 
gcc -o PrimerParcialLaboratorio.exe "src\\HojaDeRuta.o" "src\\PrimerParcialLaboratorio.o" "src\\Tipo.o" "src\\Transporte.o" "src\\Validaciones.o" 
c:/mingw/bin/../lib/gcc/mingw32/9.2.0/../../../../mingw32/bin/ld.exe: cannot open output file PrimerParcialLaboratorio.exe: Permission denied
collect2.exe: error: ld returned 1 exit status
16:37:27 **** Incremental Build of configuration Debug for project PrimerParcialLaboratorio ****
Info: Internal Builder is used for build
gcc -o PrimerParcialLaboratorio.exe "src\\HojaDeRuta.o" "src\\PrimerParcialLaboratorio.o" "src\\Tipo.o" "src\\Transporte.o" "src\\Validaciones.o" 
16:38:23 **** Incremental Build of configuration Debug for project PrimerParcialLaboratorio ****
Info: Internal Builder is used for build
gcc -O0 -g3 -Wall -c -fmessage-length=0 -o "src\\Transporte.o" "..\\src\\Transporte.c" 
gcc -o PrimerParcialLaboratorio.exe "src\\HojaDeRuta.o" "src\\PrimerParcialLaboratorio.o" "src\\Tipo.o" "src\\Transporte.o" "src\\Validaciones.o" 
c:/mingw/bin/../lib/gcc/mingw32/9.2.0/../../../../mingw32/bin/ld.exe: cannot open output file PrimerParcialLaboratorio.exe: Permission denied
collect2.exe: error: ld returned 1 exit status
12:39:59 **** Incremental Build of configuration Debug for project PrimerParcialLaboratorio ****
Info: Internal Builder is used for build
gcc -O0 -g3 -Wall -c -fmessage-length=0 -o "src\\HojaDeRuta.o" "..\\src\\HojaDeRuta.c" 
gcc -O0 -g3 -Wall -c -fmessage-length=0 -o "src\\Transporte.o" "..\\src\\Transporte.c" 
gcc -o PrimerParcialLaboratorio.exe "src\\HojaDeRuta.o" "src\\PrimerParcialLaboratorio.o" "src\\Tipo.o" "src\\Transporte.o" "src\\Validaciones.o" 
12:46:54 **** Incremental Build of configuration Debug for project PrimerParcialLaboratorio ****
Info: Internal Builder is used for build
gcc -O0 -g3 -Wall -c -fmessage-length=0 -o "src\\HojaDeRuta.o" "..\\src\\HojaDeRuta.c" 
..\src\HojaDeRuta.c:11:27: error: unknown type name 'hojaDeRuta'
   11 | int inicializarHojaDeRuta(hojaDeRuta hojaRuta[], int len) {
      |                           ^~~~~~~~~~
..\src\HojaDeRuta.c:28:23: error: unknown type name 'transporte'
   28 | int darAltaTransporte(transporte transportes[], int len) {
      |                       ^~~~~~~~~~
12:47:20 **** Incremental Build of configuration Debug for project PrimerParcialLaboratorio ****
Info: Internal Builder is used for build
gcc -O0 -g3 -Wall -c -fmessage-length=0 -o "src\\PrimerParcialLaboratorio.o" "..\\src\\PrimerParcialLaboratorio.c" 
gcc -O0 -g3 -Wall -c -fmessage-length=0 -o "src\\HojaDeRuta.o" "..\\src\\HojaDeRuta.c" 
..\src\HojaDeRuta.c:11:27: error: unknown type name 'hojaDeRuta'
   11 | int inicializarHojaDeRuta(hojaDeRuta hojaRuta[], int len) {
      |                           ^~~~~~~~~~
12:47:46 **** Incremental Build of configuration Debug for project PrimerParcialLaboratorio ****
Info: Internal Builder is used for build
gcc -O0 -g3 -Wall -c -fmessage-length=0 -o "src\\HojaDeRuta.o" "..\\src\\HojaDeRuta.c" 
..\src\HojaDeRuta.c:11:27: error: unknown type name 'hojaDeRuta'
   11 | int inicializarHojaDeRuta(hojaDeRuta hojaRuta[], int len) {
      |                           ^~~~~~~~~~
12:48:10 **** Incremental Build of configuration Debug for project PrimerParcialLaboratorio ****
Info: Internal Builder is used for build
gcc -O0 -g3 -Wall -c -fmessage-length=0 -o "src\\HojaDeRuta.o" "..\\src\\HojaDeRuta.c" 
gcc -o PrimerParcialLaboratorio.exe "src\\HojaDeRuta.o" "src\\PrimerParcialLaboratorio.o" "src\\Tipo.o" "src\\Transporte.o" "src\\Validaciones.o" 
12:48:59 **** Incremental Build of configuration Debug for project PrimerParcialLaboratorio ****
Info: Internal Builder is used for build
gcc -O0 -g3 -Wall -c -fmessage-length=0 -o "src\\PrimerParcialLaboratorio.o" "..\\src\\PrimerParcialLaboratorio.c" 
gcc -o PrimerParcialLaboratorio.exe "src\\HojaDeRuta.o" "src\\PrimerParcialLaboratorio.o" "src\\Tipo.o" "src\\Transporte.o" "src\\Validaciones.o" 
Info: Nothing to build for PrimerParcialLaboratorio
13:04:25 **** Incremental Build of configuration Debug for project PrimerParcialLaboratorio ****
Info: Internal Builder is used for build
gcc -O0 -g3 -Wall -c -fmessage-length=0 -o "src\\PrimerParcialLaboratorio.o" "..\\src\\PrimerParcialLaboratorio.c" 
gcc -O0 -g3 -Wall -c -fmessage-length=0 -o "src\\HojaDeRuta.o" "..\\src\\HojaDeRuta.c" 
..\src\HojaDeRuta.c: In function 'darAltaHojasDeRuta':
..\src\HojaDeRuta.c:39:25: warning: passing argument 1 of 'buscarVacio' from incompatible pointer type [-Wincompatible-pointer-types]
   39 |    indice = buscarVacio(hojaRuta, len);
      |                         ^~~~~~~~
      |                         |
      |                         hojaDeRuta * {aka struct <anonymous> *}
In file included from ..\src\HojaDeRuta.c:3:
..\src\Transporte.h:18:28: note: expected 'transporte *' {aka 'struct <anonymous> *'} but argument is of type 'hojaDeRuta *' {aka 'struct <anonymous> *'}
   18 | int buscarVacio(transporte transportes[], int len);
      |                 ~~~~~~~~~~~^~~~~~~~~~~~~
..\src\HojaDeRuta.c:46:5: warning: implicit declaration of function 'getNumber' [-Wimplicit-function-declaration]
   46 |     getNumber(&auxHojaRuta.pesoCarga, "\nIngrese el pesoCarga: ",
      |     ^~~~~~~~~
..\src\HojaDeRuta.c:46:27: error: 'hojaDeRuta' {aka 'struct <anonymous>'} has no member named 'pesoCarga'
   46 |     getNumber(&auxHojaRuta.pesoCarga, "\nIngrese el pesoCarga: ",
      |                           ^
..\src\HojaDeRuta.c:49:27: error: 'hojaDeRuta' {aka 'struct <anonymous>'} has no member named 'cantidadBultos'
   49 |     getNumber(&auxHojaRuta.cantidadBultos,
      |                           ^
..\src\HojaDeRuta.c:53:27: error: 'hojaDeRuta' {aka 'struct <anonymous>'} has no member named 'tipoId'
   53 |     getNumber(&auxHojaRuta.tipoId, "\nIngrese tipoId:\n"
      |                           ^
..\src\HojaDeRuta.c:64:17: warning: passing argument 1 of 'mostrarDatos' from incompatible pointer type [-Wincompatible-pointer-types]
   64 |    mostrarDatos(&auxHojaRuta, len);
      |                 ^~~~~~~~~~~~
      |                 |
      |                 hojaDeRuta * {aka struct <anonymous> *}
In file included from ..\src\HojaDeRuta.c:3:
..\src\Transporte.h:22:30: note: expected 'transporte *' {aka 'struct <anonymous> *'} but argument is of type 'hojaDeRuta *' {aka 'struct <anonymous> *'}
   22 | void mostrarDatos(transporte transporte[], int len);
      |                   ~~~~~~~~~~~^~~~~~~~~~~~
13:05:32 **** Incremental Build of configuration Debug for project PrimerParcialLaboratorio ****
Info: Internal Builder is used for build
gcc -O0 -g3 -Wall -c -fmessage-length=0 -o "src\\HojaDeRuta.o" "..\\src\\HojaDeRuta.c" 
..\src\HojaDeRuta.c: In function 'darAltaHojasDeRuta':
..\src\HojaDeRuta.c:39:25: warning: passing argument 1 of 'buscarVacio' from incompatible pointer type [-Wincompatible-pointer-types]
   39 |    indice = buscarVacio(hojaRuta, len);
      |                         ^~~~~~~~
      |                         |
      |                         hojaDeRuta * {aka struct <anonymous> *}
In file included from ..\src\HojaDeRuta.c:3:
..\src\Transporte.h:18:28: note: expected 'transporte *' {aka 'struct <anonymous> *'} but argument is of type 'hojaDeRuta *' {aka 'struct <anonymous> *'}
   18 | int buscarVacio(transporte transportes[], int len);
      |                 ~~~~~~~~~~~^~~~~~~~~~~~~
..\src\HojaDeRuta.c:46:5: warning: implicit declaration of function 'getNumber' [-Wimplicit-function-declaration]
   46 |     getNumber(&auxHojaRuta.pesoCarga, "\nIngrese el pesoCarga: ",
      |     ^~~~~~~~~
..\src\HojaDeRuta.c:46:27: error: 'hojaDeRuta' {aka 'struct <anonymous>'} has no member named 'pesoCarga'
   46 |     getNumber(&auxHojaRuta.pesoCarga, "\nIngrese el pesoCarga: ",
      |                           ^
..\src\HojaDeRuta.c:49:27: error: 'hojaDeRuta' {aka 'struct <anonymous>'} has no member named 'cantidadBultos'
   49 |     getNumber(&auxHojaRuta.cantidadBultos,
      |                           ^
..\src\HojaDeRuta.c:53:27: error: 'hojaDeRuta' {aka 'struct <anonymous>'} has no member named 'tipoId'
   53 |     getNumber(&auxHojaRuta.tipoId, "\nIngrese tipoId:\n"
      |                           ^
..\src\HojaDeRuta.c:64:17: warning: passing argument 1 of 'mostrarDatos' from incompatible pointer type [-Wincompatible-pointer-types]
   64 |    mostrarDatos(&auxHojaRuta, len);
      |                 ^~~~~~~~~~~~
      |                 |
      |                 hojaDeRuta * {aka struct <anonymous> *}
In file included from ..\src\HojaDeRuta.c:3:
..\src\Transporte.h:22:30: note: expected 'transporte *' {aka 'struct <anonymous> *'} but argument is of type 'hojaDeRuta *' {aka 'struct <anonymous> *'}
   22 | void mostrarDatos(transporte transporte[], int len);
      |                   ~~~~~~~~~~~^~~~~~~~~~~~
13:06:06 **** Incremental Build of configuration Debug for project PrimerParcialLaboratorio ****
Info: Internal Builder is used for build
gcc -O0 -g3 -Wall -c -fmessage-length=0 -o "src\\HojaDeRuta.o" "..\\src\\HojaDeRuta.c" 
..\src\HojaDeRuta.c: In function 'darAltaHojasDeRuta':
..\src\HojaDeRuta.c:39:25: warning: passing argument 1 of 'buscarVacio' from incompatible pointer type [-Wincompatible-pointer-types]
   39 |    indice = buscarVacio(hojaRuta, len);
      |                         ^~~~~~~~
      |                         |
      |                         hojaDeRuta * {aka struct <anonymous> *}
In file included from ..\src\HojaDeRuta.c:3:
..\src\Transporte.h:18:28: note: expected 'transporte *' {aka 'struct <anonymous> *'} but argument is of type 'hojaDeRuta *' {aka 'struct <anonymous> *'}
   18 | int buscarVacio(transporte transportes[], int len);
      |                 ~~~~~~~~~~~^~~~~~~~~~~~~
..\src\HojaDeRuta.c:46:5: warning: implicit declaration of function 'getNumber' [-Wimplicit-function-declaration]
   46 |     getNumber(&auxHojaRuta.pesoCarga, "\nIngrese el pesoCarga: ",
      |     ^~~~~~~~~
..\src\HojaDeRuta.c:46:27: error: 'hojaDeRuta' {aka 'struct <anonymous>'} has no member named 'pesoCarga'
   46 |     getNumber(&auxHojaRuta.pesoCarga, "\nIngrese el pesoCarga: ",
      |                           ^
..\src\HojaDeRuta.c:49:27: error: 'hojaDeRuta' {aka 'struct <anonymous>'} has no member named 'cantidadBultos'
   49 |     getNumber(&auxHojaRuta.cantidadBultos,
      |                           ^
..\src\HojaDeRuta.c:53:27: error: 'hojaDeRuta' {aka 'struct <anonymous>'} has no member named 'tipoId'
   53 |     getNumber(&auxHojaRuta.tipoId, "\nIngrese tipoId:\n"
      |                           ^
..\src\HojaDeRuta.c:64:17: warning: passing argument 1 of 'mostrarDatos' from incompatible pointer type [-Wincompatible-pointer-types]
   64 |    mostrarDatos(&auxHojaRuta, len);
      |                 ^~~~~~~~~~~~
      |                 |
      |                 hojaDeRuta * {aka struct <anonymous> *}
In file included from ..\src\HojaDeRuta.c:3:
..\src\Transporte.h:22:30: note: expected 'transporte *' {aka 'struct <anonymous> *'} but argument is of type 'hojaDeRuta *' {aka 'struct <anonymous> *'}
   22 | void mostrarDatos(transporte transporte[], int len);
      |                   ~~~~~~~~~~~^~~~~~~~~~~~
13:06:24 **** Incremental Build of configuration Debug for project PrimerParcialLaboratorio ****
Info: Internal Builder is used for build
gcc -O0 -g3 -Wall -c -fmessage-length=0 -o "src\\HojaDeRuta.o" "..\\src\\HojaDeRuta.c" 
..\src\HojaDeRuta.c: In function 'darAltaHojasDeRuta':
..\src\HojaDeRuta.c:39:25: warning: passing argument 1 of 'buscarVacio' from incompatible pointer type [-Wincompatible-pointer-types]
   39 |    indice = buscarVacio(hojaRuta, len);
      |                         ^~~~~~~~
      |                         |
      |                         hojaDeRuta * {aka struct <anonymous> *}
In file included from ..\src\HojaDeRuta.c:3:
..\src\Transporte.h:18:28: note: expected 'transporte *' {aka 'struct <anonymous> *'} but argument is of type 'hojaDeRuta *' {aka 'struct <anonymous> *'}
   18 | int buscarVacio(transporte transportes[], int len);
      |                 ~~~~~~~~~~~^~~~~~~~~~~~~
..\src\HojaDeRuta.c:46:5: warning: implicit declaration of function 'getNumber' [-Wimplicit-function-declaration]
   46 |     getNumber(&auxHojaRuta.pesoCarga, "\nIngrese el pesoCarga: ",
      |     ^~~~~~~~~
..\src\HojaDeRuta.c:46:27: error: 'hojaDeRuta' {aka 'struct <anonymous>'} has no member named 'pesoCarga'
   46 |     getNumber(&auxHojaRuta.pesoCarga, "\nIngrese el pesoCarga: ",
      |                           ^
..\src\HojaDeRuta.c:49:27: error: 'hojaDeRuta' {aka 'struct <anonymous>'} has no member named 'cantidadBultos'
   49 |     getNumber(&auxHojaRuta.cantidadBultos,
      |                           ^
..\src\HojaDeRuta.c:53:27: error: 'hojaDeRuta' {aka 'struct <anonymous>'} has no member named 'tipoId'
   53 |     getNumber(&auxHojaRuta.tipoId, "\nIngrese tipoId:\n"
      |                           ^
..\src\HojaDeRuta.c:64:17: warning: passing argument 1 of 'mostrarDatos' from incompatible pointer type [-Wincompatible-pointer-types]
   64 |    mostrarDatos(&auxHojaRuta, len);
      |                 ^~~~~~~~~~~~
      |                 |
      |                 hojaDeRuta * {aka struct <anonymous> *}
In file included from ..\src\HojaDeRuta.c:3:
..\src\Transporte.h:22:30: note: expected 'transporte *' {aka 'struct <anonymous> *'} but argument is of type 'hojaDeRuta *' {aka 'struct <anonymous> *'}
   22 | void mostrarDatos(transporte transportes[], int len);
      |                   ~~~~~~~~~~~^~~~~~~~~~~~~
13:06:56 **** Incremental Build of configuration Debug for project PrimerParcialLaboratorio ****
Info: Internal Builder is used for build
gcc -O0 -g3 -Wall -c -fmessage-length=0 -o "src\\HojaDeRuta.o" "..\\src\\HojaDeRuta.c" 
..\src\HojaDeRuta.c: In function 'darAltaHojasDeRuta':
..\src\HojaDeRuta.c:39:25: warning: passing argument 1 of 'buscarVacio' from incompatible pointer type [-Wincompatible-pointer-types]
   39 |    indice = buscarVacio(hojaRuta, len);
      |                         ^~~~~~~~
      |                         |
      |                         hojaDeRuta * {aka struct <anonymous> *}
In file included from ..\src\HojaDeRuta.c:3:
..\src\Transporte.h:18:28: note: expected 'transporte *' {aka 'struct <anonymous> *'} but argument is of type 'hojaDeRuta *' {aka 'struct <anonymous> *'}
   18 | int buscarVacio(transporte transportes[], int len);
      |                 ~~~~~~~~~~~^~~~~~~~~~~~~
..\src\HojaDeRuta.c:46:5: warning: implicit declaration of function 'getNumber' [-Wimplicit-function-declaration]
   46 |     getNumber(&auxHojaRuta.pesoCarga, "\nIngrese el pesoCarga: ",
      |     ^~~~~~~~~
..\src\HojaDeRuta.c:46:27: error: 'hojaDeRuta' {aka 'struct <anonymous>'} has no member named 'pesoCarga'
   46 |     getNumber(&auxHojaRuta.pesoCarga, "\nIngrese el pesoCarga: ",
      |                           ^
..\src\HojaDeRuta.c:49:27: error: 'hojaDeRuta' {aka 'struct <anonymous>'} has no member named 'cantidadBultos'
   49 |     getNumber(&auxHojaRuta.cantidadBultos,
      |                           ^
..\src\HojaDeRuta.c:53:27: error: 'hojaDeRuta' {aka 'struct <anonymous>'} has no member named 'tipoId'
   53 |     getNumber(&auxHojaRuta.tipoId, "\nIngrese tipoId:\n"
      |                           ^
..\src\HojaDeRuta.c:64:17: warning: passing argument 1 of 'mostrarDatos' from incompatible pointer type [-Wincompatible-pointer-types]
   64 |    mostrarDatos(&auxHojaRuta, len);
      |                 ^~~~~~~~~~~~
      |                 |
      |                 hojaDeRuta * {aka struct <anonymous> *}
In file included from ..\src\HojaDeRuta.c:3:
..\src\Transporte.h:22:30: note: expected 'transporte *' {aka 'struct <anonymous> *'} but argument is of type 'hojaDeRuta *' {aka 'struct <anonymous> *'}
   22 | void mostrarDatos(transporte transportes[], int len);
      |                   ~~~~~~~~~~~^~~~~~~~~~~~~
13:07:58 **** Incremental Build of configuration Debug for project PrimerParcialLaboratorio ****
Info: Internal Builder is used for build
gcc -O0 -g3 -Wall -c -fmessage-length=0 -o "src\\HojaDeRuta.o" "..\\src\\HojaDeRuta.c" 
gcc -O0 -g3 -Wall -c -fmessage-length=0 -o "src\\Transporte.o" "..\\src\\Transporte.c" 
gcc -O0 -g3 -Wall -c -fmessage-length=0 -o "src\\PrimerParcialLaboratorio.o" "..\\src\\PrimerParcialLaboratorio.c" 
gcc -o PrimerParcialLaboratorio.exe "src\\HojaDeRuta.o" "src\\PrimerParcialLaboratorio.o" "src\\Tipo.o" "src\\Transporte.o" "src\\Validaciones.o" 
c:/mingw/bin/../lib/gcc/mingw32/9.2.0/../../../../mingw32/bin/ld.exe: cannot open output file PrimerParcialLaboratorio.exe: Permission denied
collect2.exe: error: ld returned 1 exit status
13:08:05 **** Incremental Build of configuration Debug for project PrimerParcialLaboratorio ****
Info: Internal Builder is used for build
gcc -o PrimerParcialLaboratorio.exe "src\\HojaDeRuta.o" "src\\PrimerParcialLaboratorio.o" "src\\Tipo.o" "src\\Transporte.o" "src\\Validaciones.o" 
c:/mingw/bin/../lib/gcc/mingw32/9.2.0/../../../../mingw32/bin/ld.exe: cannot open output file PrimerParcialLaboratorio.exe: Permission denied
collect2.exe: error: ld returned 1 exit status
13:08:06 **** Incremental Build of configuration Debug for project PrimerParcialLaboratorio ****
Info: Internal Builder is used for build
gcc -o PrimerParcialLaboratorio.exe "src\\HojaDeRuta.o" "src\\PrimerParcialLaboratorio.o" "src\\Tipo.o" "src\\Transporte.o" "src\\Validaciones.o" 
13:24:09 **** Incremental Build of configuration Debug for project PrimerParcialLaboratorio ****
Info: Internal Builder is used for build
gcc -O0 -g3 -Wall -c -fmessage-length=0 -o "src\\HojaDeRuta.o" "..\\src\\HojaDeRuta.c" 
In file included from ..\src\HojaDeRuta.c:2:
..\src\HojaDeRuta.h:34:46: error: unknown type name 'transporte'
   34 | int darAltaHojaDeRuta(hojaDeRuta HojaRuta[], transporte transportes[], int len);
      |                                              ^~~~~~~~~~
In file included from ..\src\HojaDeRuta.c:3:
..\src\Transporte.h:18:5: error: conflicting types for 'buscarVacio'
   18 | int buscarVacio(transporte transportes[], int len);
      |     ^~~~~~~~~~~
In file included from ..\src\HojaDeRuta.c:2:
..\src\HojaDeRuta.h:33:5: note: previous declaration of 'buscarVacio' was here
   33 | int buscarVacio(hojaDeRuta HojaRuta[], int len);
      |     ^~~~~~~~~~~
..\src\HojaDeRuta.c: In function 'darAltaHojaDeRuta':
..\src\HojaDeRuta.c:57:13: warning: unused variable 'auxHojaRuta' [-Wunused-variable]
   57 |  hojaDeRuta auxHojaRuta;
      |             ^~~~~~~~~~~
..\src\HojaDeRuta.c:56:6: warning: unused variable 'confirm' [-Wunused-variable]
   56 |  int confirm;
      |      ^~~~~~~
13:24:35 **** Incremental Build of configuration Debug for project PrimerParcialLaboratorio ****
Info: Internal Builder is used for build
gcc -O0 -g3 -Wall -c -fmessage-length=0 -o "src\\PrimerParcialLaboratorio.o" "..\\src\\PrimerParcialLaboratorio.c" 
gcc -O0 -g3 -Wall -c -fmessage-length=0 -o "src\\HojaDeRuta.o" "..\\src\\HojaDeRuta.c" 
In file included from ..\src\HojaDeRuta.c:2:
..\src\HojaDeRuta.h:34:46: error: unknown type name 'transporte'
   34 | int darAltaHojaDeRuta(hojaDeRuta HojaRuta[], transporte transportes[], int len);
      |                                              ^~~~~~~~~~
..\src\HojaDeRuta.c: In function 'darAltaHojaDeRuta':
..\src\HojaDeRuta.c:57:13: warning: unused variable 'auxHojaRuta' [-Wunused-variable]
   57 |  hojaDeRuta auxHojaRuta;
      |             ^~~~~~~~~~~
..\src\HojaDeRuta.c:56:6: warning: unused variable 'confirm' [-Wunused-variable]
   56 |  int confirm;
      |      ^~~~~~~
13:25:28 **** Incremental Build of configuration Debug for project PrimerParcialLaboratorio ****
Info: Internal Builder is used for build
gcc -O0 -g3 -Wall -c -fmessage-length=0 -o "src\\HojaDeRuta.o" "..\\src\\HojaDeRuta.c" 
In file included from ..\src\HojaDeRuta.c:2:
..\src\HojaDeRuta.h:34:46: error: unknown type name 'transporte'
   34 | int darAltaHojaDeRuta(hojaDeRuta HojaRuta[], transporte transportes[], int len);
      |                                              ^~~~~~~~~~
..\src\HojaDeRuta.c: In function 'darAltaHojaDeRuta':
..\src\HojaDeRuta.c:57:13: warning: unused variable 'auxHojaRuta' [-Wunused-variable]
   57 |  hojaDeRuta auxHojaRuta;
      |             ^~~~~~~~~~~
..\src\HojaDeRuta.c:56:6: warning: unused variable 'confirm' [-Wunused-variable]
   56 |  int confirm;
      |      ^~~~~~~
13:31:03 **** Incremental Build of configuration Debug for project PrimerParcialLaboratorio ****
Info: Internal Builder is used for build
gcc -O0 -g3 -Wall -c -fmessage-length=0 -o "src\\HojaDeRuta.o" "..\\src\\HojaDeRuta.c" 
In file included from ..\src\HojaDeRuta.c:2:
..\src\HojaDeRuta.h:34:46: error: unknown type name 'transporte'
   34 | int darAltaHojaDeRuta(hojaDeRuta HojaRuta[], transporte transportes[], int len);
      |                                              ^~~~~~~~~~
..\src\HojaDeRuta.c: In function 'darAltaHojaDeRuta':
..\src\HojaDeRuta.c:57:13: warning: unused variable 'auxHojaRuta' [-Wunused-variable]
   57 |  hojaDeRuta auxHojaRuta;
      |             ^~~~~~~~~~~
..\src\HojaDeRuta.c:56:6: warning: unused variable 'confirm' [-Wunused-variable]
   56 |  int confirm;
      |      ^~~~~~~
13:31:09 **** Incremental Build of configuration Debug for project PrimerParcialLaboratorio ****
Info: Internal Builder is used for build
gcc -O0 -g3 -Wall -c -fmessage-length=0 -o "src\\HojaDeRuta.o" "..\\src\\HojaDeRuta.c" 
In file included from ..\src\HojaDeRuta.c:2:
..\src\HojaDeRuta.h:34:46: error: unknown type name 'transporte'
   34 | int darAltaHojaDeRuta(hojaDeRuta HojaRuta[], transporte transportes[], int len);
      |                                              ^~~~~~~~~~
..\src\HojaDeRuta.c: In function 'darAltaHojaDeRuta':
..\src\HojaDeRuta.c:57:13: warning: unused variable 'auxHojaRuta' [-Wunused-variable]
   57 |  hojaDeRuta auxHojaRuta;
      |             ^~~~~~~~~~~
..\src\HojaDeRuta.c:56:6: warning: unused variable 'confirm' [-Wunused-variable]
   56 |  int confirm;
      |      ^~~~~~~
13:34:49 **** Incremental Build of configuration Debug for project PrimerParcialLaboratorio ****
Info: Internal Builder is used for build
gcc -O0 -g3 -Wall -c -fmessage-length=0 -o "src\\PrimerParcialLaboratorio.o" "..\\src\\PrimerParcialLaboratorio.c" 
..\src\PrimerParcialLaboratorio.c: In function 'main':
..\src\PrimerParcialLaboratorio.c:26:25: warning: passing argument 2 of 'darAltaHojaDeRuta' makes pointer from integer without a cast [-Wint-conversion]
   26 | #define CANT_TRANSPORTE 5
      |                         ^
      |                         |
      |                         int
..\src\PrimerParcialLaboratorio.c:89:33: note: in expansion of macro 'CANT_TRANSPORTE'
   89 |    darAltaHojaDeRuta(hojasRuta, CANT_TRANSPORTE, transportes);
      |                                 ^~~~~~~~~~~~~~~
In file included from ..\src\PrimerParcialLaboratorio.c:24:
..\src\HojaDeRuta.h:34:57: note: expected 'transporte *' {aka 'struct <anonymous> *'} but argument is of type 'int'
   34 | int darAltaHojaDeRuta(hojaDeRuta HojaRuta[], transporte transportes[], int len);
      |                                              ~~~~~~~~~~~^~~~~~~~~~~~~
..\src\PrimerParcialLaboratorio.c:89:50: warning: passing argument 3 of 'darAltaHojaDeRuta' makes integer from pointer without a cast [-Wint-conversion]
   89 |    darAltaHojaDeRuta(hojasRuta, CANT_TRANSPORTE, transportes);
      |                                                  ^~~~~~~~~~~
      |                                                  |
      |                                                  transporte * {aka struct <anonymous> *}
In file included from ..\src\PrimerParcialLaboratorio.c:24:
..\src\HojaDeRuta.h:34:76: note: expected 'int' but argument is of type 'transporte *' {aka 'struct <anonymous> *'}
   34 | int darAltaHojaDeRuta(hojaDeRuta HojaRuta[], transporte transportes[], int len);
      |                                                                        ~~~~^~~
gcc -O0 -g3 -Wall -c -fmessage-length=0 -o "src\\HojaDeRuta.o" "..\\src\\HojaDeRuta.c" 
In file included from ..\src\HojaDeRuta.c:2:
..\src\HojaDeRuta.h:34:46: error: unknown type name 'transporte'
   34 | int darAltaHojaDeRuta(hojaDeRuta HojaRuta[], transporte transportes[], int len);
      |                                              ^~~~~~~~~~
..\src\HojaDeRuta.c: In function 'darAltaHojaDeRuta':
..\src\HojaDeRuta.c:62:3: warning: implicit declaration of function 'system' [-Wimplicit-function-declaration]
   62 |   system("pause");
      |   ^~~~~~
..\src\HojaDeRuta.c:64:3: warning: implicit declaration of function 'getNumber' [-Wimplicit-function-declaration]
   64 |   getNumber(auxHojaRuta, "\nSeleccione un transporte por su ID: ", "Ese transporte no existe\n",
      |   ^~~~~~~~~
..\src\HojaDeRuta.c:56:6: warning: unused variable 'confirm' [-Wunused-variable]
   56 |  int confirm;
      |      ^~~~~~~
13:35:08 **** Incremental Build of configuration Debug for project PrimerParcialLaboratorio ****
Info: Internal Builder is used for build
gcc -O0 -g3 -Wall -c -fmessage-length=0 -o "src\\HojaDeRuta.o" "..\\src\\HojaDeRuta.c" 
In file included from ..\src\HojaDeRuta.c:2:
..\src\HojaDeRuta.h:34:46: error: unknown type name 'transporte'
   34 | int darAltaHojaDeRuta(hojaDeRuta HojaRuta[], transporte transportes[], int len);
      |                                              ^~~~~~~~~~
..\src\HojaDeRuta.c: In function 'darAltaHojaDeRuta':
..\src\HojaDeRuta.c:63:3: warning: implicit declaration of function 'system' [-Wimplicit-function-declaration]
   63 |   system("pause");
      |   ^~~~~~
..\src\HojaDeRuta.c:65:13: error: incompatible type for argument 1 of 'getNumber'
   65 |   getNumber(auxHojaRuta, "\nSeleccione un transporte por su ID: ", "Ese transporte no existe\n",
      |             ^~~~~~~~~~~
      |             |
      |             hojaDeRuta {aka struct <anonymous>}
In file included from ..\src\HojaDeRuta.c:4:
..\src\Validaciones.h:11:20: note: expected 'int *' but argument is of type 'hojaDeRuta' {aka 'struct <anonymous>'}
   11 | int getNumber(int *pResultado, char *mensaje, char *mensajeError, int minimo,
      |               ~~~~~^~~~~~~~~~
..\src\HojaDeRuta.c:57:6: warning: unused variable 'confirm' [-Wunused-variable]
   57 |  int confirm;
      |      ^~~~~~~
13:35:16 **** Incremental Build of configuration Debug for project PrimerParcialLaboratorio ****
Info: Internal Builder is used for build
gcc -O0 -g3 -Wall -c -fmessage-length=0 -o "src\\HojaDeRuta.o" "..\\src\\HojaDeRuta.c" 
In file included from ..\src\HojaDeRuta.c:2:
..\src\HojaDeRuta.h:34:46: error: unknown type name 'transporte'
   34 | int darAltaHojaDeRuta(hojaDeRuta HojaRuta[], transporte transportes[], int len);
      |                                              ^~~~~~~~~~
..\src\HojaDeRuta.c: In function 'darAltaHojaDeRuta':
..\src\HojaDeRuta.c:63:3: warning: implicit declaration of function 'system' [-Wimplicit-function-declaration]
   63 |   system("pause");
      |   ^~~~~~
..\src\HojaDeRuta.c:65:13: warning: passing argument 1 of 'getNumber' from incompatible pointer type [-Wincompatible-pointer-types]
   65 |   getNumber(&auxHojaRuta, "\nSeleccione un transporte por su ID: ", "Ese transporte no existe\n",
      |             ^~~~~~~~~~~~
      |             |
      |             hojaDeRuta * {aka struct <anonymous> *}
In file included from ..\src\HojaDeRuta.c:4:
..\src\Validaciones.h:11:20: note: expected 'int *' but argument is of type 'hojaDeRuta *' {aka 'struct <anonymous> *'}
   11 | int getNumber(int *pResultado, char *mensaje, char *mensajeError, int minimo,
      |               ~~~~~^~~~~~~~~~
..\src\HojaDeRuta.c:57:6: warning: unused variable 'confirm' [-Wunused-variable]
   57 |  int confirm;
      |      ^~~~~~~
13:35:54 **** Incremental Build of configuration Debug for project PrimerParcialLaboratorio ****
Info: Internal Builder is used for build
gcc -O0 -g3 -Wall -c -fmessage-length=0 -o "src\\HojaDeRuta.o" "..\\src\\HojaDeRuta.c" 
In file included from ..\src\HojaDeRuta.c:2:
..\src\HojaDeRuta.h:34:46: error: unknown type name 'transporte'
   34 | int darAltaHojaDeRuta(hojaDeRuta HojaRuta[], transporte transportes[], int len);
      |                                              ^~~~~~~~~~
..\src\HojaDeRuta.c: In function 'darAltaHojaDeRuta':
..\src\HojaDeRuta.c:63:3: warning: implicit declaration of function 'system' [-Wimplicit-function-declaration]
   63 |   system("pause");
      |   ^~~~~~
..\src\HojaDeRuta.c:65:24: error: subscripted value is neither array nor pointer nor vector
   65 |   getNumber(auxHojaRuta[0], "\nSeleccione un transporte por su ID: ", "Ese transporte no existe\n",
      |                        ^
..\src\HojaDeRuta.c:58:13: warning: variable 'auxHojaRuta' set but not used [-Wunused-but-set-variable]
   58 |  hojaDeRuta auxHojaRuta;
      |             ^~~~~~~~~~~
..\src\HojaDeRuta.c:57:6: warning: unused variable 'confirm' [-Wunused-variable]
   57 |  int confirm;
      |      ^~~~~~~
13:36:11 **** Incremental Build of configuration Debug for project PrimerParcialLaboratorio ****
Info: Internal Builder is used for build
gcc -O0 -g3 -Wall -c -fmessage-length=0 -o "src\\HojaDeRuta.o" "..\\src\\HojaDeRuta.c" 
In file included from ..\src\HojaDeRuta.c:2:
..\src\HojaDeRuta.h:34:46: error: unknown type name 'transporte'
   34 | int darAltaHojaDeRuta(hojaDeRuta HojaRuta[], transporte transportes[], int len);
      |                                              ^~~~~~~~~~
..\src\HojaDeRuta.c: In function 'darAltaHojaDeRuta':
..\src\HojaDeRuta.c:63:3: warning: implicit declaration of function 'system' [-Wimplicit-function-declaration]
   63 |   system("pause");
      |   ^~~~~~
..\src\HojaDeRuta.c:65:24: error: subscripted value is neither array nor pointer nor vector
   65 |   getNumber(auxHojaRuta[0].transporteId, "\nSeleccione un transporte por su ID: ", "Ese transporte no existe\n",
      |                        ^
..\src\HojaDeRuta.c:58:13: warning: variable 'auxHojaRuta' set but not used [-Wunused-but-set-variable]
   58 |  hojaDeRuta auxHojaRuta;
      |             ^~~~~~~~~~~
..\src\HojaDeRuta.c:57:6: warning: unused variable 'confirm' [-Wunused-variable]
   57 |  int confirm;
      |      ^~~~~~~
13:36:19 **** Incremental Build of configuration Debug for project PrimerParcialLaboratorio ****
Info: Internal Builder is used for build
gcc -O0 -g3 -Wall -c -fmessage-length=0 -o "src\\HojaDeRuta.o" "..\\src\\HojaDeRuta.c" 
In file included from ..\src\HojaDeRuta.c:2:
..\src\HojaDeRuta.h:34:46: error: unknown type name 'transporte'
   34 | int darAltaHojaDeRuta(hojaDeRuta HojaRuta[], transporte transportes[], int len);
      |                                              ^~~~~~~~~~
..\src\HojaDeRuta.c: In function 'darAltaHojaDeRuta':
..\src\HojaDeRuta.c:63:3: warning: implicit declaration of function 'system' [-Wimplicit-function-declaration]
   63 |   system("pause");
      |   ^~~~~~
..\src\HojaDeRuta.c:65:24: warning: passing argument 1 of 'getNumber' makes pointer from integer without a cast [-Wint-conversion]
   65 |   getNumber(auxHojaRuta.transporteId, "\nSeleccione un transporte por su ID: ", "Ese transporte no existe\n",
      |             ~~~~~~~~~~~^~~~~~~~~~~~~
      |                        |
      |                        int
In file included from ..\src\HojaDeRuta.c:4:
..\src\Validaciones.h:11:20: note: expected 'int *' but argument is of type 'int'
   11 | int getNumber(int *pResultado, char *mensaje, char *mensajeError, int minimo,
      |               ~~~~~^~~~~~~~~~
..\src\HojaDeRuta.c:57:6: warning: unused variable 'confirm' [-Wunused-variable]
   57 |  int confirm;
      |      ^~~~~~~
13:38:38 **** Incremental Build of configuration Debug for project PrimerParcialLaboratorio ****
Info: Internal Builder is used for build
gcc -O0 -g3 -Wall -c -fmessage-length=0 -o "src\\HojaDeRuta.o" "..\\src\\HojaDeRuta.c" 
In file included from ..\src\HojaDeRuta.c:3:
..\src\HojaDeRuta.h:34:46: error: unknown type name 'transporte'
   34 | int darAltaHojaDeRuta(hojaDeRuta HojaRuta[], transporte transportes[], int len);
      |                                              ^~~~~~~~~~
..\src\HojaDeRuta.c: In function 'darAltaHojaDeRuta':
..\src\HojaDeRuta.c:66:24: warning: passing argument 1 of 'getNumber' makes pointer from integer without a cast [-Wint-conversion]
   66 |   getNumber(auxHojaRuta.transporteId, "\nSeleccione un transporte por su ID: ", "Ese transporte no existe\n",
      |             ~~~~~~~~~~~^~~~~~~~~~~~~
      |                        |
      |                        int
In file included from ..\src\HojaDeRuta.c:5:
..\src\Validaciones.h:11:20: note: expected 'int *' but argument is of type 'int'
   11 | int getNumber(int *pResultado, char *mensaje, char *mensajeError, int minimo,
      |               ~~~~~^~~~~~~~~~
..\src\HojaDeRuta.c:58:6: warning: unused variable 'confirm' [-Wunused-variable]
   58 |  int confirm;
      |      ^~~~~~~
13:39:14 **** Incremental Build of configuration Debug for project PrimerParcialLaboratorio ****
Info: Internal Builder is used for build
gcc -O0 -g3 -Wall -c -fmessage-length=0 -o "src\\HojaDeRuta.o" "..\\src\\HojaDeRuta.c" 
In file included from ..\src\HojaDeRuta.c:3:
..\src\HojaDeRuta.h:34:46: error: unknown type name 'transporte'
   34 | int darAltaHojaDeRuta(hojaDeRuta HojaRuta[], transporte transportes[], int len);
      |                                              ^~~~~~~~~~
..\src\HojaDeRuta.c: In function 'darAltaHojaDeRuta':
..\src\HojaDeRuta.c:66:24: error: subscripted value is neither array nor pointer nor vector
   66 |   getNumber(auxHojaRuta[0].transporteId, "\nSeleccione un transporte por su ID: ", "Ese transporte no existe\n",
      |                        ^
..\src\HojaDeRuta.c:59:13: warning: variable 'auxHojaRuta' set but not used [-Wunused-but-set-variable]
   59 |  hojaDeRuta auxHojaRuta;
      |             ^~~~~~~~~~~
..\src\HojaDeRuta.c:58:6: warning: unused variable 'confirm' [-Wunused-variable]
   58 |  int confirm;
      |      ^~~~~~~
13:39:30 **** Incremental Build of configuration Debug for project PrimerParcialLaboratorio ****
Info: Internal Builder is used for build
gcc -O0 -g3 -Wall -c -fmessage-length=0 -o "src\\HojaDeRuta.o" "..\\src\\HojaDeRuta.c" 
In file included from ..\src\HojaDeRuta.c:3:
..\src\HojaDeRuta.h:34:46: error: unknown type name 'transporte'
   34 | int darAltaHojaDeRuta(hojaDeRuta HojaRuta[], transporte transportes[], int len);
      |                                              ^~~~~~~~~~
..\src\HojaDeRuta.c: In function 'darAltaHojaDeRuta':
..\src\HojaDeRuta.c:58:6: warning: unused variable 'confirm' [-Wunused-variable]
   58 |  int confirm;
      |      ^~~~~~~
13:41:39 **** Incremental Build of configuration Debug for project PrimerParcialLaboratorio ****
Info: Internal Builder is used for build
gcc -O0 -g3 -Wall -c -fmessage-length=0 -o "src\\HojaDeRuta.o" "..\\src\\HojaDeRuta.c" 
In file included from ..\src\HojaDeRuta.c:3:
..\src\HojaDeRuta.h:34:46: error: unknown type name 'transporte'
   34 | int darAltaHojaDeRuta(hojaDeRuta HojaRuta[], transporte transportes[], int len);
      |                                              ^~~~~~~~~~
..\src\HojaDeRuta.c: In function 'darAltaHojaDeRuta':
..\src\HojaDeRuta.c:58:6: warning: unused variable 'confirm' [-Wunused-variable]
   58 |  int confirm;
      |      ^~~~~~~
13:43:28 **** Incremental Build of configuration Debug for project PrimerParcialLaboratorio ****
Info: Internal Builder is used for build
gcc -O0 -g3 -Wall -c -fmessage-length=0 -o "src\\HojaDeRuta.o" "..\\src\\HojaDeRuta.c" 
In file included from ..\src\HojaDeRuta.c:3:
..\src\HojaDeRuta.h:34:46: error: unknown type name 'transporte'
   34 | int darAltaHojaDeRuta(hojaDeRuta HojaRuta[], transporte transportes[], int len);
      |                                              ^~~~~~~~~~
..\src\HojaDeRuta.c: In function 'darAltaHojaDeRuta':
..\src\HojaDeRuta.c:58:6: warning: unused variable 'confirm' [-Wunused-variable]
   58 |  int confirm;
      |      ^~~~~~~
13:43:56 **** Incremental Build of configuration Debug for project PrimerParcialLaboratorio ****
Info: Internal Builder is used for build
gcc -O0 -g3 -Wall -c -fmessage-length=0 -o "src\\PrimerParcialLaboratorio.o" "..\\src\\PrimerParcialLaboratorio.c" 
..\src\PrimerParcialLaboratorio.c: In function 'main':
..\src\PrimerParcialLaboratorio.c:26:25: warning: passing argument 2 of 'darAltaHojaDeRuta' makes pointer from integer without a cast [-Wint-conversion]
   26 | #define CANT_TRANSPORTE 5
      |                         ^
      |                         |
      |                         int
..\src\PrimerParcialLaboratorio.c:89:33: note: in expansion of macro 'CANT_TRANSPORTE'
   89 |    darAltaHojaDeRuta(hojasRuta, CANT_TRANSPORTE, transportes);
      |                                 ^~~~~~~~~~~~~~~
In file included from ..\src\PrimerParcialLaboratorio.c:24:
..\src\HojaDeRuta.h:34:57: note: expected 'transporte *' {aka 'struct <anonymous> *'} but argument is of type 'int'
   34 | int darAltaHojaDeRuta(hojaDeRuta HojaRuta[], transporte transportes[], int len);
      |                                              ~~~~~~~~~~~^~~~~~~~~~~~~
..\src\PrimerParcialLaboratorio.c:89:50: warning: passing argument 3 of 'darAltaHojaDeRuta' makes integer from pointer without a cast [-Wint-conversion]
   89 |    darAltaHojaDeRuta(hojasRuta, CANT_TRANSPORTE, transportes);
      |                                                  ^~~~~~~~~~~
      |                                                  |
      |                                                  transporte * {aka struct <anonymous> *}
In file included from ..\src\PrimerParcialLaboratorio.c:24:
..\src\HojaDeRuta.h:34:76: note: expected 'int' but argument is of type 'transporte *' {aka 'struct <anonymous> *'}
   34 | int darAltaHojaDeRuta(hojaDeRuta HojaRuta[], transporte transportes[], int len);
      |                                                                        ~~~~^~~
gcc -O0 -g3 -Wall -c -fmessage-length=0 -o "src\\HojaDeRuta.o" "..\\src\\HojaDeRuta.c" 
In file included from ..\src\HojaDeRuta.c:3:
..\src\HojaDeRuta.h:34:46: error: unknown type name 'transporte'
   34 | int darAltaHojaDeRuta(hojaDeRuta HojaRuta[], transporte transportes[], int len);
      |                                              ^~~~~~~~~~
..\src\HojaDeRuta.c: In function 'darAltaHojaDeRuta':
..\src\HojaDeRuta.c:58:6: warning: unused variable 'confirm' [-Wunused-variable]
   58 |  int confirm;
      |      ^~~~~~~
13:46:40 **** Incremental Build of configuration Debug for project PrimerParcialLaboratorio ****
Info: Internal Builder is used for build
gcc -O0 -g3 -Wall -c -fmessage-length=0 -o "src\\HojaDeRuta.o" "..\\src\\HojaDeRuta.c" 
..\src\HojaDeRuta.c: In function 'darAltaHojaDeRuta':
..\src\HojaDeRuta.c:58:6: warning: unused variable 'confirm' [-Wunused-variable]
   58 |  int confirm;
      |      ^~~~~~~
gcc -o PrimerParcialLaboratorio.exe "src\\HojaDeRuta.o" "src\\PrimerParcialLaboratorio.o" "src\\Tipo.o" "src\\Transporte.o" "src\\Validaciones.o" 
c:/mingw/bin/../lib/gcc/mingw32/9.2.0/../../../../mingw32/bin/ld.exe: cannot open output file PrimerParcialLaboratorio.exe: Permission denied
collect2.exe: error: ld returned 1 exit status
13:46:49 **** Incremental Build of configuration Debug for project PrimerParcialLaboratorio ****
Info: Internal Builder is used for build
gcc -o PrimerParcialLaboratorio.exe "src\\HojaDeRuta.o" "src\\PrimerParcialLaboratorio.o" "src\\Tipo.o" "src\\Transporte.o" "src\\Validaciones.o" 
c:/mingw/bin/../lib/gcc/mingw32/9.2.0/../../../../mingw32/bin/ld.exe: cannot open output file PrimerParcialLaboratorio.exe: Permission denied
collect2.exe: error: ld returned 1 exit status
13:46:51 **** Incremental Build of configuration Debug for project PrimerParcialLaboratorio ****
Info: Internal Builder is used for build
gcc -o PrimerParcialLaboratorio.exe "src\\HojaDeRuta.o" "src\\PrimerParcialLaboratorio.o" "src\\Tipo.o" "src\\Transporte.o" "src\\Validaciones.o" 
c:/mingw/bin/../lib/gcc/mingw32/9.2.0/../../../../mingw32/bin/ld.exe: cannot open output file PrimerParcialLaboratorio.exe: Permission denied
collect2.exe: error: ld returned 1 exit status
13:46:52 **** Incremental Build of configuration Debug for project PrimerParcialLaboratorio ****
Info: Internal Builder is used for build
gcc -o PrimerParcialLaboratorio.exe "src\\HojaDeRuta.o" "src\\PrimerParcialLaboratorio.o" "src\\Tipo.o" "src\\Transporte.o" "src\\Validaciones.o" 
c:/mingw/bin/../lib/gcc/mingw32/9.2.0/../../../../mingw32/bin/ld.exe: cannot open output file PrimerParcialLaboratorio.exe: Permission denied
collect2.exe: error: ld returned 1 exit status
13:46:52 **** Incremental Build of configuration Debug for project PrimerParcialLaboratorio ****
Info: Internal Builder is used for build
gcc -o PrimerParcialLaboratorio.exe "src\\HojaDeRuta.o" "src\\PrimerParcialLaboratorio.o" "src\\Tipo.o" "src\\Transporte.o" "src\\Validaciones.o" 
c:/mingw/bin/../lib/gcc/mingw32/9.2.0/../../../../mingw32/bin/ld.exe: cannot open output file PrimerParcialLaboratorio.exe: Permission denied
collect2.exe: error: ld returned 1 exit status
13:46:53 **** Incremental Build of configuration Debug for project PrimerParcialLaboratorio ****
Info: Internal Builder is used for build
gcc -o PrimerParcialLaboratorio.exe "src\\HojaDeRuta.o" "src\\PrimerParcialLaboratorio.o" "src\\Tipo.o" "src\\Transporte.o" "src\\Validaciones.o" 
c:/mingw/bin/../lib/gcc/mingw32/9.2.0/../../../../mingw32/bin/ld.exe: cannot open output file PrimerParcialLaboratorio.exe: Permission denied
collect2.exe: error: ld returned 1 exit status
13:54:39 **** Incremental Build of configuration Debug for project PrimerParcialLaboratorio ****
Info: Internal Builder is used for build
gcc -O0 -g3 -Wall -c -fmessage-length=0 -o "src\\HojaDeRuta.o" "..\\src\\HojaDeRuta.c" 
gcc -o PrimerParcialLaboratorio.exe "src\\HojaDeRuta.o" "src\\PrimerParcialLaboratorio.o" "src\\Tipo.o" "src\\Transporte.o" "src\\Validaciones.o" 
c:/mingw/bin/../lib/gcc/mingw32/9.2.0/../../../../mingw32/bin/ld.exe: cannot open output file PrimerParcialLaboratorio.exe: Permission denied
collect2.exe: error: ld returned 1 exit status
13:54:42 **** Incremental Build of configuration Debug for project PrimerParcialLaboratorio ****
Info: Internal Builder is used for build
gcc -o PrimerParcialLaboratorio.exe "src\\HojaDeRuta.o" "src\\PrimerParcialLaboratorio.o" "src\\Tipo.o" "src\\Transporte.o" "src\\Validaciones.o" 
13:56:09 **** Incremental Build of configuration Debug for project PrimerParcialLaboratorio ****
Info: Internal Builder is used for build
gcc -O0 -g3 -Wall -c -fmessage-length=0 -o "src\\PrimerParcialLaboratorio.o" "..\\src\\PrimerParcialLaboratorio.c" 
gcc -o PrimerParcialLaboratorio.exe "src\\HojaDeRuta.o" "src\\PrimerParcialLaboratorio.o" "src\\Tipo.o" "src\\Transporte.o" "src\\Validaciones.o" 
Info: Nothing to build for PrimerParcialLaboratorio
15:34:43 **** Incremental Build of configuration Debug for project PrimerParcialLaboratorio ****
Info: Internal Builder is used for build
gcc -O0 -g3 -Wall -c -fmessage-length=0 -o "src\\PrimerParcialLaboratorio.o" "..\\src\\PrimerParcialLaboratorio.c" 
gcc -O0 -g3 -Wall -c -fmessage-length=0 -o "src\\HojaDeRuta.o" "..\\src\\HojaDeRuta.c" 
gcc -o PrimerParcialLaboratorio.exe "src\\HojaDeRuta.o" "src\\PrimerParcialLaboratorio.o" "src\\Tipo.o" "src\\Transporte.o" "src\\Validaciones.o" 
c:/mingw/bin/../lib/gcc/mingw32/9.2.0/../../../../mingw32/bin/ld.exe: cannot open output file PrimerParcialLaboratorio.exe: Permission denied
collect2.exe: error: ld returned 1 exit status
15:38:03 **** Incremental Build of configuration Debug for project PrimerParcialLaboratorio ****
Info: Internal Builder is used for build
gcc -O0 -g3 -Wall -c -fmessage-length=0 -o "src\\HojaDeRuta.o" "..\\src\\HojaDeRuta.c" 
..\src\HojaDeRuta.c: In function 'darAltaHojaDeRuta':
..\src\HojaDeRuta.c:57:12: error: expected ';' before 'hojaDeRuta'
   57 |  int indice
      |            ^
      |            ;
   58 |  hojaDeRuta auxHojaRuta;
      |  ~~~~~~~~~~ 
..\src\HojaDeRuta.c:63:4: error: 'indice' undeclared (first use in this function)
   63 |    indice = buscarVacio(HojaRuta, len);
      |    ^~~~~~
..\src\HojaDeRuta.c:63:4: note: each undeclared identifier is reported only once for each function it appears in
..\src\HojaDeRuta.c:63:25: warning: passing argument 1 of 'buscarVacio' from incompatible pointer type [-Wincompatible-pointer-types]
   63 |    indice = buscarVacio(HojaRuta, len);
      |                         ^~~~~~~~
      |                         |
      |                         hojaDeRuta * {aka struct <anonymous> *}
In file included from ..\src\HojaDeRuta.c:3:
..\src\Transporte.h:18:28: note: expected 'transporte *' {aka 'struct <anonymous> *'} but argument is of type 'hojaDeRuta *' {aka 'struct <anonymous> *'}
   18 | int buscarVacio(transporte transportes[], int len);
      |                 ~~~~~~~~~~~^~~~~~~~~~~~~
..\src\HojaDeRuta.c:96:17: warning: passing argument 1 of 'mostrarDatos' from incompatible pointer type [-Wincompatible-pointer-types]
   96 |    mostrarDatos(HojaRuta, len);
      |                 ^~~~~~~~
      |                 |
      |                 hojaDeRuta * {aka struct <anonymous> *}
In file included from ..\src\HojaDeRuta.c:3:
..\src\Transporte.h:22:30: note: expected 'transporte *' {aka 'struct <anonymous> *'} but argument is of type 'hojaDeRuta *' {aka 'struct <anonymous> *'}
   22 | void mostrarDatos(transporte transportes[], int len);
      |                   ~~~~~~~~~~~^~~~~~~~~~~~~
15:38:30 **** Incremental Build of configuration Debug for project PrimerParcialLaboratorio ****
Info: Internal Builder is used for build
gcc -O0 -g3 -Wall -c -fmessage-length=0 -o "src\\HojaDeRuta.o" "..\\src\\HojaDeRuta.c" 
..\src\HojaDeRuta.c: In function 'darAltaHojaDeRuta':
..\src\HojaDeRuta.c:57:12: error: expected ';' before 'hojaDeRuta'
   57 |  int indice
      |            ^
      |            ;
   58 |  hojaDeRuta auxHojaRuta;
      |  ~~~~~~~~~~ 
..\src\HojaDeRuta.c:63:4: error: 'indice' undeclared (first use in this function)
   63 |    indice = buscarVacioHojaRuta(HojaRuta, len);
      |    ^~~~~~
..\src\HojaDeRuta.c:63:4: note: each undeclared identifier is reported only once for each function it appears in
..\src\HojaDeRuta.c:96:17: warning: passing argument 1 of 'mostrarDatos' from incompatible pointer type [-Wincompatible-pointer-types]
   96 |    mostrarDatos(HojaRuta, len);
      |                 ^~~~~~~~
      |                 |
      |                 hojaDeRuta * {aka struct <anonymous> *}
In file included from ..\src\HojaDeRuta.c:3:
..\src\Transporte.h:22:30: note: expected 'transporte *' {aka 'struct <anonymous> *'} but argument is of type 'hojaDeRuta *' {aka 'struct <anonymous> *'}
   22 | void mostrarDatos(transporte transportes[], int len);
      |                   ~~~~~~~~~~~^~~~~~~~~~~~~
15:38:55 **** Incremental Build of configuration Debug for project PrimerParcialLaboratorio ****
Info: Internal Builder is used for build
gcc -O0 -g3 -Wall -c -fmessage-length=0 -o "src\\HojaDeRuta.o" "..\\src\\HojaDeRuta.c" 
..\src\HojaDeRuta.c: In function 'darAltaHojaDeRuta':
..\src\HojaDeRuta.c:96:17: warning: passing argument 1 of 'mostrarDatos' from incompatible pointer type [-Wincompatible-pointer-types]
   96 |    mostrarDatos(HojaRuta, len);
      |                 ^~~~~~~~
      |                 |
      |                 hojaDeRuta * {aka struct <anonymous> *}
In file included from ..\src\HojaDeRuta.c:3:
..\src\Transporte.h:22:30: note: expected 'transporte *' {aka 'struct <anonymous> *'} but argument is of type 'hojaDeRuta *' {aka 'struct <anonymous> *'}
   22 | void mostrarDatos(transporte transportes[], int len);
      |                   ~~~~~~~~~~~^~~~~~~~~~~~~
gcc -o PrimerParcialLaboratorio.exe "src\\HojaDeRuta.o" "src\\PrimerParcialLaboratorio.o" "src\\Tipo.o" "src\\Transporte.o" "src\\Validaciones.o" 
c:/mingw/bin/../lib/gcc/mingw32/9.2.0/../../../../mingw32/bin/ld.exe: cannot open output file PrimerParcialLaboratorio.exe: Permission denied
collect2.exe: error: ld returned 1 exit status
15:39:15 **** Incremental Build of configuration Debug for project PrimerParcialLaboratorio ****
Info: Internal Builder is used for build
gcc -O0 -g3 -Wall -c -fmessage-length=0 -o "src\\HojaDeRuta.o" "..\\src\\HojaDeRuta.c" 
..\src\HojaDeRuta.c: In function 'darAltaHojaDeRuta':
..\src\HojaDeRuta.c:96:17: warning: passing argument 1 of 'mostrarDatos' from incompatible pointer type [-Wincompatible-pointer-types]
   96 |    mostrarDatos(&HojaRuta, len);
      |                 ^~~~~~~~~
      |                 |
      |                 hojaDeRuta ** {aka struct <anonymous> **}
In file included from ..\src\HojaDeRuta.c:3:
..\src\Transporte.h:22:30: note: expected 'transporte *' {aka 'struct <anonymous> *'} but argument is of type 'hojaDeRuta **' {aka 'struct <anonymous> **'}
   22 | void mostrarDatos(transporte transportes[], int len);
      |                   ~~~~~~~~~~~^~~~~~~~~~~~~
gcc -o PrimerParcialLaboratorio.exe "src\\HojaDeRuta.o" "src\\PrimerParcialLaboratorio.o" "src\\Tipo.o" "src\\Transporte.o" "src\\Validaciones.o" 
c:/mingw/bin/../lib/gcc/mingw32/9.2.0/../../../../mingw32/bin/ld.exe: cannot open output file PrimerParcialLaboratorio.exe: Permission denied
collect2.exe: error: ld returned 1 exit status
15:40:23 **** Incremental Build of configuration Debug for project PrimerParcialLaboratorio ****
Info: Internal Builder is used for build
gcc -O0 -g3 -Wall -c -fmessage-length=0 -o "src\\HojaDeRuta.o" "..\\src\\HojaDeRuta.c" 
..\src\HojaDeRuta.c: In function 'darAltaHojaDeRuta':
..\src\HojaDeRuta.c:96:17: warning: passing argument 1 of 'mostrarDatos' from incompatible pointer type [-Wincompatible-pointer-types]
   96 |    mostrarDatos(HojaRuta, len);
      |                 ^~~~~~~~
      |                 |
      |                 hojaDeRuta * {aka struct <anonymous> *}
In file included from ..\src\HojaDeRuta.c:3:
..\src\Transporte.h:22:30: note: expected 'transporte *' {aka 'struct <anonymous> *'} but argument is of type 'hojaDeRuta *' {aka 'struct <anonymous> *'}
   22 | void mostrarDatos(transporte transportes[], int len);
      |                   ~~~~~~~~~~~^~~~~~~~~~~~~
gcc -O0 -g3 -Wall -c -fmessage-length=0 -o "src\\PrimerParcialLaboratorio.o" "..\\src\\PrimerParcialLaboratorio.c" 
gcc -O0 -g3 -Wall -c -fmessage-length=0 -o "src\\Transporte.o" "..\\src\\Transporte.c" 
gcc -o PrimerParcialLaboratorio.exe "src\\HojaDeRuta.o" "src\\PrimerParcialLaboratorio.o" "src\\Tipo.o" "src\\Transporte.o" "src\\Validaciones.o" 
c:/mingw/bin/../lib/gcc/mingw32/9.2.0/../../../../mingw32/bin/ld.exe: cannot open output file PrimerParcialLaboratorio.exe: Permission denied
collect2.exe: error: ld returned 1 exit status
15:40:30 **** Incremental Build of configuration Debug for project PrimerParcialLaboratorio ****
Info: Internal Builder is used for build
gcc -o PrimerParcialLaboratorio.exe "src\\HojaDeRuta.o" "src\\PrimerParcialLaboratorio.o" "src\\Tipo.o" "src\\Transporte.o" "src\\Validaciones.o" 
Info: Nothing to build for PrimerParcialLaboratorio
Info: Nothing to build for PrimerParcialLaboratorio
15:43:29 **** Incremental Build of configuration Debug for project PrimerParcialLaboratorio ****
Info: Internal Builder is used for build
gcc -O0 -g3 -Wall -c -fmessage-length=0 -o "src\\HojaDeRuta.o" "..\\src\\HojaDeRuta.c" 
..\src\HojaDeRuta.c: In function 'darAltaHojaDeRuta':
..\src\HojaDeRuta.c:96:17: error: incompatible type for argument 1 of 'mostrarDatos'
   96 |    mostrarDatos(auxHojaRuta, len);
      |                 ^~~~~~~~~~~
      |                 |
      |                 hojaDeRuta {aka struct <anonymous>}
In file included from ..\src\HojaDeRuta.c:3:
..\src\Transporte.h:22:30: note: expected 'transporte *' {aka 'struct <anonymous> *'} but argument is of type 'hojaDeRuta' {aka 'struct <anonymous>'}
   22 | void mostrarDatos(transporte transportes[], int len);
      |                   ~~~~~~~~~~~^~~~~~~~~~~~~
15:43:35 **** Incremental Build of configuration Debug for project PrimerParcialLaboratorio ****
Info: Internal Builder is used for build
gcc -O0 -g3 -Wall -c -fmessage-length=0 -o "src\\HojaDeRuta.o" "..\\src\\HojaDeRuta.c" 
..\src\HojaDeRuta.c: In function 'darAltaHojaDeRuta':
..\src\HojaDeRuta.c:96:17: warning: passing argument 1 of 'mostrarDatos' from incompatible pointer type [-Wincompatible-pointer-types]
   96 |    mostrarDatos(&auxHojaRuta, len);
      |                 ^~~~~~~~~~~~
      |                 |
      |                 hojaDeRuta * {aka struct <anonymous> *}
In file included from ..\src\HojaDeRuta.c:3:
..\src\Transporte.h:22:30: note: expected 'transporte *' {aka 'struct <anonymous> *'} but argument is of type 'hojaDeRuta *' {aka 'struct <anonymous> *'}
   22 | void mostrarDatos(transporte transportes[], int len);
      |                   ~~~~~~~~~~~^~~~~~~~~~~~~
gcc -o PrimerParcialLaboratorio.exe "src\\HojaDeRuta.o" "src\\PrimerParcialLaboratorio.o" "src\\Tipo.o" "src\\Transporte.o" "src\\Validaciones.o" 
c:/mingw/bin/../lib/gcc/mingw32/9.2.0/../../../../mingw32/bin/ld.exe: cannot open output file PrimerParcialLaboratorio.exe: Permission denied
collect2.exe: error: ld returned 1 exit status
15:43:42 **** Incremental Build of configuration Debug for project PrimerParcialLaboratorio ****
Info: Internal Builder is used for build
gcc -o PrimerParcialLaboratorio.exe "src\\HojaDeRuta.o" "src\\PrimerParcialLaboratorio.o" "src\\Tipo.o" "src\\Transporte.o" "src\\Validaciones.o" 
15:43:50 **** Incremental Build of configuration Debug for project PrimerParcialLaboratorio ****
Info: Internal Builder is used for build
gcc -O0 -g3 -Wall -c -fmessage-length=0 -o "src\\HojaDeRuta.o" "..\\src\\HojaDeRuta.c" 
..\src\HojaDeRuta.c: In function 'darAltaHojaDeRuta':
..\src\HojaDeRuta.c:96:17: error: incompatible type for argument 1 of 'mostrarDatos'
   96 |    mostrarDatos(auxHojaRuta, len);
      |                 ^~~~~~~~~~~
      |                 |
      |                 hojaDeRuta {aka struct <anonymous>}
In file included from ..\src\HojaDeRuta.c:3:
..\src\Transporte.h:22:30: note: expected 'transporte *' {aka 'struct <anonymous> *'} but argument is of type 'hojaDeRuta' {aka 'struct <anonymous>'}
   22 | void mostrarDatos(transporte transportes[], int len);
      |                   ~~~~~~~~~~~^~~~~~~~~~~~~
15:43:52 **** Incremental Build of configuration Debug for project PrimerParcialLaboratorio ****
Info: Internal Builder is used for build
gcc -O0 -g3 -Wall -c -fmessage-length=0 -o "src\\HojaDeRuta.o" "..\\src\\HojaDeRuta.c" 
..\src\HojaDeRuta.c: In function 'darAltaHojaDeRuta':
..\src\HojaDeRuta.c:96:17: error: incompatible type for argument 1 of 'mostrarDatos'
   96 |    mostrarDatos(auxHojaRuta, len);
      |                 ^~~~~~~~~~~
      |                 |
      |                 hojaDeRuta {aka struct <anonymous>}
In file included from ..\src\HojaDeRuta.c:3:
..\src\Transporte.h:22:30: note: expected 'transporte *' {aka 'struct <anonymous> *'} but argument is of type 'hojaDeRuta' {aka 'struct <anonymous>'}
   22 | void mostrarDatos(transporte transportes[], int len);
      |                   ~~~~~~~~~~~^~~~~~~~~~~~~
15:43:59 **** Incremental Build of configuration Debug for project PrimerParcialLaboratorio ****
Info: Internal Builder is used for build
gcc -O0 -g3 -Wall -c -fmessage-length=0 -o "src\\HojaDeRuta.o" "..\\src\\HojaDeRuta.c" 
..\src\HojaDeRuta.c: In function 'darAltaHojaDeRuta':
..\src\HojaDeRuta.c:96:17: error: incompatible type for argument 1 of 'mostrarDatos'
   96 |    mostrarDatos(auxHojaRuta, len);
      |                 ^~~~~~~~~~~
      |                 |
      |                 hojaDeRuta {aka struct <anonymous>}
In file included from ..\src\HojaDeRuta.c:3:
..\src\Transporte.h:22:30: note: expected 'transporte *' {aka 'struct <anonymous> *'} but argument is of type 'hojaDeRuta' {aka 'struct <anonymous>'}
   22 | void mostrarDatos(transporte transportes[], int len);
      |                   ~~~~~~~~~~~^~~~~~~~~~~~~
15:44:02 **** Incremental Build of configuration Debug for project PrimerParcialLaboratorio ****
Info: Internal Builder is used for build
gcc -O0 -g3 -Wall -c -fmessage-length=0 -o "src\\HojaDeRuta.o" "..\\src\\HojaDeRuta.c" 
..\src\HojaDeRuta.c: In function 'darAltaHojaDeRuta':
..\src\HojaDeRuta.c:96:17: error: incompatible type for argument 1 of 'mostrarDatos'
   96 |    mostrarDatos(auxHojaRuta, len);
      |                 ^~~~~~~~~~~
      |                 |
      |                 hojaDeRuta {aka struct <anonymous>}
In file included from ..\src\HojaDeRuta.c:3:
..\src\Transporte.h:22:30: note: expected 'transporte *' {aka 'struct <anonymous> *'} but argument is of type 'hojaDeRuta' {aka 'struct <anonymous>'}
   22 | void mostrarDatos(transporte transportes[], int len);
      |                   ~~~~~~~~~~~^~~~~~~~~~~~~
15:44:08 **** Incremental Build of configuration Debug for project PrimerParcialLaboratorio ****
Info: Internal Builder is used for build
gcc -O0 -g3 -Wall -c -fmessage-length=0 -o "src\\HojaDeRuta.o" "..\\src\\HojaDeRuta.c" 
..\src\HojaDeRuta.c: In function 'darAltaHojaDeRuta':
..\src\HojaDeRuta.c:96:17: warning: passing argument 1 of 'mostrarDatos' from incompatible pointer type [-Wincompatible-pointer-types]
   96 |    mostrarDatos(&auxHojaRuta, len);
      |                 ^~~~~~~~~~~~
      |                 |
      |                 hojaDeRuta * {aka struct <anonymous> *}
In file included from ..\src\HojaDeRuta.c:3:
..\src\Transporte.h:22:30: note: expected 'transporte *' {aka 'struct <anonymous> *'} but argument is of type 'hojaDeRuta *' {aka 'struct <anonymous> *'}
   22 | void mostrarDatos(transporte transportes[], int len);
      |                   ~~~~~~~~~~~^~~~~~~~~~~~~
gcc -o PrimerParcialLaboratorio.exe "src\\HojaDeRuta.o" "src\\PrimerParcialLaboratorio.o" "src\\Tipo.o" "src\\Transporte.o" "src\\Validaciones.o" 
15:44:26 **** Incremental Build of configuration Debug for project PrimerParcialLaboratorio ****
Info: Internal Builder is used for build
gcc -O0 -g3 -Wall -c -fmessage-length=0 -o "src\\HojaDeRuta.o" "..\\src\\HojaDeRuta.c" 
..\src\HojaDeRuta.c: In function 'darAltaHojaDeRuta':
..\src\HojaDeRuta.c:96:17: error: incompatible type for argument 1 of 'mostrarDatos'
   96 |    mostrarDatos(auxHojaRuta, indice);
      |                 ^~~~~~~~~~~
      |                 |
      |                 hojaDeRuta {aka struct <anonymous>}
In file included from ..\src\HojaDeRuta.c:3:
..\src\Transporte.h:22:30: note: expected 'transporte *' {aka 'struct <anonymous> *'} but argument is of type 'hojaDeRuta' {aka 'struct <anonymous>'}
   22 | void mostrarDatos(transporte transportes[], int len);
      |                   ~~~~~~~~~~~^~~~~~~~~~~~~
15:49:24 **** Incremental Build of configuration Debug for project PrimerParcialLaboratorio ****
Info: Internal Builder is used for build
gcc -O0 -g3 -Wall -c -fmessage-length=0 -o "src\\PrimerParcialLaboratorio.o" "..\\src\\PrimerParcialLaboratorio.c" 
gcc -O0 -g3 -Wall -c -fmessage-length=0 -o "src\\HojaDeRuta.o" "..\\src\\HojaDeRuta.c" 
..\src\HojaDeRuta.c: In function 'darAltaHojaDeRuta':
..\src\HojaDeRuta.c:96:22: error: incompatible type for argument 1 of 'mostrarHojaDeRuta'
   96 |    mostrarHojaDeRuta(auxHojaRuta, indice);
      |                      ^~~~~~~~~~~
      |                      |
      |                      hojaDeRuta {aka struct <anonymous>}
In file included from ..\src\HojaDeRuta.c:4:
..\src\HojaDeRuta.h:37:35: note: expected 'hojaDeRuta *' {aka 'struct <anonymous> *'} but argument is of type 'hojaDeRuta' {aka 'struct <anonymous>'}
   37 | void mostrarHojaDeRuta(hojaDeRuta HojaRuta[], int len);
      |                        ~~~~~~~~~~~^~~~~~~~~~
15:49:41 **** Incremental Build of configuration Debug for project PrimerParcialLaboratorio ****
Info: Internal Builder is used for build
gcc -O0 -g3 -Wall -c -fmessage-length=0 -o "src\\HojaDeRuta.o" "..\\src\\HojaDeRuta.c" 
..\src\HojaDeRuta.c: In function 'darAltaHojaDeRuta':
..\src\HojaDeRuta.c:96:22: error: incompatible type for argument 1 of 'mostrarHojaDeRuta'
   96 |    mostrarHojaDeRuta(auxHojaRuta, indice);
      |                      ^~~~~~~~~~~
      |                      |
      |                      hojaDeRuta {aka struct <anonymous>}
In file included from ..\src\HojaDeRuta.c:4:
..\src\HojaDeRuta.h:37:35: note: expected 'hojaDeRuta *' {aka 'struct <anonymous> *'} but argument is of type 'hojaDeRuta' {aka 'struct <anonymous>'}
   37 | void mostrarHojaDeRuta(hojaDeRuta HojaRuta[], int len);
      |                        ~~~~~~~~~~~^~~~~~~~~~
15:49:56 **** Incremental Build of configuration Debug for project PrimerParcialLaboratorio ****
Info: Internal Builder is used for build
gcc -O0 -g3 -Wall -c -fmessage-length=0 -o "src\\HojaDeRuta.o" "..\\src\\HojaDeRuta.c" 
..\src\HojaDeRuta.c: In function 'darAltaHojaDeRuta':
..\src\HojaDeRuta.c:96:22: error: incompatible type for argument 1 of 'mostrarHojaDeRuta'
   96 |    mostrarHojaDeRuta(auxHojaRuta, indice);
      |                      ^~~~~~~~~~~
      |                      |
      |                      hojaDeRuta {aka struct <anonymous>}
In file included from ..\src\HojaDeRuta.c:4:
..\src\HojaDeRuta.h:37:35: note: expected 'hojaDeRuta *' {aka 'struct <anonymous> *'} but argument is of type 'hojaDeRuta' {aka 'struct <anonymous>'}
   37 | void mostrarHojaDeRuta(hojaDeRuta HojaRuta[], int len);
      |                        ~~~~~~~~~~~^~~~~~~~~~
15:49:59 **** Incremental Build of configuration Debug for project PrimerParcialLaboratorio ****
Info: Internal Builder is used for build
gcc -O0 -g3 -Wall -c -fmessage-length=0 -o "src\\HojaDeRuta.o" "..\\src\\HojaDeRuta.c" 
..\src\HojaDeRuta.c: In function 'darAltaHojaDeRuta':
..\src\HojaDeRuta.c:96:22: error: incompatible type for argument 1 of 'mostrarHojaDeRuta'
   96 |    mostrarHojaDeRuta(auxHojaRuta, indice);
      |                      ^~~~~~~~~~~
      |                      |
      |                      hojaDeRuta {aka struct <anonymous>}
In file included from ..\src\HojaDeRuta.c:4:
..\src\HojaDeRuta.h:37:35: note: expected 'hojaDeRuta *' {aka 'struct <anonymous> *'} but argument is of type 'hojaDeRuta' {aka 'struct <anonymous>'}
   37 | void mostrarHojaDeRuta(hojaDeRuta HojaRuta[], int len);
      |                        ~~~~~~~~~~~^~~~~~~~~~
15:50:31 **** Incremental Build of configuration Debug for project PrimerParcialLaboratorio ****
Info: Internal Builder is used for build
gcc -O0 -g3 -Wall -c -fmessage-length=0 -o "src\\PrimerParcialLaboratorio.o" "..\\src\\PrimerParcialLaboratorio.c" 
gcc -O0 -g3 -Wall -c -fmessage-length=0 -o "src\\HojaDeRuta.o" "..\\src\\HojaDeRuta.c" 
..\src\HojaDeRuta.c: In function 'darAltaHojaDeRuta':
..\src\HojaDeRuta.c:96:22: error: incompatible type for argument 1 of 'mostrarHojaDeRuta'
   96 |    mostrarHojaDeRuta(auxHojaRuta, indice);
      |                      ^~~~~~~~~~~
      |                      |
      |                      hojaDeRuta {aka struct <anonymous>}
In file included from ..\src\HojaDeRuta.c:4:
..\src\HojaDeRuta.h:37:35: note: expected 'hojaDeRuta *' {aka 'struct <anonymous> *'} but argument is of type 'hojaDeRuta' {aka 'struct <anonymous>'}
   37 | void mostrarHojaDeRuta(hojaDeRuta HojaRuta[], int len);
      |                        ~~~~~~~~~~~^~~~~~~~~~
15:50:44 **** Incremental Build of configuration Debug for project PrimerParcialLaboratorio ****
Info: Internal Builder is used for build
gcc -O0 -g3 -Wall -c -fmessage-length=0 -o "src\\HojaDeRuta.o" "..\\src\\HojaDeRuta.c" 
gcc -o PrimerParcialLaboratorio.exe "src\\HojaDeRuta.o" "src\\PrimerParcialLaboratorio.o" "src\\Tipo.o" "src\\Transporte.o" "src\\Validaciones.o" 
Info: Nothing to build for PrimerParcialLaboratorio
15:53:27 **** Incremental Build of configuration Debug for project PrimerParcialLaboratorio ****
Info: Internal Builder is used for build
gcc -O0 -g3 -Wall -c -fmessage-length=0 -o "src\\HojaDeRuta.o" "..\\src\\HojaDeRuta.c" 
gcc -o PrimerParcialLaboratorio.exe "src\\HojaDeRuta.o" "src\\PrimerParcialLaboratorio.o" "src\\Tipo.o" "src\\Transporte.o" "src\\Validaciones.o" 
c:/mingw/bin/../lib/gcc/mingw32/9.2.0/../../../../mingw32/bin/ld.exe: cannot open output file PrimerParcialLaboratorio.exe: Permission denied
collect2.exe: error: ld returned 1 exit status
15:53:32 **** Incremental Build of configuration Debug for project PrimerParcialLaboratorio ****
Info: Internal Builder is used for build
gcc -o PrimerParcialLaboratorio.exe "src\\HojaDeRuta.o" "src\\PrimerParcialLaboratorio.o" "src\\Tipo.o" "src\\Transporte.o" "src\\Validaciones.o" 
15:54:42 **** Incremental Build of configuration Debug for project PrimerParcialLaboratorio ****
Info: Internal Builder is used for build
gcc -O0 -g3 -Wall -c -fmessage-length=0 -o "src\\HojaDeRuta.o" "..\\src\\HojaDeRuta.c" 
..\src\HojaDeRuta.c: In function 'darAltaHojaDeRuta':
..\src\HojaDeRuta.c:69:8: warning: implicit declaration of function 'validarEspacio' [-Wimplicit-function-declaration]
   69 |     if(validarEspacio(transportes,len)){
      |        ^~~~~~~~~~~~~~
gcc -o PrimerParcialLaboratorio.exe "src\\HojaDeRuta.o" "src\\PrimerParcialLaboratorio.o" "src\\Tipo.o" "src\\Transporte.o" "src\\Validaciones.o" 
c:/mingw/bin/../lib/gcc/mingw32/9.2.0/../../../../mingw32/bin/ld.exe: cannot open output file PrimerParcialLaboratorio.exe: Permission denied
collect2.exe: error: ld returned 1 exit status
15:54:59 **** Incremental Build of configuration Debug for project PrimerParcialLaboratorio ****
Info: Internal Builder is used for build
gcc -O0 -g3 -Wall -c -fmessage-length=0 -o "src\\HojaDeRuta.o" "..\\src\\HojaDeRuta.c" 
..\src\HojaDeRuta.c: In function 'darAltaHojaDeRuta':
..\src\HojaDeRuta.c:69:8: warning: implicit declaration of function 'validarEspacio' [-Wimplicit-function-declaration]
   69 |     if(validarEspacio(&transportes,len)){
      |        ^~~~~~~~~~~~~~
gcc -o PrimerParcialLaboratorio.exe "src\\HojaDeRuta.o" "src\\PrimerParcialLaboratorio.o" "src\\Tipo.o" "src\\Transporte.o" "src\\Validaciones.o" 
c:/mingw/bin/../lib/gcc/mingw32/9.2.0/../../../../mingw32/bin/ld.exe: cannot open output file PrimerParcialLaboratorio.exe: Permission denied
collect2.exe: error: ld returned 1 exit status
15:55:48 **** Incremental Build of configuration Debug for project PrimerParcialLaboratorio ****
Info: Internal Builder is used for build
gcc -O0 -g3 -Wall -c -fmessage-length=0 -o "src\\HojaDeRuta.o" "..\\src\\HojaDeRuta.c" 
..\src\HojaDeRuta.c: In function 'darAltaHojaDeRuta':
..\src\HojaDeRuta.c:69:8: warning: implicit declaration of function 'validarEspacio' [-Wimplicit-function-declaration]
   69 |     if(validarEspacio(transportes, len)){
      |        ^~~~~~~~~~~~~~
gcc -o PrimerParcialLaboratorio.exe "src\\HojaDeRuta.o" "src\\PrimerParcialLaboratorio.o" "src\\Tipo.o" "src\\Transporte.o" "src\\Validaciones.o" 
c:/mingw/bin/../lib/gcc/mingw32/9.2.0/../../../../mingw32/bin/ld.exe: src\HojaDeRuta.o: in function `darAltaHojaDeRuta':
C:\Users\barbu\eclipse-workspace\PrimerParcialLaboratorio\Debug/../src/HojaDeRuta.c:69: undefined reference to `validarEspacio'
collect2.exe: error: ld returned 1 exit status
15:55:56 **** Incremental Build of configuration Debug for project PrimerParcialLaboratorio ****
Info: Internal Builder is used for build
gcc -o PrimerParcialLaboratorio.exe "src\\HojaDeRuta.o" "src\\PrimerParcialLaboratorio.o" "src\\Tipo.o" "src\\Transporte.o" "src\\Validaciones.o" 
c:/mingw/bin/../lib/gcc/mingw32/9.2.0/../../../../mingw32/bin/ld.exe: src\HojaDeRuta.o: in function `darAltaHojaDeRuta':
C:\Users\barbu\eclipse-workspace\PrimerParcialLaboratorio\Debug/../src/HojaDeRuta.c:69: undefined reference to `validarEspacio'
collect2.exe: error: ld returned 1 exit status
15:58:52 **** Incremental Build of configuration Debug for project PrimerParcialLaboratorio ****
Info: Internal Builder is used for build
gcc -O0 -g3 -Wall -c -fmessage-length=0 -o "src\\Transporte.o" "..\\src\\Transporte.c" 
gcc -O0 -g3 -Wall -c -fmessage-length=0 -o "src\\HojaDeRuta.o" "..\\src\\HojaDeRuta.c" 
..\src\HojaDeRuta.c: In function 'darAltaHojaDeRuta':
..\src\HojaDeRuta.c:69:8: warning: implicit declaration of function 'validarEspacio' [-Wimplicit-function-declaration]
   69 |     if(validarEspacio(transportes, len)){
      |        ^~~~~~~~~~~~~~
gcc -O0 -g3 -Wall -c -fmessage-length=0 -o "src\\PrimerParcialLaboratorio.o" "..\\src\\PrimerParcialLaboratorio.c" 
gcc -o PrimerParcialLaboratorio.exe "src\\HojaDeRuta.o" "src\\PrimerParcialLaboratorio.o" "src\\Tipo.o" "src\\Transporte.o" "src\\Validaciones.o" 
c:/mingw/bin/../lib/gcc/mingw32/9.2.0/../../../../mingw32/bin/ld.exe: src\HojaDeRuta.o: in function `darAltaHojaDeRuta':
C:\Users\barbu\eclipse-workspace\PrimerParcialLaboratorio\Debug/../src/HojaDeRuta.c:69: undefined reference to `validarEspacio'
collect2.exe: error: ld returned 1 exit status
15:59:50 **** Incremental Build of configuration Debug for project PrimerParcialLaboratorio ****
Info: Internal Builder is used for build
gcc -O0 -g3 -Wall -c -fmessage-length=0 -o "src\\HojaDeRuta.o" "..\\src\\HojaDeRuta.c" 
gcc -o PrimerParcialLaboratorio.exe "src\\HojaDeRuta.o" "src\\PrimerParcialLaboratorio.o" "src\\Tipo.o" "src\\Transporte.o" "src\\Validaciones.o" 
Info: Nothing to build for PrimerParcialLaboratorio
16:00:35 **** Incremental Build of configuration Debug for project PrimerParcialLaboratorio ****
Info: Internal Builder is used for build
gcc -O0 -g3 -Wall -c -fmessage-length=0 -o "src\\HojaDeRuta.o" "..\\src\\HojaDeRuta.c" 
gcc -o PrimerParcialLaboratorio.exe "src\\HojaDeRuta.o" "src\\PrimerParcialLaboratorio.o" "src\\Tipo.o" "src\\Transporte.o" "src\\Validaciones.o" 
c:/mingw/bin/../lib/gcc/mingw32/9.2.0/../../../../mingw32/bin/ld.exe: cannot open output file PrimerParcialLaboratorio.exe: Permission denied
collect2.exe: error: ld returned 1 exit status
16:00:38 **** Incremental Build of configuration Debug for project PrimerParcialLaboratorio ****
Info: Internal Builder is used for build
gcc -o PrimerParcialLaboratorio.exe "src\\HojaDeRuta.o" "src\\PrimerParcialLaboratorio.o" "src\\Tipo.o" "src\\Transporte.o" "src\\Validaciones.o" 
16:01:31 **** Incremental Build of configuration Debug for project PrimerParcialLaboratorio ****
Info: Internal Builder is used for build
gcc -O0 -g3 -Wall -c -fmessage-length=0 -o "src\\HojaDeRuta.o" "..\\src\\HojaDeRuta.c" 
gcc -o PrimerParcialLaboratorio.exe "src\\HojaDeRuta.o" "src\\PrimerParcialLaboratorio.o" "src\\Tipo.o" "src\\Transporte.o" "src\\Validaciones.o" 
c:/mingw/bin/../lib/gcc/mingw32/9.2.0/../../../../mingw32/bin/ld.exe: cannot open output file PrimerParcialLaboratorio.exe: Permission denied
collect2.exe: error: ld returned 1 exit status
16:01:32 **** Incremental Build of configuration Debug for project PrimerParcialLaboratorio ****
Info: Internal Builder is used for build
gcc -o PrimerParcialLaboratorio.exe "src\\HojaDeRuta.o" "src\\PrimerParcialLaboratorio.o" "src\\Tipo.o" "src\\Transporte.o" "src\\Validaciones.o" 
16:04:32 **** Incremental Build of configuration Debug for project PrimerParcialLaboratorio ****
Info: Internal Builder is used for build
gcc -O0 -g3 -Wall -c -fmessage-length=0 -o "src\\HojaDeRuta.o" "..\\src\\HojaDeRuta.c" 
gcc -o PrimerParcialLaboratorio.exe "src\\HojaDeRuta.o" "src\\PrimerParcialLaboratorio.o" "src\\Tipo.o" "src\\Transporte.o" "src\\Validaciones.o" 
c:/mingw/bin/../lib/gcc/mingw32/9.2.0/../../../../mingw32/bin/ld.exe: cannot open output file PrimerParcialLaboratorio.exe: Permission denied
collect2.exe: error: ld returned 1 exit status
16:04:34 **** Incremental Build of configuration Debug for project PrimerParcialLaboratorio ****
Info: Internal Builder is used for build
gcc -o PrimerParcialLaboratorio.exe "src\\HojaDeRuta.o" "src\\PrimerParcialLaboratorio.o" "src\\Tipo.o" "src\\Transporte.o" "src\\Validaciones.o" 
16:07:05 **** Incremental Build of configuration Debug for project PrimerParcialLaboratorio ****
Info: Internal Builder is used for build
gcc -O0 -g3 -Wall -c -fmessage-length=0 -o "src\\HojaDeRuta.o" "..\\src\\HojaDeRuta.c" 
..\src\HojaDeRuta.c: In function 'darAltaHojaDeRuta':
..\src\HojaDeRuta.c:70:8: error: expected expression before ')' token
   70 |     if(){
      |        ^
..\src\HojaDeRuta.c:101:22: error: incompatible type for argument 1 of 'mostrarHojaDeRuta'
  101 |    mostrarHojaDeRuta(auxHojaRuta, indice);
      |                      ^~~~~~~~~~~
      |                      |
      |                      hojaDeRuta {aka struct <anonymous>}
In file included from ..\src\HojaDeRuta.c:4:
..\src\HojaDeRuta.h:37:35: note: expected 'hojaDeRuta *' {aka 'struct <anonymous> *'} but argument is of type 'hojaDeRuta' {aka 'struct <anonymous>'}
   37 | void mostrarHojaDeRuta(hojaDeRuta HojaRuta[], int len);
      |                        ~~~~~~~~~~~^~~~~~~~~~
16:07:17 **** Incremental Build of configuration Debug for project PrimerParcialLaboratorio ****
Info: Internal Builder is used for build
gcc -O0 -g3 -Wall -c -fmessage-length=0 -o "src\\HojaDeRuta.o" "..\\src\\HojaDeRuta.c" 
..\src\HojaDeRuta.c: In function 'darAltaHojaDeRuta':
..\src\HojaDeRuta.c:70:8: error: expected expression before ')' token
   70 |     if(){
      |        ^
16:07:18 **** Incremental Build of configuration Debug for project PrimerParcialLaboratorio ****
Info: Internal Builder is used for build
gcc -O0 -g3 -Wall -c -fmessage-length=0 -o "src\\HojaDeRuta.o" "..\\src\\HojaDeRuta.c" 
..\src\HojaDeRuta.c: In function 'darAltaHojaDeRuta':
..\src\HojaDeRuta.c:70:8: error: expected expression before ')' token
   70 |     if(){
      |        ^
16:18:48 **** Incremental Build of configuration Debug for project PrimerParcialLaboratorio ****
Info: Internal Builder is used for build
gcc -O0 -g3 -Wall -c -fmessage-length=0 -o "src\\HojaDeRuta.o" "..\\src\\HojaDeRuta.c" 
..\src\HojaDeRuta.c: In function 'darAltaHojaDeRuta':
..\src\HojaDeRuta.c:76:28: warning: passing argument 1 of 'buscarIdTransporte' from incompatible pointer type [-Wincompatible-pointer-types]
   76 |      if(buscarIdTransporte(&auxHojaRuta, len, idtransporte)){
      |                            ^~~~~~~~~~~~
      |                            |
      |                            hojaDeRuta * {aka struct <anonymous> *}
In file included from ..\src\HojaDeRuta.c:3:
..\src\Transporte.h:28:35: note: expected 'transporte *' {aka 'struct <anonymous> *'} but argument is of type 'hojaDeRuta *' {aka 'struct <anonymous> *'}
   28 | int buscarIdTransporte(transporte transportes[], int len, int id);
      |                        ~~~~~~~~~~~^~~~~~~~~~~~~
gcc -O0 -g3 -Wall -c -fmessage-length=0 -o "src\\PrimerParcialLaboratorio.o" "..\\src\\PrimerParcialLaboratorio.c" 
gcc -O0 -g3 -Wall -c -fmessage-length=0 -o "src\\Transporte.o" "..\\src\\Transporte.c" 
gcc -o PrimerParcialLaboratorio.exe "src\\HojaDeRuta.o" "src\\PrimerParcialLaboratorio.o" "src\\Tipo.o" "src\\Transporte.o" "src\\Validaciones.o" 
Info: Nothing to build for PrimerParcialLaboratorio
16:19:13 **** Incremental Build of configuration Debug for project PrimerParcialLaboratorio ****
Info: Internal Builder is used for build
gcc -O0 -g3 -Wall -c -fmessage-length=0 -o "src\\HojaDeRuta.o" "..\\src\\HojaDeRuta.c" 
..\src\HojaDeRuta.c: In function 'darAltaHojaDeRuta':
..\src\HojaDeRuta.c:76:28: warning: passing argument 1 of 'buscarIdTransporte' from incompatible pointer type [-Wincompatible-pointer-types]
   76 |      if(buscarIdTransporte(&auxHojaRuta, len, idtransporte)){
      |                            ^~~~~~~~~~~~
      |                            |
      |                            hojaDeRuta * {aka struct <anonymous> *}
In file included from ..\src\HojaDeRuta.c:3:
..\src\Transporte.h:28:35: note: expected 'transporte *' {aka 'struct <anonymous> *'} but argument is of type 'hojaDeRuta *' {aka 'struct <anonymous> *'}
   28 | int buscarIdTransporte(transporte transportes[], int len, int id);
      |                        ~~~~~~~~~~~^~~~~~~~~~~~~
gcc -O0 -g3 -Wall -c -fmessage-length=0 -o "src\\Transporte.o" "..\\src\\Transporte.c" 
gcc -O0 -g3 -Wall -c -fmessage-length=0 -o "src\\PrimerParcialLaboratorio.o" "..\\src\\PrimerParcialLaboratorio.c" 
gcc -o PrimerParcialLaboratorio.exe "src\\HojaDeRuta.o" "src\\PrimerParcialLaboratorio.o" "src\\Tipo.o" "src\\Transporte.o" "src\\Validaciones.o" 
16:19:32 **** Incremental Build of configuration Debug for project PrimerParcialLaboratorio ****
Info: Internal Builder is used for build
gcc -O0 -g3 -Wall -c -fmessage-length=0 -o "src\\HojaDeRuta.o" "..\\src\\HojaDeRuta.c" 
..\src\HojaDeRuta.c: In function 'darAltaHojaDeRuta':
..\src\HojaDeRuta.c:76:28: warning: passing argument 1 of 'buscarIdTransporte' from incompatible pointer type [-Wincompatible-pointer-types]
   76 |      if(buscarIdTransporte(&auxHojaRuta, len, &idtransporte)){
      |                            ^~~~~~~~~~~~
      |                            |
      |                            hojaDeRuta * {aka struct <anonymous> *}
In file included from ..\src\HojaDeRuta.c:3:
..\src\Transporte.h:28:35: note: expected 'transporte *' {aka 'struct <anonymous> *'} but argument is of type 'hojaDeRuta *' {aka 'struct <anonymous> *'}
   28 | int buscarIdTransporte(transporte transportes[], int len, int id);
      |                        ~~~~~~~~~~~^~~~~~~~~~~~~
..\src\HojaDeRuta.c:76:47: warning: passing argument 3 of 'buscarIdTransporte' makes integer from pointer without a cast [-Wint-conversion]
   76 |      if(buscarIdTransporte(&auxHojaRuta, len, &idtransporte)){
      |                                               ^~~~~~~~~~~~~
      |                                               |
      |                                               int *
In file included from ..\src\HojaDeRuta.c:3:
..\src\Transporte.h:28:63: note: expected 'int' but argument is of type 'int *'
   28 | int buscarIdTransporte(transporte transportes[], int len, int id);
      |                                                           ~~~~^~
gcc -o PrimerParcialLaboratorio.exe "src\\HojaDeRuta.o" "src\\PrimerParcialLaboratorio.o" "src\\Tipo.o" "src\\Transporte.o" "src\\Validaciones.o" 
16:19:43 **** Incremental Build of configuration Debug for project PrimerParcialLaboratorio ****
Info: Internal Builder is used for build
gcc -O0 -g3 -Wall -c -fmessage-length=0 -o "src\\HojaDeRuta.o" "..\\src\\HojaDeRuta.c" 
..\src\HojaDeRuta.c: In function 'darAltaHojaDeRuta':
..\src\HojaDeRuta.c:76:28: error: incompatible type for argument 1 of 'buscarIdTransporte'
   76 |      if(buscarIdTransporte(auxHojaRuta, len, idtransporte)){
      |                            ^~~~~~~~~~~
      |                            |
      |                            hojaDeRuta {aka struct <anonymous>}
In file included from ..\src\HojaDeRuta.c:3:
..\src\Transporte.h:28:35: note: expected 'transporte *' {aka 'struct <anonymous> *'} but argument is of type 'hojaDeRuta' {aka 'struct <anonymous>'}
   28 | int buscarIdTransporte(transporte transportes[], int len, int id);
      |                        ~~~~~~~~~~~^~~~~~~~~~~~~
16:19:46 **** Incremental Build of configuration Debug for project PrimerParcialLaboratorio ****
Info: Internal Builder is used for build
gcc -O0 -g3 -Wall -c -fmessage-length=0 -o "src\\HojaDeRuta.o" "..\\src\\HojaDeRuta.c" 
..\src\HojaDeRuta.c: In function 'darAltaHojaDeRuta':
..\src\HojaDeRuta.c:76:28: error: incompatible type for argument 1 of 'buscarIdTransporte'
   76 |      if(buscarIdTransporte(auxHojaRuta, len, idtransporte)){
      |                            ^~~~~~~~~~~
      |                            |
      |                            hojaDeRuta {aka struct <anonymous>}
In file included from ..\src\HojaDeRuta.c:3:
..\src\Transporte.h:28:35: note: expected 'transporte *' {aka 'struct <anonymous> *'} but argument is of type 'hojaDeRuta' {aka 'struct <anonymous>'}
   28 | int buscarIdTransporte(transporte transportes[], int len, int id);
      |                        ~~~~~~~~~~~^~~~~~~~~~~~~
16:20:18 **** Incremental Build of configuration Debug for project PrimerParcialLaboratorio ****
Info: Internal Builder is used for build
gcc -O0 -g3 -Wall -c -fmessage-length=0 -o "src\\HojaDeRuta.o" "..\\src\\HojaDeRuta.c" 
..\src\HojaDeRuta.c: In function 'darAltaHojaDeRuta':
..\src\HojaDeRuta.c:76:28: error: incompatible type for argument 1 of 'buscarIdTransporte'
   76 |      if(buscarIdTransporte(auxHojaRuta, len, idtransporte)){
      |                            ^~~~~~~~~~~
      |                            |
      |                            hojaDeRuta {aka struct <anonymous>}
In file included from ..\src\HojaDeRuta.c:3:
..\src\Transporte.h:28:35: note: expected 'transporte *' {aka 'struct <anonymous> *'} but argument is of type 'hojaDeRuta' {aka 'struct <anonymous>'}
   28 | int buscarIdTransporte(transporte transportes[], int len, int id);
      |                        ~~~~~~~~~~~^~~~~~~~~~~~~
16:20:25 **** Incremental Build of configuration Debug for project PrimerParcialLaboratorio ****
Info: Internal Builder is used for build
gcc -O0 -g3 -Wall -c -fmessage-length=0 -o "src\\HojaDeRuta.o" "..\\src\\HojaDeRuta.c" 
..\src\HojaDeRuta.c: In function 'darAltaHojaDeRuta':
..\src\HojaDeRuta.c:76:28: warning: passing argument 1 of 'buscarIdTransporte' from incompatible pointer type [-Wincompatible-pointer-types]
   76 |      if(buscarIdTransporte(&auxHojaRuta, len, idtransporte)){
      |                            ^~~~~~~~~~~~
      |                            |
      |                            hojaDeRuta * {aka struct <anonymous> *}
In file included from ..\src\HojaDeRuta.c:3:
..\src\Transporte.h:28:35: note: expected 'transporte *' {aka 'struct <anonymous> *'} but argument is of type 'hojaDeRuta *' {aka 'struct <anonymous> *'}
   28 | int buscarIdTransporte(transporte transportes[], int len, int id);
      |                        ~~~~~~~~~~~^~~~~~~~~~~~~
gcc -o PrimerParcialLaboratorio.exe "src\\HojaDeRuta.o" "src\\PrimerParcialLaboratorio.o" "src\\Tipo.o" "src\\Transporte.o" "src\\Validaciones.o" 
16:20:32 **** Incremental Build of configuration Debug for project PrimerParcialLaboratorio ****
Info: Internal Builder is used for build
gcc -O0 -g3 -Wall -c -fmessage-length=0 -o "src\\HojaDeRuta.o" "..\\src\\HojaDeRuta.c" 
..\src\HojaDeRuta.c: In function 'darAltaHojaDeRuta':
..\src\HojaDeRuta.c:76:28: error: incompatible type for argument 1 of 'buscarIdTransporte'
   76 |      if(buscarIdTransporte(auxHojaRuta, len, idtransporte)){
      |                            ^~~~~~~~~~~
      |                            |
      |                            hojaDeRuta {aka struct <anonymous>}
In file included from ..\src\HojaDeRuta.c:3:
..\src\Transporte.h:28:35: note: expected 'transporte *' {aka 'struct <anonymous> *'} but argument is of type 'hojaDeRuta' {aka 'struct <anonymous>'}
   28 | int buscarIdTransporte(transporte transportes[], int len, int id);
      |                        ~~~~~~~~~~~^~~~~~~~~~~~~
16:22:12 **** Incremental Build of configuration Debug for project PrimerParcialLaboratorio ****
Info: Internal Builder is used for build
gcc -O0 -g3 -Wall -c -fmessage-length=0 -o "src\\HojaDeRuta.o" "..\\src\\HojaDeRuta.c" 
..\src\HojaDeRuta.c: In function 'darAltaHojaDeRuta':
..\src\HojaDeRuta.c:76:39: error: subscripted value is neither array nor pointer nor vector
   76 |      if(buscarIdTransporte(auxHojaRuta[0], len, idtransporte)){
      |                                       ^
16:22:27 **** Incremental Build of configuration Debug for project PrimerParcialLaboratorio ****
Info: Internal Builder is used for build
gcc -O0 -g3 -Wall -c -fmessage-length=0 -o "src\\HojaDeRuta.o" "..\\src\\HojaDeRuta.c" 
..\src\HojaDeRuta.c: In function 'darAltaHojaDeRuta':
..\src\HojaDeRuta.c:76:39: warning: passing argument 1 of 'buscarIdTransporte' makes pointer from integer without a cast [-Wint-conversion]
   76 |      if(buscarIdTransporte(auxHojaRuta.transporteId, len, idtransporte)){
      |                            ~~~~~~~~~~~^~~~~~~~~~~~~
      |                                       |
      |                                       int
In file included from ..\src\HojaDeRuta.c:3:
..\src\Transporte.h:28:35: note: expected 'transporte *' {aka 'struct <anonymous> *'} but argument is of type 'int'
   28 | int buscarIdTransporte(transporte transportes[], int len, int id);
      |                        ~~~~~~~~~~~^~~~~~~~~~~~~
gcc -o PrimerParcialLaboratorio.exe "src\\HojaDeRuta.o" "src\\PrimerParcialLaboratorio.o" "src\\Tipo.o" "src\\Transporte.o" "src\\Validaciones.o" 
16:22:43 **** Incremental Build of configuration Debug for project PrimerParcialLaboratorio ****
Info: Internal Builder is used for build
gcc -O0 -g3 -Wall -c -fmessage-length=0 -o "src\\HojaDeRuta.o" "..\\src\\HojaDeRuta.c" 
..\src\HojaDeRuta.c: In function 'darAltaHojaDeRuta':
..\src\HojaDeRuta.c:76:28: warning: passing argument 1 of 'buscarIdTransporte' from incompatible pointer type [-Wincompatible-pointer-types]
   76 |      if(buscarIdTransporte(&auxHojaRuta.transporteId, len, idtransporte)){
      |                            ^~~~~~~~~~~~~~~~~~~~~~~~~
      |                            |
      |                            int *
In file included from ..\src\HojaDeRuta.c:3:
..\src\Transporte.h:28:35: note: expected 'transporte *' {aka 'struct <anonymous> *'} but argument is of type 'int *'
   28 | int buscarIdTransporte(transporte transportes[], int len, int id);
      |                        ~~~~~~~~~~~^~~~~~~~~~~~~
gcc -o PrimerParcialLaboratorio.exe "src\\HojaDeRuta.o" "src\\PrimerParcialLaboratorio.o" "src\\Tipo.o" "src\\Transporte.o" "src\\Validaciones.o" 
16:23:32 **** Incremental Build of configuration Debug for project PrimerParcialLaboratorio ****
Info: Internal Builder is used for build
gcc -O0 -g3 -Wall -c -fmessage-length=0 -o "src\\HojaDeRuta.o" "..\\src\\HojaDeRuta.c" 
..\src\HojaDeRuta.c: In function 'darAltaHojaDeRuta':
..\src\HojaDeRuta.c:76:28: error: incompatible type for argument 1 of 'buscarIdTransporte'
   76 |      if(buscarIdTransporte(auxHojaRuta, len, idtransporte)){
      |                            ^~~~~~~~~~~
      |                            |
      |                            hojaDeRuta {aka struct <anonymous>}
In file included from ..\src\HojaDeRuta.c:3:
..\src\Transporte.h:28:35: note: expected 'transporte *' {aka 'struct <anonymous> *'} but argument is of type 'hojaDeRuta' {aka 'struct <anonymous>'}
   28 | int buscarIdTransporte(transporte transportes[], int len, int id);
      |                        ~~~~~~~~~~~^~~~~~~~~~~~~
16:23:56 **** Incremental Build of configuration Debug for project PrimerParcialLaboratorio ****
Info: Internal Builder is used for build
gcc -O0 -g3 -Wall -c -fmessage-length=0 -o "src\\HojaDeRuta.o" "..\\src\\HojaDeRuta.c" 
gcc -o PrimerParcialLaboratorio.exe "src\\HojaDeRuta.o" "src\\PrimerParcialLaboratorio.o" "src\\Tipo.o" "src\\Transporte.o" "src\\Validaciones.o" 
Info: Nothing to build for PrimerParcialLaboratorio
16:25:38 **** Incremental Build of configuration Debug for project PrimerParcialLaboratorio ****
Info: Internal Builder is used for build
gcc -O0 -g3 -Wall -c -fmessage-length=0 -o "src\\HojaDeRuta.o" "..\\src\\HojaDeRuta.c" 
gcc -o PrimerParcialLaboratorio.exe "src\\HojaDeRuta.o" "src\\PrimerParcialLaboratorio.o" "src\\Tipo.o" "src\\Transporte.o" "src\\Validaciones.o" 
c:/mingw/bin/../lib/gcc/mingw32/9.2.0/../../../../mingw32/bin/ld.exe: cannot open output file PrimerParcialLaboratorio.exe: Permission denied
collect2.exe: error: ld returned 1 exit status
16:25:41 **** Incremental Build of configuration Debug for project PrimerParcialLaboratorio ****
Info: Internal Builder is used for build
gcc -o PrimerParcialLaboratorio.exe "src\\HojaDeRuta.o" "src\\PrimerParcialLaboratorio.o" "src\\Tipo.o" "src\\Transporte.o" "src\\Validaciones.o" 
16:28:55 **** Incremental Build of configuration Debug for project PrimerParcialLaboratorio ****
Info: Internal Builder is used for build
gcc -O0 -g3 -Wall -c -fmessage-length=0 -o "src\\HojaDeRuta.o" "..\\src\\HojaDeRuta.c" 
gcc -o PrimerParcialLaboratorio.exe "src\\HojaDeRuta.o" "src\\PrimerParcialLaboratorio.o" "src\\Tipo.o" "src\\Transporte.o" "src\\Validaciones.o" 
c:/mingw/bin/../lib/gcc/mingw32/9.2.0/../../../../mingw32/bin/ld.exe: cannot open output file PrimerParcialLaboratorio.exe: Permission denied
collect2.exe: error: ld returned 1 exit status
16:28:59 **** Incremental Build of configuration Debug for project PrimerParcialLaboratorio ****
Info: Internal Builder is used for build
gcc -o PrimerParcialLaboratorio.exe "src\\HojaDeRuta.o" "src\\PrimerParcialLaboratorio.o" "src\\Tipo.o" "src\\Transporte.o" "src\\Validaciones.o" 
Info: Nothing to build for PrimerParcialLaboratorio
Info: Nothing to build for PrimerParcialLaboratorio
16:34:31 **** Incremental Build of configuration Debug for project PrimerParcialLaboratorio ****
Info: Internal Builder is used for build
gcc -O0 -g3 -Wall -c -fmessage-length=0 -o "src\\Transporte.o" "..\\src\\Transporte.c" 
gcc -O0 -g3 -Wall -c -fmessage-length=0 -o "src\\HojaDeRuta.o" "..\\src\\HojaDeRuta.c" 
gcc -o PrimerParcialLaboratorio.exe "src\\HojaDeRuta.o" "src\\PrimerParcialLaboratorio.o" "src\\Tipo.o" "src\\Transporte.o" "src\\Validaciones.o" 
c:/mingw/bin/../lib/gcc/mingw32/9.2.0/../../../../mingw32/bin/ld.exe: cannot open output file PrimerParcialLaboratorio.exe: Permission denied
collect2.exe: error: ld returned 1 exit status
16:34:35 **** Incremental Build of configuration Debug for project PrimerParcialLaboratorio ****
Info: Internal Builder is used for build
gcc -o PrimerParcialLaboratorio.exe "src\\HojaDeRuta.o" "src\\PrimerParcialLaboratorio.o" "src\\Tipo.o" "src\\Transporte.o" "src\\Validaciones.o" 
16:37:00 **** Incremental Build of configuration Debug for project PrimerParcialLaboratorio ****
Info: Internal Builder is used for build
gcc -O0 -g3 -Wall -c -fmessage-length=0 -o "src\\HojaDeRuta.o" "..\\src\\HojaDeRuta.c" 
gcc -o PrimerParcialLaboratorio.exe "src\\HojaDeRuta.o" "src\\PrimerParcialLaboratorio.o" "src\\Tipo.o" "src\\Transporte.o" "src\\Validaciones.o" 
c:/mingw/bin/../lib/gcc/mingw32/9.2.0/../../../../mingw32/bin/ld.exe: cannot open output file PrimerParcialLaboratorio.exe: Permission denied
collect2.exe: error: ld returned 1 exit status
16:37:03 **** Incremental Build of configuration Debug for project PrimerParcialLaboratorio ****
Info: Internal Builder is used for build
gcc -o PrimerParcialLaboratorio.exe "src\\HojaDeRuta.o" "src\\PrimerParcialLaboratorio.o" "src\\Tipo.o" "src\\Transporte.o" "src\\Validaciones.o" 
16:37:53 **** Incremental Build of configuration Debug for project PrimerParcialLaboratorio ****
Info: Internal Builder is used for build
gcc -O0 -g3 -Wall -c -fmessage-length=0 -o "src\\HojaDeRuta.o" "..\\src\\HojaDeRuta.c" 
gcc -o PrimerParcialLaboratorio.exe "src\\HojaDeRuta.o" "src\\PrimerParcialLaboratorio.o" "src\\Tipo.o" "src\\Transporte.o" "src\\Validaciones.o" 
c:/mingw/bin/../lib/gcc/mingw32/9.2.0/../../../../mingw32/bin/ld.exe: cannot open output file PrimerParcialLaboratorio.exe: Permission denied
collect2.exe: error: ld returned 1 exit status
16:38:15 **** Incremental Build of configuration Debug for project PrimerParcialLaboratorio ****
Info: Internal Builder is used for build
gcc -O0 -g3 -Wall -c -fmessage-length=0 -o "src\\Transporte.o" "..\\src\\Transporte.c" 
gcc -o PrimerParcialLaboratorio.exe "src\\HojaDeRuta.o" "src\\PrimerParcialLaboratorio.o" "src\\Tipo.o" "src\\Transporte.o" "src\\Validaciones.o" 
c:/mingw/bin/../lib/gcc/mingw32/9.2.0/../../../../mingw32/bin/ld.exe: cannot open output file PrimerParcialLaboratorio.exe: Permission denied
collect2.exe: error: ld returned 1 exit status
16:38:16 **** Incremental Build of configuration Debug for project PrimerParcialLaboratorio ****
Info: Internal Builder is used for build
gcc -o PrimerParcialLaboratorio.exe "src\\HojaDeRuta.o" "src\\PrimerParcialLaboratorio.o" "src\\Tipo.o" "src\\Transporte.o" "src\\Validaciones.o" 
16:41:29 **** Incremental Build of configuration Debug for project PrimerParcialLaboratorio ****
Info: Internal Builder is used for build
gcc -O0 -g3 -Wall -c -fmessage-length=0 -o "src\\HojaDeRuta.o" "..\\src\\HojaDeRuta.c" 
gcc -o PrimerParcialLaboratorio.exe "src\\HojaDeRuta.o" "src\\PrimerParcialLaboratorio.o" "src\\Tipo.o" "src\\Transporte.o" "src\\Validaciones.o" 
c:/mingw/bin/../lib/gcc/mingw32/9.2.0/../../../../mingw32/bin/ld.exe: cannot open output file PrimerParcialLaboratorio.exe: Permission denied
collect2.exe: error: ld returned 1 exit status
16:41:32 **** Incremental Build of configuration Debug for project PrimerParcialLaboratorio ****
Info: Internal Builder is used for build
gcc -o PrimerParcialLaboratorio.exe "src\\HojaDeRuta.o" "src\\PrimerParcialLaboratorio.o" "src\\Tipo.o" "src\\Transporte.o" "src\\Validaciones.o" 
16:43:55 **** Incremental Build of configuration Debug for project PrimerParcialLaboratorio ****
Info: Internal Builder is used for build
gcc -O0 -g3 -Wall -c -fmessage-length=0 -o "src\\HojaDeRuta.o" "..\\src\\HojaDeRuta.c" 
..\src\HojaDeRuta.c: In function 'darAltaHojaDeRuta':
..\src\HojaDeRuta.c:103:22: error: incompatible type for argument 1 of 'mostrarHojaDeRuta'
  103 |    mostrarHojaDeRuta(auxHojaRuta, 0);
      |                      ^~~~~~~~~~~
      |                      |
      |                      hojaDeRuta {aka struct <anonymous>}
In file included from ..\src\HojaDeRuta.c:4:
..\src\HojaDeRuta.h:37:35: note: expected 'hojaDeRuta *' {aka 'struct <anonymous> *'} but argument is of type 'hojaDeRuta' {aka 'struct <anonymous>'}
   37 | void mostrarHojaDeRuta(hojaDeRuta HojaRuta[], int len);
      |                        ~~~~~~~~~~~^~~~~~~~~~
16:44:05 **** Incremental Build of configuration Debug for project PrimerParcialLaboratorio ****
Info: Internal Builder is used for build
gcc -O0 -g3 -Wall -c -fmessage-length=0 -o "src\\HojaDeRuta.o" "..\\src\\HojaDeRuta.c" 
gcc -o PrimerParcialLaboratorio.exe "src\\HojaDeRuta.o" "src\\PrimerParcialLaboratorio.o" "src\\Tipo.o" "src\\Transporte.o" "src\\Validaciones.o" 
c:/mingw/bin/../lib/gcc/mingw32/9.2.0/../../../../mingw32/bin/ld.exe: cannot open output file PrimerParcialLaboratorio.exe: Permission denied
collect2.exe: error: ld returned 1 exit status
16:44:35 **** Incremental Build of configuration Debug for project PrimerParcialLaboratorio ****
Info: Internal Builder is used for build
gcc -O0 -g3 -Wall -c -fmessage-length=0 -o "src\\HojaDeRuta.o" "..\\src\\HojaDeRuta.c" 
..\src\HojaDeRuta.c: In function 'darAltaHojaDeRuta':
..\src\HojaDeRuta.c:103:22: error: incompatible type for argument 1 of 'mostrarHojaDeRuta'
  103 |    mostrarHojaDeRuta(auxHojaRuta);
      |                      ^~~~~~~~~~~
      |                      |
      |                      hojaDeRuta {aka struct <anonymous>}
In file included from ..\src\HojaDeRuta.c:4:
..\src\HojaDeRuta.h:37:35: note: expected 'hojaDeRuta *' {aka 'struct <anonymous> *'} but argument is of type 'hojaDeRuta' {aka 'struct <anonymous>'}
   37 | void mostrarHojaDeRuta(hojaDeRuta HojaRuta[], int len);
      |                        ~~~~~~~~~~~^~~~~~~~~~
..\src\HojaDeRuta.c:103:4: error: too few arguments to function 'mostrarHojaDeRuta'
  103 |    mostrarHojaDeRuta(auxHojaRuta);
      |    ^~~~~~~~~~~~~~~~~
In file included from ..\src\HojaDeRuta.c:4:
..\src\HojaDeRuta.h:37:6: note: declared here
   37 | void mostrarHojaDeRuta(hojaDeRuta HojaRuta[], int len);
      |      ^~~~~~~~~~~~~~~~~
16:44:40 **** Incremental Build of configuration Debug for project PrimerParcialLaboratorio ****
Info: Internal Builder is used for build
gcc -O0 -g3 -Wall -c -fmessage-length=0 -o "src\\HojaDeRuta.o" "..\\src\\HojaDeRuta.c" 
..\src\HojaDeRuta.c: In function 'darAltaHojaDeRuta':
..\src\HojaDeRuta.c:103:22: error: incompatible type for argument 1 of 'mostrarHojaDeRuta'
  103 |    mostrarHojaDeRuta(auxHojaRuta, len);
      |                      ^~~~~~~~~~~
      |                      |
      |                      hojaDeRuta {aka struct <anonymous>}
In file included from ..\src\HojaDeRuta.c:4:
..\src\HojaDeRuta.h:37:35: note: expected 'hojaDeRuta *' {aka 'struct <anonymous> *'} but argument is of type 'hojaDeRuta' {aka 'struct <anonymous>'}
   37 | void mostrarHojaDeRuta(hojaDeRuta HojaRuta[], int len);
      |                        ~~~~~~~~~~~^~~~~~~~~~
16:44:45 **** Incremental Build of configuration Debug for project PrimerParcialLaboratorio ****
Info: Internal Builder is used for build
gcc -O0 -g3 -Wall -c -fmessage-length=0 -o "src\\HojaDeRuta.o" "..\\src\\HojaDeRuta.c" 
gcc -o PrimerParcialLaboratorio.exe "src\\HojaDeRuta.o" "src\\PrimerParcialLaboratorio.o" "src\\Tipo.o" "src\\Transporte.o" "src\\Validaciones.o" 
c:/mingw/bin/../lib/gcc/mingw32/9.2.0/../../../../mingw32/bin/ld.exe: cannot open output file PrimerParcialLaboratorio.exe: Permission denied
collect2.exe: error: ld returned 1 exit status
16:44:48 **** Incremental Build of configuration Debug for project PrimerParcialLaboratorio ****
Info: Internal Builder is used for build
gcc -o PrimerParcialLaboratorio.exe "src\\HojaDeRuta.o" "src\\PrimerParcialLaboratorio.o" "src\\Tipo.o" "src\\Transporte.o" "src\\Validaciones.o" 
Info: Nothing to build for PrimerParcialLaboratorio
16:51:48 **** Incremental Build of configuration Debug for project PrimerParcialLaboratorio ****
Info: Internal Builder is used for build
gcc -O0 -g3 -Wall -c -fmessage-length=0 -o "src\\PrimerParcialLaboratorio.o" "..\\src\\PrimerParcialLaboratorio.c" 
..\src\PrimerParcialLaboratorio.c: In function 'main':
..\src\PrimerParcialLaboratorio.c:94:4: warning: implicit declaration of function 'mostrarHojasDeRuta'; did you mean 'mostrarHojaDeRuta'? [-Wimplicit-function-declaration]
   94 |    mostrarHojasDeRuta(hojasRuta, CANT_TRANSPORTE);
      |    ^~~~~~~~~~~~~~~~~~
      |    mostrarHojaDeRuta
gcc -o PrimerParcialLaboratorio.exe "src\\HojaDeRuta.o" "src\\PrimerParcialLaboratorio.o" "src\\Tipo.o" "src\\Transporte.o" "src\\Validaciones.o" 
c:/mingw/bin/../lib/gcc/mingw32/9.2.0/../../../../mingw32/bin/ld.exe: cannot open output file PrimerParcialLaboratorio.exe: Permission denied
collect2.exe: error: ld returned 1 exit status
16:52:05 **** Incremental Build of configuration Debug for project PrimerParcialLaboratorio ****
Info: Internal Builder is used for build
gcc -O0 -g3 -Wall -c -fmessage-length=0 -o "src\\PrimerParcialLaboratorio.o" "..\\src\\PrimerParcialLaboratorio.c" 
gcc -o PrimerParcialLaboratorio.exe "src\\HojaDeRuta.o" "src\\PrimerParcialLaboratorio.o" "src\\Tipo.o" "src\\Transporte.o" "src\\Validaciones.o" 
c:/mingw/bin/../lib/gcc/mingw32/9.2.0/../../../../mingw32/bin/ld.exe: cannot open output file PrimerParcialLaboratorio.exe: Permission denied
collect2.exe: error: ld returned 1 exit status
16:52:06 **** Incremental Build of configuration Debug for project PrimerParcialLaboratorio ****
Info: Internal Builder is used for build
gcc -o PrimerParcialLaboratorio.exe "src\\HojaDeRuta.o" "src\\PrimerParcialLaboratorio.o" "src\\Tipo.o" "src\\Transporte.o" "src\\Validaciones.o" 
16:56:00 **** Incremental Build of configuration Debug for project PrimerParcialLaboratorio ****
Info: Internal Builder is used for build
gcc -O0 -g3 -Wall -c -fmessage-length=0 -o "src\\PrimerParcialLaboratorio.o" "..\\src\\PrimerParcialLaboratorio.c" 
..\src\PrimerParcialLaboratorio.c: In function 'main':
..\src\PrimerParcialLaboratorio.c:113:7: warning: suggest parentheses around assignment used as truth value [-Wparentheses]
  113 |    if(flagHojaDeRuta = 1){
      |       ^~~~~~~~~~~~~~
gcc -o PrimerParcialLaboratorio.exe "src\\HojaDeRuta.o" "src\\PrimerParcialLaboratorio.o" "src\\Tipo.o" "src\\Transporte.o" "src\\Validaciones.o" 
c:/mingw/bin/../lib/gcc/mingw32/9.2.0/../../../../mingw32/bin/ld.exe: cannot open output file PrimerParcialLaboratorio.exe: Permission denied
collect2.exe: error: ld returned 1 exit status
16:56:08 **** Incremental Build of configuration Debug for project PrimerParcialLaboratorio ****
Info: Internal Builder is used for build
gcc -O0 -g3 -Wall -c -fmessage-length=0 -o "src\\PrimerParcialLaboratorio.o" "..\\src\\PrimerParcialLaboratorio.c" 
gcc -o PrimerParcialLaboratorio.exe "src\\HojaDeRuta.o" "src\\PrimerParcialLaboratorio.o" "src\\Tipo.o" "src\\Transporte.o" "src\\Validaciones.o" 
c:/mingw/bin/../lib/gcc/mingw32/9.2.0/../../../../mingw32/bin/ld.exe: cannot open output file PrimerParcialLaboratorio.exe: Permission denied
collect2.exe: error: ld returned 1 exit status
16:56:21 **** Incremental Build of configuration Debug for project PrimerParcialLaboratorio ****
Info: Internal Builder is used for build
gcc -O0 -g3 -Wall -c -fmessage-length=0 -o "src\\PrimerParcialLaboratorio.o" "..\\src\\PrimerParcialLaboratorio.c" 
gcc -o PrimerParcialLaboratorio.exe "src\\HojaDeRuta.o" "src\\PrimerParcialLaboratorio.o" "src\\Tipo.o" "src\\Transporte.o" "src\\Validaciones.o" 
c:/mingw/bin/../lib/gcc/mingw32/9.2.0/../../../../mingw32/bin/ld.exe: cannot open output file PrimerParcialLaboratorio.exe: Permission denied
collect2.exe: error: ld returned 1 exit status
16:56:23 **** Incremental Build of configuration Debug for project PrimerParcialLaboratorio ****
Info: Internal Builder is used for build
gcc -o PrimerParcialLaboratorio.exe "src\\HojaDeRuta.o" "src\\PrimerParcialLaboratorio.o" "src\\Tipo.o" "src\\Transporte.o" "src\\Validaciones.o" 
16:57:09 **** Incremental Build of configuration Debug for project PrimerParcialLaboratorio ****
Info: Internal Builder is used for build
gcc -O0 -g3 -Wall -c -fmessage-length=0 -o "src\\PrimerParcialLaboratorio.o" "..\\src\\PrimerParcialLaboratorio.c" 
gcc -o PrimerParcialLaboratorio.exe "src\\HojaDeRuta.o" "src\\PrimerParcialLaboratorio.o" "src\\Tipo.o" "src\\Transporte.o" "src\\Validaciones.o" 
c:/mingw/bin/../lib/gcc/mingw32/9.2.0/../../../../mingw32/bin/ld.exe: cannot open output file PrimerParcialLaboratorio.exe: Permission denied
collect2.exe: error: ld returned 1 exit status
16:57:19 **** Incremental Build of configuration Debug for project PrimerParcialLaboratorio ****
Info: Internal Builder is used for build
gcc -o PrimerParcialLaboratorio.exe "src\\HojaDeRuta.o" "src\\PrimerParcialLaboratorio.o" "src\\Tipo.o" "src\\Transporte.o" "src\\Validaciones.o" 
16:57:54 **** Incremental Build of configuration Debug for project PrimerParcialLaboratorio ****
Info: Internal Builder is used for build
gcc -O0 -g3 -Wall -c -fmessage-length=0 -o "src\\PrimerParcialLaboratorio.o" "..\\src\\PrimerParcialLaboratorio.c" 
gcc -o PrimerParcialLaboratorio.exe "src\\HojaDeRuta.o" "src\\PrimerParcialLaboratorio.o" "src\\Tipo.o" "src\\Transporte.o" "src\\Validaciones.o" 
c:/mingw/bin/../lib/gcc/mingw32/9.2.0/../../../../mingw32/bin/ld.exe: cannot open output file PrimerParcialLaboratorio.exe: Permission denied
collect2.exe: error: ld returned 1 exit status
16:57:57 **** Incremental Build of configuration Debug for project PrimerParcialLaboratorio ****
Info: Internal Builder is used for build
gcc -o PrimerParcialLaboratorio.exe "src\\HojaDeRuta.o" "src\\PrimerParcialLaboratorio.o" "src\\Tipo.o" "src\\Transporte.o" "src\\Validaciones.o" 
16:58:19 **** Incremental Build of configuration Debug for project PrimerParcialLaboratorio ****
Info: Internal Builder is used for build
gcc -O0 -g3 -Wall -c -fmessage-length=0 -o "src\\PrimerParcialLaboratorio.o" "..\\src\\PrimerParcialLaboratorio.c" 
gcc -o PrimerParcialLaboratorio.exe "src\\HojaDeRuta.o" "src\\PrimerParcialLaboratorio.o" "src\\Tipo.o" "src\\Transporte.o" "src\\Validaciones.o" 
c:/mingw/bin/../lib/gcc/mingw32/9.2.0/../../../../mingw32/bin/ld.exe: cannot open output file PrimerParcialLaboratorio.exe: Permission denied
collect2.exe: error: ld returned 1 exit status
17:02:18 **** Incremental Build of configuration Debug for project PrimerParcialLaboratorio ****
Info: Internal Builder is used for build
gcc -o PrimerParcialLaboratorio.exe "src\\HojaDeRuta.o" "src\\PrimerParcialLaboratorio.o" "src\\Tipo.o" "src\\Transporte.o" "src\\Validaciones.o" 
17:06:32 **** Incremental Build of configuration Debug for project PrimerParcialLaboratorio ****
Info: Internal Builder is used for build
gcc -O0 -g3 -Wall -c -fmessage-length=0 -o "src\\HojaDeRuta.o" "..\\src\\HojaDeRuta.c" 
gcc -o PrimerParcialLaboratorio.exe "src\\HojaDeRuta.o" "src\\PrimerParcialLaboratorio.o" "src\\Tipo.o" "src\\Transporte.o" "src\\Validaciones.o" 
17:08:30 **** Incremental Build of configuration Debug for project PrimerParcialLaboratorio ****
Info: Internal Builder is used for build
gcc -O0 -g3 -Wall -c -fmessage-length=0 -o "src\\HojaDeRuta.o" "..\\src\\HojaDeRuta.c" 
..\src\HojaDeRuta.c: In function 'darAltaHojaDeRuta':
..\src\HojaDeRuta.c:58:6: warning: unused variable 'idtransporte' [-Wunused-variable]
   58 |  int idtransporte;
      |      ^~~~~~~~~~~~
gcc -o PrimerParcialLaboratorio.exe "src\\HojaDeRuta.o" "src\\PrimerParcialLaboratorio.o" "src\\Tipo.o" "src\\Transporte.o" "src\\Validaciones.o" 
17:08:40 **** Incremental Build of configuration Debug for project PrimerParcialLaboratorio ****
Info: Internal Builder is used for build
gcc -O0 -g3 -Wall -c -fmessage-length=0 -o "src\\HojaDeRuta.o" "..\\src\\HojaDeRuta.c" 
gcc -o PrimerParcialLaboratorio.exe "src\\HojaDeRuta.o" "src\\PrimerParcialLaboratorio.o" "src\\Tipo.o" "src\\Transporte.o" "src\\Validaciones.o" 
Info: Nothing to build for PrimerParcialLaboratorio
17:10:42 **** Incremental Build of configuration Debug for project PrimerParcialLaboratorio ****
Info: Internal Builder is used for build
gcc -O0 -g3 -Wall -c -fmessage-length=0 -o "src\\HojaDeRuta.o" "..\\src\\HojaDeRuta.c" 
gcc -o PrimerParcialLaboratorio.exe "src\\HojaDeRuta.o" "src\\PrimerParcialLaboratorio.o" "src\\Tipo.o" "src\\Transporte.o" "src\\Validaciones.o" 
c:/mingw/bin/../lib/gcc/mingw32/9.2.0/../../../../mingw32/bin/ld.exe: cannot open output file PrimerParcialLaboratorio.exe: Permission denied
collect2.exe: error: ld returned 1 exit status
17:10:42 **** Incremental Build of configuration Debug for project PrimerParcialLaboratorio ****
Info: Internal Builder is used for build
gcc -o PrimerParcialLaboratorio.exe "src\\HojaDeRuta.o" "src\\PrimerParcialLaboratorio.o" "src\\Tipo.o" "src\\Transporte.o" "src\\Validaciones.o" 
17:11:26 **** Incremental Build of configuration Debug for project PrimerParcialLaboratorio ****
Info: Internal Builder is used for build
gcc -O0 -g3 -Wall -c -fmessage-length=0 -o "src\\HojaDeRuta.o" "..\\src\\HojaDeRuta.c" 
gcc -o PrimerParcialLaboratorio.exe "src\\HojaDeRuta.o" "src\\PrimerParcialLaboratorio.o" "src\\Tipo.o" "src\\Transporte.o" "src\\Validaciones.o" 
c:/mingw/bin/../lib/gcc/mingw32/9.2.0/../../../../mingw32/bin/ld.exe: cannot open output file PrimerParcialLaboratorio.exe: Permission denied
collect2.exe: error: ld returned 1 exit status
17:11:29 **** Incremental Build of configuration Debug for project PrimerParcialLaboratorio ****
Info: Internal Builder is used for build
gcc -o PrimerParcialLaboratorio.exe "src\\HojaDeRuta.o" "src\\PrimerParcialLaboratorio.o" "src\\Tipo.o" "src\\Transporte.o" "src\\Validaciones.o" 
17:24:52 **** Incremental Build of configuration Debug for project PrimerParcialLaboratorio ****
Info: Internal Builder is used for build
gcc -O0 -g3 -Wall -c -fmessage-length=0 -o "src\\HojaDeRuta.o" "..\\src\\HojaDeRuta.c" 
gcc -o PrimerParcialLaboratorio.exe "src\\HojaDeRuta.o" "src\\PrimerParcialLaboratorio.o" "src\\Tipo.o" "src\\Transporte.o" "src\\Validaciones.o" 
c:/mingw/bin/../lib/gcc/mingw32/9.2.0/../../../../mingw32/bin/ld.exe: cannot open output file PrimerParcialLaboratorio.exe: Permission denied
collect2.exe: error: ld returned 1 exit status
17:24:57 **** Incremental Build of configuration Debug for project PrimerParcialLaboratorio ****
Info: Internal Builder is used for build
gcc -o PrimerParcialLaboratorio.exe "src\\HojaDeRuta.o" "src\\PrimerParcialLaboratorio.o" "src\\Tipo.o" "src\\Transporte.o" "src\\Validaciones.o" 
17:25:56 **** Incremental Build of configuration Debug for project PrimerParcialLaboratorio ****
Info: Internal Builder is used for build
gcc -O0 -g3 -Wall -c -fmessage-length=0 -o "src\\HojaDeRuta.o" "..\\src\\HojaDeRuta.c" 
gcc -o PrimerParcialLaboratorio.exe "src\\HojaDeRuta.o" "src\\PrimerParcialLaboratorio.o" "src\\Tipo.o" "src\\Transporte.o" "src\\Validaciones.o" 
c:/mingw/bin/../lib/gcc/mingw32/9.2.0/../../../../mingw32/bin/ld.exe: cannot open output file PrimerParcialLaboratorio.exe: Permission denied
collect2.exe: error: ld returned 1 exit status
17:26:04 **** Incremental Build of configuration Debug for project PrimerParcialLaboratorio ****
Info: Internal Builder is used for build
gcc -O0 -g3 -Wall -c -fmessage-length=0 -o "src\\HojaDeRuta.o" "..\\src\\HojaDeRuta.c" 
gcc -o PrimerParcialLaboratorio.exe "src\\HojaDeRuta.o" "src\\PrimerParcialLaboratorio.o" "src\\Tipo.o" "src\\Transporte.o" "src\\Validaciones.o" 
